/hildafs/projects/phy220048p/tcabrera/bbhagn/bbhagn/plots/association_pdf_grid/association_pdf_grid.py:382: UserWarning: This figure includes Axes that are not compatible with tight_layout, so results might be incorrect.
  plt.tight_layout()
Usage: python association_pdf_grid.py <path_to_directory>
Defaulting to array jobs [11].
Signal: 0.0
Signals: GW190424_180648    0.000000
GW190514_065416    0.000060
GW190521           0.000071
GW190803_022701    0.000000
GW190909_114149    0.000000
GW190403_051519    0.000016
GW200216_220804    0.000000
GW200220_124850    0.000000
Name: J124942.30+344928.9, dtype: float64
Background: 1.0
Signal: 6.003862850477028e-05
Signals: GW190424_180648    0.000000
GW190514_065416    0.000060
GW190521           0.000071
GW190803_022701    0.000000
GW190909_114149    0.000000
GW190403_051519    0.000016
GW200216_220804    0.000000
GW200220_124850    0.000000
Name: J124942.30+344928.9, dtype: float64
Background: 3.43979196275998e-05
Signal: 7.105400830142702e-05
Signals: GW190424_180648    0.000000
GW190514_065416    0.000060
GW190521           0.000071
GW190803_022701    0.000000
GW190909_114149    0.000000
GW190403_051519    0.000016
GW200216_220804    0.000000
GW200220_124850    0.000000
Name: J124942.30+344928.9, dtype: float64
Background: 2.4769565736055e-05
Signal: 0.0
Signals: GW190424_180648    0.000000
GW190514_065416    0.000060
GW190521           0.000071
GW190803_022701    0.000000
GW190909_114149    0.000000
GW190403_051519    0.000016
GW200216_220804    0.000000
GW200220_124850    0.000000
Name: J124942.30+344928.9, dtype: float64
Background: 1.0
Signal: 0.0
Signals: GW190424_180648    0.000000
GW190514_065416    0.000060
GW190521           0.000071
GW190803_022701    0.000000
GW190909_114149    0.000000
GW190403_051519    0.000016
GW200216_220804    0.000000
GW200220_124850    0.000000
Name: J124942.30+344928.9, dtype: float64
Background: 1.0
Signal: 1.568532020231877e-05
Signals: GW190424_180648    0.000000
GW190514_065416    0.000060
GW190521           0.000071
GW190803_022701    0.000000
GW190909_114149    0.000000
GW190403_051519    0.000016
GW200216_220804    0.000000
GW200220_124850    0.000000
Name: J124942.30+344928.9, dtype: float64
Background: 2.6658071859678816e-05
Signal: 0.0
Signals: GW190424_180648    0.000000
GW190514_065416    0.000060
GW190521           0.000071
GW190803_022701    0.000000
GW190909_114149    0.000000
GW190403_051519    0.000016
GW200216_220804    0.000000
GW200220_124850    0.000000
Name: J124942.30+344928.9, dtype: float64
Background: 1.0
Signal: 0.0
Signals: GW190424_180648    0.000000
GW190514_065416    0.000060
GW190521           0.000071
GW190803_022701    0.000000
GW190909_114149    0.000000
GW190403_051519    0.000016
GW200216_220804    0.000000
GW200220_124850    0.000000
Name: J124942.30+344928.9, dtype: float64
Background: 1.0
Signal: 0.0
Signals: GW190424_180648    0.000000e+00
GW190514_065416    0.000000e+00
GW190521           0.000000e+00
GW190803_022701    0.000000e+00
GW190909_114149    0.000000e+00
GW190403_051519    9.348795e-08
GW200216_220804    0.000000e+00
GW200220_124850    0.000000e+00
Name: J183412.42+365655.3, dtype: float64
Background: 1.0
Signal: 0.0
Signals: GW190424_180648    0.000000e+00
GW190514_065416    0.000000e+00
GW190521           0.000000e+00
GW190803_022701    0.000000e+00
GW190909_114149    0.000000e+00
GW190403_051519    9.348795e-08
GW200216_220804    0.000000e+00
GW200220_124850    0.000000e+00
Name: J183412.42+365655.3, dtype: float64
Background: 1.0
Signal: 0.0
Signals: GW190424_180648    0.000000e+00
GW190514_065416    0.000000e+00
GW190521           0.000000e+00
GW190803_022701    0.000000e+00
GW190909_114149    0.000000e+00
GW190403_051519    9.348795e-08
GW200216_220804    0.000000e+00
GW200220_124850    0.000000e+00
Name: J183412.42+365655.3, dtype: float64
Background: 1.0
Signal: 0.0
Signals: GW190424_180648    0.000000e+00
GW190514_065416    0.000000e+00
GW190521           0.000000e+00
GW190803_022701    0.000000e+00
GW190909_114149    0.000000e+00
GW190403_051519    9.348795e-08
GW200216_220804    0.000000e+00
GW200220_124850    0.000000e+00
Name: J183412.42+365655.3, dtype: float64
Background: 1.0
Signal: 0.0
Signals: GW190424_180648    0.000000e+00
GW190514_065416    0.000000e+00
GW190521           0.000000e+00
GW190803_022701    0.000000e+00
GW190909_114149    0.000000e+00
GW190403_051519    9.348795e-08
GW200216_220804    0.000000e+00
GW200220_124850    0.000000e+00
Name: J183412.42+365655.3, dtype: float64
Background: 1.0
Signal: 9.348794763103125e-08
Signals: GW190424_180648    0.000000e+00
GW190514_065416    0.000000e+00
GW190521           0.000000e+00
GW190803_022701    0.000000e+00
GW190909_114149    0.000000e+00
GW190403_051519    9.348795e-08
GW200216_220804    0.000000e+00
GW200220_124850    0.000000e+00
Name: J183412.42+365655.3, dtype: float64
Background: 2.6227154681330625e-05
Signal: 0.0
Signals: GW190424_180648    0.000000e+00
GW190514_065416    0.000000e+00
GW190521           0.000000e+00
GW190803_022701    0.000000e+00
GW190909_114149    0.000000e+00
GW190403_051519    9.348795e-08
GW200216_220804    0.000000e+00
GW200220_124850    0.000000e+00
Name: J183412.42+365655.3, dtype: float64
Background: 1.0
Signal: 0.0
Signals: GW190424_180648    0.000000e+00
GW190514_065416    0.000000e+00
GW190521           0.000000e+00
GW190803_022701    0.000000e+00
GW190909_114149    0.000000e+00
GW190403_051519    9.348795e-08
GW200216_220804    0.000000e+00
GW200220_124850    0.000000e+00
Name: J183412.42+365655.3, dtype: float64
Background: 1.0
Signal: 0.0001225085429945
Signals: GW190424_180648    0.000123
GW190514_065416    0.000000
GW190521           0.000000
GW190803_022701    0.000000
GW190909_114149    0.000000
GW190403_051519    0.000000
GW200216_220804    0.000000
GW200220_124850    0.000000
Name: J181719.94+541910.0, dtype: float64
Background: 2.479211176419427e-05
Signal: 0.0
Signals: GW190424_180648    0.000123
GW190514_065416    0.000000
GW190521           0.000000
GW190803_022701    0.000000
GW190909_114149    0.000000
GW190403_051519    0.000000
GW200216_220804    0.000000
GW200220_124850    0.000000
Name: J181719.94+541910.0, dtype: float64
Background: 1.0
Signal: 0.0
Signals: GW190424_180648    0.000123
GW190514_065416    0.000000
GW190521           0.000000
GW190803_022701    0.000000
GW190909_114149    0.000000
GW190403_051519    0.000000
GW200216_220804    0.000000
GW200220_124850    0.000000
Name: J181719.94+541910.0, dtype: float64
Background: 1.0
Signal: 0.0
Signals: GW190424_180648    0.000123
GW190514_065416    0.000000
GW190521           0.000000
GW190803_022701    0.000000
GW190909_114149    0.000000
GW190403_051519    0.000000
GW200216_220804    0.000000
GW200220_124850    0.000000
Name: J181719.94+541910.0, dtype: float64
Background: 1.0
Signal: 0.0
Signals: GW190424_180648    0.000123
GW190514_065416    0.000000
GW190521           0.000000
GW190803_022701    0.000000
GW190909_114149    0.000000
GW190403_051519    0.000000
GW200216_220804    0.000000
GW200220_124850    0.000000
Name: J181719.94+541910.0, dtype: float64
Background: 1.0
Signal: 0.0
Signals: GW190424_180648    0.000123
GW190514_065416    0.000000
GW190521           0.000000
GW190803_022701    0.000000
GW190909_114149    0.000000
GW190403_051519    0.000000
GW200216_220804    0.000000
GW200220_124850    0.000000
Name: J181719.94+541910.0, dtype: float64
Background: 1.0
Signal: 0.0
Signals: GW190424_180648    0.000123
GW190514_065416    0.000000
GW190521           0.000000
GW190803_022701    0.000000
GW190909_114149    0.000000
GW190403_051519    0.000000
GW200216_220804    0.000000
GW200220_124850    0.000000
Name: J181719.94+541910.0, dtype: float64
Background: 1.0
Signal: 0.0
Signals: GW190424_180648    0.000123
GW190514_065416    0.000000
GW190521           0.000000
GW190803_022701    0.000000
GW190909_114149    0.000000
GW190403_051519    0.000000
GW200216_220804    0.000000
GW200220_124850    0.000000
Name: J181719.94+541910.0, dtype: float64
Background: 1.0
Signal: 0.0
Signals: GW190424_180648    0.000000
GW190514_065416    0.000057
GW190521           0.000000
GW190803_022701    0.000000
GW190909_114149    0.000000
GW190403_051519    0.000000
GW200216_220804    0.000000
GW200220_124850    0.000000
Name: J224333.95+760619.2, dtype: float64
Background: 1.0
Signal: 5.743546736317779e-05
Signals: GW190424_180648    0.000000
GW190514_065416    0.000057
GW190521           0.000000
GW190803_022701    0.000000
GW190909_114149    0.000000
GW190403_051519    0.000000
GW200216_220804    0.000000
GW200220_124850    0.000000
Name: J224333.95+760619.2, dtype: float64
Background: 2.5088426035125216e-05
Signal: 0.0
Signals: GW190424_180648    0.000000
GW190514_065416    0.000057
GW190521           0.000000
GW190803_022701    0.000000
GW190909_114149    0.000000
GW190403_051519    0.000000
GW200216_220804    0.000000
GW200220_124850    0.000000
Name: J224333.95+760619.2, dtype: float64
Background: 1.0
Signal: 0.0
Signals: GW190424_180648    0.000000
GW190514_065416    0.000057
GW190521           0.000000
GW190803_022701    0.000000
GW190909_114149    0.000000
GW190403_051519    0.000000
GW200216_220804    0.000000
GW200220_124850    0.000000
Name: J224333.95+760619.2, dtype: float64
Background: 1.0
Signal: 0.0
Signals: GW190424_180648    0.000000
GW190514_065416    0.000057
GW190521           0.000000
GW190803_022701    0.000000
GW190909_114149    0.000000
GW190403_051519    0.000000
GW200216_220804    0.000000
GW200220_124850    0.000000
Name: J224333.95+760619.2, dtype: float64
Background: 1.0
Signal: 0.0
Signals: GW190424_180648    0.000000
GW190514_065416    0.000057
GW190521           0.000000
GW190803_022701    0.000000
GW190909_114149    0.000000
GW190403_051519    0.000000
GW200216_220804    0.000000
GW200220_124850    0.000000
Name: J224333.95+760619.2, dtype: float64
Background: 1.0
Signal: 0.0
Signals: GW190424_180648    0.000000
GW190514_065416    0.000057
GW190521           0.000000
GW190803_022701    0.000000
GW190909_114149    0.000000
GW190403_051519    0.000000
GW200216_220804    0.000000
GW200220_124850    0.000000
Name: J224333.95+760619.2, dtype: float64
Background: 1.0
Signal: 0.0
Signals: GW190424_180648    0.000000
GW190514_065416    0.000057
GW190521           0.000000
GW190803_022701    0.000000
GW190909_114149    0.000000
GW190403_051519    0.000000
GW200216_220804    0.000000
GW200220_124850    0.000000
Name: J224333.95+760619.2, dtype: float64
Background: 1.0
Signal: 0.0
Signals: GW190424_180648    0.000000
GW190514_065416    0.000000
GW190521           0.000000
GW190803_022701    0.000046
GW190909_114149    0.000554
GW190403_051519    0.000000
GW200216_220804    0.000000
GW200220_124850    0.000000
Name: J120437.98+500024.0, dtype: float64
Background: 1.0
Signal: 0.0
Signals: GW190424_180648    0.000000
GW190514_065416    0.000000
GW190521           0.000000
GW190803_022701    0.000046
GW190909_114149    0.000554
GW190403_051519    0.000000
GW200216_220804    0.000000
GW200220_124850    0.000000
Name: J120437.98+500024.0, dtype: float64
Background: 1.0
Signal: 0.0
Signals: GW190424_180648    0.000000
GW190514_065416    0.000000
GW190521           0.000000
GW190803_022701    0.000046
GW190909_114149    0.000554
GW190403_051519    0.000000
GW200216_220804    0.000000
GW200220_124850    0.000000
Name: J120437.98+500024.0, dtype: float64
Background: 1.0
Signal: 4.605915786278385e-05
Signals: GW190424_180648    0.000000
GW190514_065416    0.000000
GW190521           0.000000
GW190803_022701    0.000046
GW190909_114149    0.000554
GW190403_051519    0.000000
GW200216_220804    0.000000
GW200220_124850    0.000000
Name: J120437.98+500024.0, dtype: float64
Background: 4.941966788579413e-05
Signal: 0.0005538119617097
Signals: GW190424_180648    0.000000
GW190514_065416    0.000000
GW190521           0.000000
GW190803_022701    0.000046
GW190909_114149    0.000554
GW190403_051519    0.000000
GW200216_220804    0.000000
GW200220_124850    0.000000
Name: J120437.98+500024.0, dtype: float64
Background: 2.7408587946488173e-05
Signal: 0.0
Signals: GW190424_180648    0.000000
GW190514_065416    0.000000
GW190521           0.000000
GW190803_022701    0.000046
GW190909_114149    0.000554
GW190403_051519    0.000000
GW200216_220804    0.000000
GW200220_124850    0.000000
Name: J120437.98+500024.0, dtype: float64
Background: 1.0
Signal: 0.0
Signals: GW190424_180648    0.000000
GW190514_065416    0.000000
GW190521           0.000000
GW190803_022701    0.000046
GW190909_114149    0.000554
GW190403_051519    0.000000
GW200216_220804    0.000000
GW200220_124850    0.000000
Name: J120437.98+500024.0, dtype: float64
Background: 1.0
Signal: 0.0
Signals: GW190424_180648    0.000000
GW190514_065416    0.000000
GW190521           0.000000
GW190803_022701    0.000046
GW190909_114149    0.000554
GW190403_051519    0.000000
GW200216_220804    0.000000
GW200220_124850    0.000000
Name: J120437.98+500024.0, dtype: float64
Background: 1.0
Signal: 0.0
Signals: GW190424_180648    0.000000
GW190514_065416    0.000000
GW190521           0.000000
GW190803_022701    0.000000
GW190909_114149    0.000000
GW190403_051519    0.000000
GW200216_220804    0.000262
GW200220_124850    0.000228
Name: J154342.46+461233.4, dtype: float64
Background: 1.0
Signal: 0.0
Signals: GW190424_180648    0.000000
GW190514_065416    0.000000
GW190521           0.000000
GW190803_022701    0.000000
GW190909_114149    0.000000
GW190403_051519    0.000000
GW200216_220804    0.000262
GW200220_124850    0.000228
Name: J154342.46+461233.4, dtype: float64
Background: 1.0
Signal: 0.0
Signals: GW190424_180648    0.000000
GW190514_065416    0.000000
GW190521           0.000000
GW190803_022701    0.000000
GW190909_114149    0.000000
GW190403_051519    0.000000
GW200216_220804    0.000262
GW200220_124850    0.000228
Name: J154342.46+461233.4, dtype: float64
Background: 1.0
Signal: 0.0
Signals: GW190424_180648    0.000000
GW190514_065416    0.000000
GW190521           0.000000
GW190803_022701    0.000000
GW190909_114149    0.000000
GW190403_051519    0.000000
GW200216_220804    0.000262
GW200220_124850    0.000228
Name: J154342.46+461233.4, dtype: float64
Background: 1.0
Signal: 0.0
Signals: GW190424_180648    0.000000
GW190514_065416    0.000000
GW190521           0.000000
GW190803_022701    0.000000
GW190909_114149    0.000000
GW190403_051519    0.000000
GW200216_220804    0.000262
GW200220_124850    0.000228
Name: J154342.46+461233.4, dtype: float64
Background: 1.0
Signal: 0.0
Signals: GW190424_180648    0.000000
GW190514_065416    0.000000
GW190521           0.000000
GW190803_022701    0.000000
GW190909_114149    0.000000
GW190403_051519    0.000000
GW200216_220804    0.000262
GW200220_124850    0.000228
Name: J154342.46+461233.4, dtype: float64
Background: 1.0
Signal: 0.0002624375236321
Signals: GW190424_180648    0.000000
GW190514_065416    0.000000
GW190521           0.000000
GW190803_022701    0.000000
GW190909_114149    0.000000
GW190403_051519    0.000000
GW200216_220804    0.000262
GW200220_124850    0.000228
Name: J154342.46+461233.4, dtype: float64
Background: 5.967553276796371e-05
Signal: 0.0002280967944511
Signals: GW190424_180648    0.000000
GW190514_065416    0.000000
GW190521           0.000000
GW190803_022701    0.000000
GW190909_114149    0.000000
GW190403_051519    0.000000
GW200216_220804    0.000262
GW200220_124850    0.000228
Name: J154342.46+461233.4, dtype: float64
Background: 3.475902959109814e-05
