******************** Initializing ********************
******************** Preparing inputs ********************
Setting up science...

 J124942.30+344928.9
g 2.12e-06
r 2.12e-06

 J183412.42+365655.3
g 2.12e-06
r 2.12e-06

 J181719.94+541910.0
g 2.12e-06
r 2.12e-06

 J224333.95+760619.2
g 2.12e-06
r 2.12e-06

 J120437.98+500024.0
g 2.12e-06
r 2.12e-06

 J154342.46+461233.4
g 2.12e-06
r 2.12e-06
******************************
******************************Index 0

******************************Index 1
******************************

Index 2
************************************************************Index 8


******************************Index 4
Index 3

******************************Index 5

******************************
Index 7
Index 6
******************************
Index 9
******************************
Index 10
******************************
Index 11
GW190512_180714
Loading skymap...
GW190412
GW190413_052954Loading skymap...

Loading skymap...
GW190408_181802
Loading skymap...
GW190503_185404
Loading skymap...GW190425

Loading skymap...
GW190424_180648GW190421_213856

Loading skymap...Loading skymap...

GW190426_152155
Loading skymap...
GW190413_134308
Loading skymap...
GW190514_065416
Loading skymap...
******************************
Index 13
GW190513_205428
Loading skymap...
******************************
Index 12
******************************
Index 14
******************************
Index 15
******************************
Index 16
******************************
Index 18
GW190519_153544
Loading skymap...
GW190517_055101
Loading skymap...
******************************
Index 17
GW190527_092055GW190521_074359

Loading skymap...Loading skymap...

GW190521
Loading skymap...
GW190620_030421
Loading skymap...
******************************
Index 19
GW190602_175927
Loading skymap...
GW190630_185205
Loading skymap...
******************************
Index 20
******************************
Index 21
GW190701_203306
Loading skymap...
GW190706_222641
Loading skymap...
******************************
Index 22
******************************
Index 23
GW190707_093326
Loading skymap...
GW190708_232457
Loading skymap...
******************************
Index 24
GW190719_215514
Loading skymap...
******************************
Index 25
******************************
Index 26
******************************
Index 27
GW190720_000836
Loading skymap...
******************************
Index 28
******************************
Index 29
GW190728_064510
Loading skymap...
GW190727_060333
Loading skymap...
******************************
******************************Index 31

Index 30
GW190731_140936
Loading skymap...
GW190803_022701
Loading skymap...
GW190814GW190828_063405

Loading skymap...Loading skymap...

Loading flares...
Loading flares...Loading flares...

Loading flares...Loading flares...Loading flares...


Loading flares...
Loading flares...
Loading flares...Loading flares...

Loading flares...Loading flares...

Loading flares...Loading flares...Loading flares...Loading flares...



Loading flares...
Loading flares...
Loading flares...
Calculating background rate...Calculating background rate...

Calculating background rate...
Calculating background rate...Calculating background rate...Calculating background rate...Calculating background rate...
Calculating background rate...Calculating background rate...
Calculating background rate...

Calculating background rate...
Calculating background rate...
Calculating background rate...
Calculating background rate...Calculating background rate...

Calculating background rate...



Loading flares...
Calculating background rate...
Calculating background rate...
Loading flares...
Loading flares...
Loading flares...Loading flares...

Calculating background rate...
Loading flares...
Calculating background rate...
Calculating background rate...
Calculating background rate...
Calculating background rate...
Calculating background rate...
Loading flares...Loading flares...

Loading flares...
Loading flares...
Calculating background rate...
Loading flares...
Calculating background rate...
Calculating background rate...Calculating background rate...Calculating background rate...


Calculating background rate...
Loading flares...
Calculating background rate...
Loading flares...
Calculating background rate...
WARNING: UnitsWarning: 'pct' did not parse as fits unit: At col 0, Unit 'pct' not supported by the FITS standard. Did you mean PC, PT, cT, ct, pC, pT or pc? If this is meant to be a custom unit, define it with 'u.def_unit'. To have it recognized inside a file reader or other code, enable it with 'u.add_enabled_units'. For details, see https://docs.astropy.org/en/latest/units/combining_and_defining.html [astropy.units.core]
WARNING: UnitsWarning: 'pct' did not parse as fits unit: At col 0, Unit 'pct' not supported by the FITS standard. Did you mean PC, PT, cT, ct, pC, pT or pc? If this is meant to be a custom unit, define it with 'u.def_unit'. To have it recognized inside a file reader or other code, enable it with 'u.add_enabled_units'. For details, see https://docs.astropy.org/en/latest/units/combining_and_defining.html [astropy.units.core]
WARNING: UnitsWarning: 'pct' did not parse as fits unit: At col 0, Unit 'pct' not supported by the FITS standard. Did you mean PC, PT, cT, ct, pC, pT or pc? If this is meant to be a custom unit, define it with 'u.def_unit'. To have it recognized inside a file reader or other code, enable it with 'u.add_enabled_units'. For details, see https://docs.astropy.org/en/latest/units/combining_and_defining.html [astropy.units.core]
WARNING: UnitsWarning: 'pct' did not parse as fits unit: At col 0, Unit 'pct' not supported by the FITS standard. Did you mean PC, PT, cT, ct, pC, pT or pc? If this is meant to be a custom unit, define it with 'u.def_unit'. To have it recognized inside a file reader or other code, enable it with 'u.add_enabled_units'. For details, see https://docs.astropy.org/en/latest/units/combining_and_defining.html [astropy.units.core]
WARNING: UnitsWarning: 'pct' did not parse as fits unit: At col 0, Unit 'pct' not supported by the FITS standard. Did you mean PC, PT, cT, ct, pC, pT or pc? If this is meant to be a custom unit, define it with 'u.def_unit'. To have it recognized inside a file reader or other code, enable it with 'u.add_enabled_units'. For details, see https://docs.astropy.org/en/latest/units/combining_and_defining.html [astropy.units.core]
WARNING: UnitsWarning: 'pct' did not parse as fits unit: At col 0, Unit 'pct' not supported by the FITS standard. Did you mean PC, PT, cT, ct, pC, pT or pc? If this is meant to be a custom unit, define it with 'u.def_unit'. To have it recognized inside a file reader or other code, enable it with 'u.add_enabled_units'. For details, see https://docs.astropy.org/en/latest/units/combining_and_defining.html [astropy.units.core]
WARNING: UnitsWarning: 'pct' did not parse as fits unit: At col 0, Unit 'pct' not supported by the FITS standard. Did you mean PC, PT, cT, ct, pC, pT or pc? If this is meant to be a custom unit, define it with 'u.def_unit'. To have it recognized inside a file reader or other code, enable it with 'u.add_enabled_units'. For details, see https://docs.astropy.org/en/latest/units/combining_and_defining.html [astropy.units.core]
WARNING: UnitsWarning: 'pct' did not parse as fits unit: At col 0, Unit 'pct' not supported by the FITS standard. Did you mean PC, PT, cT, ct, pC, pT or pc? If this is meant to be a custom unit, define it with 'u.def_unit'. To have it recognized inside a file reader or other code, enable it with 'u.add_enabled_units'. For details, see https://docs.astropy.org/en/latest/units/combining_and_defining.html [astropy.units.core]
WARNING: UnitsWarning: 'pct' did not parse as fits unit: At col 0, Unit 'pct' not supported by the FITS standard. Did you mean PC, PT, cT, ct, pC, pT or pc? If this is meant to be a custom unit, define it with 'u.def_unit'. To have it recognized inside a file reader or other code, enable it with 'u.add_enabled_units'. For details, see https://docs.astropy.org/en/latest/units/combining_and_defining.html [astropy.units.core]
WARNING: UnitsWarning: 'pct' did not parse as fits unit: At col 0, Unit 'pct' not supported by the FITS standard. Did you mean PC, PT, cT, ct, pC, pT or pc? If this is meant to be a custom unit, define it with 'u.def_unit'. To have it recognized inside a file reader or other code, enable it with 'u.add_enabled_units'. For details, see https://docs.astropy.org/en/latest/units/combining_and_defining.html [astropy.units.core]
WARNING: UnitsWarning: 'pct' did not parse as fits unit: At col 0, Unit 'pct' not supported by the FITS standard. Did you mean PC, PT, cT, ct, pC, pT or pc? If this is meant to be a custom unit, define it with 'u.def_unit'. To have it recognized inside a file reader or other code, enable it with 'u.add_enabled_units'. For details, see https://docs.astropy.org/en/latest/units/combining_and_defining.html [astropy.units.core]
WARNINGWARNING: UnitsWarning: 'pct' did not parse as fits unit: At col 0, Unit 'pct' not supported by the FITS standard. Did you mean PC, PT, cT, ct, pC, pT or pc? If this is meant to be a custom unit, define it with 'u.def_unit'. To have it recognized inside a file reader or other code, enable it with 'u.add_enabled_units'. For details, see https://docs.astropy.org/en/latest/units/combining_and_defining.html [astropy.units.core]: UnitsWarning: 'pct' did not parse as fits unit: At col 0, Unit 'pct' not supported by the FITS standard. Did you mean PC, PT, cT, ct, pC, pT or pc? If this is meant to be a custom unit, define it with 'u.def_unit'. To have it recognized inside a file reader or other code, enable it with 'u.add_enabled_units'. For details, see https://docs.astropy.org/en/latest/units/combining_and_defining.html [astropy.units.core]

WARNING: UnitsWarning: 'pct' did not parse as fits unit: At col 0, Unit 'pct' not supported by the FITS standard. Did you mean PC, PT, cT, ct, pC, pT or pc? If this is meant to be a custom unit, define it with 'u.def_unit'. To have it recognized inside a file reader or other code, enable it with 'u.add_enabled_units'. For details, see https://docs.astropy.org/en/latest/units/combining_and_defining.html [astropy.units.core]
WARNING: UnitsWarning: 'pct' did not parse as fits unit: At col 0, Unit 'pct' not supported by the FITS standard. Did you mean PC, PT, cT, ct, pC, pT or pc? If this is meant to be a custom unit, define it with 'u.def_unit'. To have it recognized inside a file reader or other code, enable it with 'u.add_enabled_units'. For details, see https://docs.astropy.org/en/latest/units/combining_and_defining.html [astropy.units.core]
WARNING: UnitsWarning: 'pct' did not parse as fits unit: At col 0, Unit 'pct' not supported by the FITS standard. Did you mean PC, PT, cT, ct, pC, pT or pc? If this is meant to be a custom unit, define it with 'u.def_unit'. To have it recognized inside a file reader or other code, enable it with 'u.add_enabled_units'. For details, see https://docs.astropy.org/en/latest/units/combining_and_defining.html [astropy.units.core]
WARNING: UnitsWarning: 'pct' did not parse as fits unit: At col 0, Unit 'pct' not supported by the FITS standard. Did you mean PC, PT, cT, ct, pC, pT or pc? If this is meant to be a custom unit, define it with 'u.def_unit'. To have it recognized inside a file reader or other code, enable it with 'u.add_enabled_units'. For details, see https://docs.astropy.org/en/latest/units/combining_and_defining.html [astropy.units.core]
WARNING: UnitsWarning: 'pct' did not parse as fits unit: At col 0, Unit 'pct' not supported by the FITS standard. Did you mean PC, PT, cT, ct, pC, pT or pc? If this is meant to be a custom unit, define it with 'u.def_unit'. To have it recognized inside a file reader or other code, enable it with 'u.add_enabled_units'. For details, see https://docs.astropy.org/en/latest/units/combining_and_defining.html [astropy.units.core]
WARNING: UnitsWarning: 'pct' did not parse as fits unit: At col 0, Unit 'pct' not supported by the FITS standard. Did you mean PC, PT, cT, ct, pC, pT or pc? If this is meant to be a custom unit, define it with 'u.def_unit'. To have it recognized inside a file reader or other code, enable it with 'u.add_enabled_units'. For details, see https://docs.astropy.org/en/latest/units/combining_and_defining.html [astropy.units.core]
WARNING: UnitsWarning: 'pct' did not parse as fits unit: At col 0, Unit 'pct' not supported by the FITS standard. Did you mean PC, PT, cT, ct, pC, pT or pc? If this is meant to be a custom unit, define it with 'u.def_unit'. To have it recognized inside a file reader or other code, enable it with 'u.add_enabled_units'. For details, see https://docs.astropy.org/en/latest/units/combining_and_defining.html [astropy.units.core]
WARNING: UnitsWarning: 'pct' did not parse as fits unit: At col 0, Unit 'pct' not supported by the FITS standard. Did you mean PC, PT, cT, ct, pC, pT or pc? If this is meant to be a custom unit, define it with 'u.def_unit'. To have it recognized inside a file reader or other code, enable it with 'u.add_enabled_units'. For details, see https://docs.astropy.org/en/latest/units/combining_and_defining.html [astropy.units.core]
WARNING: UnitsWarning: 'pct' did not parse as fits unit: At col 0, Unit 'pct' not supported by the FITS standard. Did you mean PC, PT, cT, ct, pC, pT or pc? If this is meant to be a custom unit, define it with 'u.def_unit'. To have it recognized inside a file reader or other code, enable it with 'u.add_enabled_units'. For details, see https://docs.astropy.org/en/latest/units/combining_and_defining.html [astropy.units.core]
WARNING: UnitsWarning: 'pct' did not parse as fits unit: At col 0, Unit 'pct' not supported by the FITS standard. Did you mean PC, PT, cT, ct, pC, pT or pc? If this is meant to be a custom unit, define it with 'u.def_unit'. To have it recognized inside a file reader or other code, enable it with 'u.add_enabled_units'. For details, see https://docs.astropy.org/en/latest/units/combining_and_defining.html [astropy.units.core]
WARNING: UnitsWarning: 'pct' did not parse as fits unit: At col 0, Unit 'pct' not supported by the FITS standard. Did you mean PC, PT, cT, ct, pC, pT or pc? If this is meant to be a custom unit, define it with 'u.def_unit'. To have it recognized inside a file reader or other code, enable it with 'u.add_enabled_units'. For details, see https://docs.astropy.org/en/latest/units/combining_and_defining.html [astropy.units.core]
WARNING: UnitsWarning: 'pct' did not parse as fits unit: At col 0, Unit 'pct' not supported by the FITS standard. Did you mean PC, PT, cT, ct, pC, pT or pc? If this is meant to be a custom unit, define it with 'u.def_unit'. To have it recognized inside a file reader or other code, enable it with 'u.add_enabled_units'. For details, see https://docs.astropy.org/en/latest/units/combining_and_defining.html [astropy.units.core]
WARNING: UnitsWarning: 'pct' did not parse as fits unit: At col 0, Unit 'pct' not supported by the FITS standard. Did you mean PC, PT, cT, ct, pC, pT or pc? If this is meant to be a custom unit, define it with 'u.def_unit'. To have it recognized inside a file reader or other code, enable it with 'u.add_enabled_units'. For details, see https://docs.astropy.org/en/latest/units/combining_and_defining.html [astropy.units.core]
WARNING: UnitsWarning: 'pct' did not parse as fits unit: At col 0, Unit 'pct' not supported by the FITS standard. Did you mean PC, PT, cT, ct, pC, pT or pc? If this is meant to be a custom unit, define it with 'u.def_unit'. To have it recognized inside a file reader or other code, enable it with 'u.add_enabled_units'. For details, see https://docs.astropy.org/en/latest/units/combining_and_defining.html [astropy.units.core]
WARNING: UnitsWarning: 'pct' did not parse as fits unit: At col 0, Unit 'pct' not supported by the FITS standard. Did you mean PC, PT, cT, ct, pC, pT or pc? If this is meant to be a custom unit, define it with 'u.def_unit'. To have it recognized inside a file reader or other code, enable it with 'u.add_enabled_units'. For details, see https://docs.astropy.org/en/latest/units/combining_and_defining.html [astropy.units.core]
WARNING: UnitsWarning: 'pct' did not parse as fits unit: At col 0, Unit 'pct' not supported by the FITS standard. Did you mean PC, PT, cT, ct, pC, pT or pc? If this is meant to be a custom unit, define it with 'u.def_unit'. To have it recognized inside a file reader or other code, enable it with 'u.add_enabled_units'. For details, see https://docs.astropy.org/en/latest/units/combining_and_defining.html [astropy.units.core]
WARNING: UnitsWarning: 'pct' did not parse as fits unit: At col 0, Unit 'pct' not supported by the FITS standard. Did you mean PC, PT, cT, ct, pC, pT or pc? If this is meant to be a custom unit, define it with 'u.def_unit'. To have it recognized inside a file reader or other code, enable it with 'u.add_enabled_units'. For details, see https://docs.astropy.org/en/latest/units/combining_and_defining.html [astropy.units.core]
WARNING: UnitsWarning: 'pct' did not parse as fits unit: At col 0, Unit 'pct' not supported by the FITS standard. Did you mean PC, PT, cT, ct, pC, pT or pc? If this is meant to be a custom unit, define it with 'u.def_unit'. To have it recognized inside a file reader or other code, enable it with 'u.add_enabled_units'. For details, see https://docs.astropy.org/en/latest/units/combining_and_defining.html [astropy.units.core]
WARNING: UnitsWarning: 'pct' did not parse as fits unit: At col 0, Unit 'pct' not supported by the FITS standard. Did you mean PC, PT, cT, ct, pC, pT or pc? If this is meant to be a custom unit, define it with 'u.def_unit'. To have it recognized inside a file reader or other code, enable it with 'u.add_enabled_units'. For details, see https://docs.astropy.org/en/latest/units/combining_and_defining.html [astropy.units.core]
******************************
Index 32
GW190828_065509
Loading skymap...
Loading flares...
Calculating background rate...
******************************
Index 33
GW190909_114149
Loading skymap...
Loading flares...
Calculating background rate...
******************************
Index 34
GW190910_112807
Loading skymap...
Loading flares...
Calculating background rate...
******************************
Index 35
GW190915_235702
Loading skymap...
Loading flares...
Calculating background rate...
******************************
Index 36
GW190924_021846
Loading skymap...
Loading flares...
Calculating background rate...
******************************
Index 37
GW190929_012149
Loading skymap...
Loading flares...
Calculating background rate...
******************************
Index 38
GW190930_133541
Loading skymap...
Loading flares...
Calculating background rate...
******************************
Index 39
GW190403_051519
Loading skymap...
Loading flares...
Calculating background rate...
******************************
Index 40
GW190426_190642
Loading skymap...
Loading flares...
Calculating background rate...
******************************
Index 41
GW190725_174728
Loading skymap...
Loading flares...
Calculating background rate...
******************************
Index 42
GW190805_211137
Loading skymap...
Loading flares...
Calculating background rate...
******************************
Index 43
GW190916_200658
Loading skymap...
Loading flares...
Calculating background rate...
******************************
Index 44
******************************GW190917_114630

Loading skymap...Index 45

GW190925_232845
Loading skymap...
Loading flares...
Loading flares...
Calculating background rate...
Calculating background rate...
******************************
Index 46
GW190926_050336
Loading skymap...
Loading flares...
Calculating background rate...
******************************
Index 47
GW191103_012549
Loading skymap...
Loading flares...
Calculating background rate...
******************************
Index 48
GW191105_143521
Loading skymap...
Loading flares...
Calculating background rate...
******************************
Index 49
GW191109_010717
Loading skymap...
Loading flares...
Calculating background rate...
******************************
Index 50
GW191113_071753
Loading skymap...
Loading flares...
Calculating background rate...
WARNING: UnitsWarning: 'pct' did not parse as fits unit: At col 0, Unit 'pct' not supported by the FITS standard. Did you mean PC, PT, cT, ct, pC, pT or pc? If this is meant to be a custom unit, define it with 'u.def_unit'. To have it recognized inside a file reader or other code, enable it with 'u.add_enabled_units'. For details, see https://docs.astropy.org/en/latest/units/combining_and_defining.html [astropy.units.core]
******************************
Index 51
GW191126_115259
Loading skymap...
Loading flares...
Calculating background rate...
******************************
Index 52
GW191127_050227
Loading skymap...
Loading flares...
Calculating background rate...
******************************
Index 53
GW191129_134029
Loading skymap...
Loading flares...
Calculating background rate...
WARNING: UnitsWarning: 'pct' did not parse as fits unit: At col 0, Unit 'pct' not supported by the FITS standard. Did you mean PC, PT, cT, ct, pC, pT or pc? If this is meant to be a custom unit, define it with 'u.def_unit'. To have it recognized inside a file reader or other code, enable it with 'u.add_enabled_units'. For details, see https://docs.astropy.org/en/latest/units/combining_and_defining.html [astropy.units.core]
******************************
Index 54
GW191204_110529
Loading skymap...
Loading flares...
Calculating background rate...
WARNING: UnitsWarning: 'pct' did not parse as fits unit: At col 0, Unit 'pct' not supported by the FITS standard. Did you mean PC, PT, cT, ct, pC, pT or pc? If this is meant to be a custom unit, define it with 'u.def_unit'. To have it recognized inside a file reader or other code, enable it with 'u.add_enabled_units'. For details, see https://docs.astropy.org/en/latest/units/combining_and_defining.html [astropy.units.core]
WARNING: UnitsWarning: 'pct' did not parse as fits unit: At col 0, Unit 'pct' not supported by the FITS standard. Did you mean PC, PT, cT, ct, pC, pT or pc? If this is meant to be a custom unit, define it with 'u.def_unit'. To have it recognized inside a file reader or other code, enable it with 'u.add_enabled_units'. For details, see https://docs.astropy.org/en/latest/units/combining_and_defining.html [astropy.units.core]
WARNING: UnitsWarning: 'pct' did not parse as fits unit: At col 0, Unit 'pct' not supported by the FITS standard. Did you mean PC, PT, cT, ct, pC, pT or pc? If this is meant to be a custom unit, define it with 'u.def_unit'. To have it recognized inside a file reader or other code, enable it with 'u.add_enabled_units'. For details, see https://docs.astropy.org/en/latest/units/combining_and_defining.html [astropy.units.core]
******************************
Index 55
GW191204_171526
Loading skymap...
Loading flares...
Calculating background rate...
WARNING: UnitsWarning: 'pct' did not parse as fits unit: At col 0, Unit 'pct' not supported by the FITS standard. Did you mean PC, PT, cT, ct, pC, pT or pc? If this is meant to be a custom unit, define it with 'u.def_unit'. To have it recognized inside a file reader or other code, enable it with 'u.add_enabled_units'. For details, see https://docs.astropy.org/en/latest/units/combining_and_defining.html [astropy.units.core]
******************************
Index 56
GW191215_223052
Loading skymap...
Loading flares...
Calculating background rate...
******************************
Index 57
GW191216_213338
Loading skymap...
WARNINGLoading flares...
: UnitsWarning: 'pct' did not parse as fits unit: At col 0, Unit 'pct' not supported by the FITS standard. Did you mean PC, PT, cT, ct, pC, pT or pc? If this is meant to be a custom unit, define it with 'u.def_unit'. To have it recognized inside a file reader or other code, enable it with 'u.add_enabled_units'. For details, see https://docs.astropy.org/en/latest/units/combining_and_defining.html [astropy.units.core]
Calculating background rate...
WARNING: UnitsWarning: 'pct' did not parse as fits unit: At col 0, Unit 'pct' not supported by the FITS standard. Did you mean PC, PT, cT, ct, pC, pT or pc? If this is meant to be a custom unit, define it with 'u.def_unit'. To have it recognized inside a file reader or other code, enable it with 'u.add_enabled_units'. For details, see https://docs.astropy.org/en/latest/units/combining_and_defining.html [astropy.units.core]
******************************
Index 58
GW191219_163120
Loading skymap...
******************************
Index 59
GW191222_033537
Loading skymap...
Loading flares...
Calculating background rate...
Loading flares...
Calculating background rate...
******************************
Index 60
GW191230_180458
Loading skymap...
Loading flares...
Calculating background rate...
WARNING: UnitsWarning: 'pct' did not parse as fits unit: At col 0, Unit 'pct' not supported by the FITS standard. Did you mean PC, PT, cT, ct, pC, pT or pc? If this is meant to be a custom unit, define it with 'u.def_unit'. To have it recognized inside a file reader or other code, enable it with 'u.add_enabled_units'. For details, see https://docs.astropy.org/en/latest/units/combining_and_defining.html [astropy.units.core]
WARNING: UnitsWarning: 'pct' did not parse as fits unit: At col 0, Unit 'pct' not supported by the FITS standard. Did you mean PC, PT, cT, ct, pC, pT or pc? If this is meant to be a custom unit, define it with 'u.def_unit'. To have it recognized inside a file reader or other code, enable it with 'u.add_enabled_units'. For details, see https://docs.astropy.org/en/latest/units/combining_and_defining.html [astropy.units.core]
WARNING: UnitsWarning: 'pct' did not parse as fits unit: At col 0, Unit 'pct' not supported by the FITS standard. Did you mean PC, PT, cT, ct, pC, pT or pc? If this is meant to be a custom unit, define it with 'u.def_unit'. To have it recognized inside a file reader or other code, enable it with 'u.add_enabled_units'. For details, see https://docs.astropy.org/en/latest/units/combining_and_defining.html [astropy.units.core]
WARNING: UnitsWarning: 'pct' did not parse as fits unit: At col 0, Unit 'pct' not supported by the FITS standard. Did you mean PC, PT, cT, ct, pC, pT or pc? If this is meant to be a custom unit, define it with 'u.def_unit'. To have it recognized inside a file reader or other code, enable it with 'u.add_enabled_units'. For details, see https://docs.astropy.org/en/latest/units/combining_and_defining.html [astropy.units.core]
WARNING: UnitsWarning: 'pct' did not parse as fits unit: At col 0, Unit 'pct' not supported by the FITS standard. Did you mean PC, PT, cT, ct, pC, pT or pc? If this is meant to be a custom unit, define it with 'u.def_unit'. To have it recognized inside a file reader or other code, enable it with 'u.add_enabled_units'. For details, see https://docs.astropy.org/en/latest/units/combining_and_defining.html [astropy.units.core]
WARNING: UnitsWarning: 'pct' did not parse as fits unit: At col 0, Unit 'pct' not supported by the FITS standard. Did you mean PC, PT, cT, ct, pC, pT or pc? If this is meant to be a custom unit, define it with 'u.def_unit'. To have it recognized inside a file reader or other code, enable it with 'u.add_enabled_units'. For details, see https://docs.astropy.org/en/latest/units/combining_and_defining.html [astropy.units.core]
WARNING: UnitsWarning: 'pct' did not parse as fits unit: At col 0, Unit 'pct' not supported by the FITS standard. Did you mean PC, PT, cT, ct, pC, pT or pc? If this is meant to be a custom unit, define it with 'u.def_unit'. To have it recognized inside a file reader or other code, enable it with 'u.add_enabled_units'. For details, see https://docs.astropy.org/en/latest/units/combining_and_defining.html [astropy.units.core]
WARNING: UnitsWarning: 'pct' did not parse as fits unit: At col 0, Unit 'pct' not supported by the FITS standard. Did you mean PC, PT, cT, ct, pC, pT or pc? If this is meant to be a custom unit, define it with 'u.def_unit'. To have it recognized inside a file reader or other code, enable it with 'u.add_enabled_units'. For details, see https://docs.astropy.org/en/latest/units/combining_and_defining.html [astropy.units.core]
******************************
Index 61
GW200105_162426
Loading skymap...
Loading flares...
Calculating background rate...
WARNING: UnitsWarning: 'pct' did not parse as fits unit: At col 0, Unit 'pct' not supported by the FITS standard. Did you mean PC, PT, cT, ct, pC, pT or pc? If this is meant to be a custom unit, define it with 'u.def_unit'. To have it recognized inside a file reader or other code, enable it with 'u.add_enabled_units'. For details, see https://docs.astropy.org/en/latest/units/combining_and_defining.html [astropy.units.core]
WARNING: UnitsWarning: 'pct' did not parse as fits unit: At col 0, Unit 'pct' not supported by the FITS standard. Did you mean PC, PT, cT, ct, pC, pT or pc? If this is meant to be a custom unit, define it with 'u.def_unit'. To have it recognized inside a file reader or other code, enable it with 'u.add_enabled_units'. For details, see https://docs.astropy.org/en/latest/units/combining_and_defining.html [astropy.units.core]
WARNING: UnitsWarning: 'pct' did not parse as fits unit: At col 0, Unit 'pct' not supported by the FITS standard. Did you mean PC, PT, cT, ct, pC, pT or pc? If this is meant to be a custom unit, define it with 'u.def_unit'. To have it recognized inside a file reader or other code, enable it with 'u.add_enabled_units'. For details, see https://docs.astropy.org/en/latest/units/combining_and_defining.html [astropy.units.core]
WARNING: UnitsWarning: 'pct' did not parse as fits unit: At col 0, Unit 'pct' not supported by the FITS standard. Did you mean PC, PT, cT, ct, pC, pT or pc? If this is meant to be a custom unit, define it with 'u.def_unit'. To have it recognized inside a file reader or other code, enable it with 'u.add_enabled_units'. For details, see https://docs.astropy.org/en/latest/units/combining_and_defining.html [astropy.units.core]
WARNING: UnitsWarning: 'pct' did not parse as fits unit: At col 0, Unit 'pct' not supported by the FITS standard. Did you mean PC, PT, cT, ct, pC, pT or pc? If this is meant to be a custom unit, define it with 'u.def_unit'. To have it recognized inside a file reader or other code, enable it with 'u.add_enabled_units'. For details, see https://docs.astropy.org/en/latest/units/combining_and_defining.html [astropy.units.core]
WARNING: UnitsWarning: 'pct' did not parse as fits unit: At col 0, Unit 'pct' not supported by the FITS standard. Did you mean PC, PT, cT, ct, pC, pT or pc? If this is meant to be a custom unit, define it with 'u.def_unit'. To have it recognized inside a file reader or other code, enable it with 'u.add_enabled_units'. For details, see https://docs.astropy.org/en/latest/units/combining_and_defining.html [astropy.units.core]
WARNING: UnitsWarning: 'pct' did not parse as fits unit: At col 0, Unit 'pct' not supported by the FITS standard. Did you mean PC, PT, cT, ct, pC, pT or pc? If this is meant to be a custom unit, define it with 'u.def_unit'. To have it recognized inside a file reader or other code, enable it with 'u.add_enabled_units'. For details, see https://docs.astropy.org/en/latest/units/combining_and_defining.html [astropy.units.core]
******************************
Index 62
GW200112_155838
Loading skymap...
Loading flares...
Calculating background rate...
WARNING: UnitsWarning: 'pct' did not parse as fits unit: At col 0, Unit 'pct' not supported by the FITS standard. Did you mean PC, PT, cT, ct, pC, pT or pc? If this is meant to be a custom unit, define it with 'u.def_unit'. To have it recognized inside a file reader or other code, enable it with 'u.add_enabled_units'. For details, see https://docs.astropy.org/en/latest/units/combining_and_defining.html [astropy.units.core]
WARNING: UnitsWarning: 'pct' did not parse as fits unit: At col 0, Unit 'pct' not supported by the FITS standard. Did you mean PC, PT, cT, ct, pC, pT or pc? If this is meant to be a custom unit, define it with 'u.def_unit'. To have it recognized inside a file reader or other code, enable it with 'u.add_enabled_units'. For details, see https://docs.astropy.org/en/latest/units/combining_and_defining.html [astropy.units.core]
WARNING: UnitsWarning: 'pct' did not parse as fits unit: At col 0, Unit 'pct' not supported by the FITS standard. Did you mean PC, PT, cT, ct, pC, pT or pc? If this is meant to be a custom unit, define it with 'u.def_unit'. To have it recognized inside a file reader or other code, enable it with 'u.add_enabled_units'. For details, see https://docs.astropy.org/en/latest/units/combining_and_defining.html [astropy.units.core]
******************************
Index 63
GW200115_042309
Loading skymap...
Loading flares...
Calculating background rate...
WARNING: UnitsWarning: 'pct' did not parse as fits unit: At col 0, Unit 'pct' not supported by the FITS standard. Did you mean PC, PT, cT, ct, pC, pT or pc? If this is meant to be a custom unit, define it with 'u.def_unit'. To have it recognized inside a file reader or other code, enable it with 'u.add_enabled_units'. For details, see https://docs.astropy.org/en/latest/units/combining_and_defining.html [astropy.units.core]
WARNING: UnitsWarning: 'pct' did not parse as fits unit: At col 0, Unit 'pct' not supported by the FITS standard. Did you mean PC, PT, cT, ct, pC, pT or pc? If this is meant to be a custom unit, define it with 'u.def_unit'. To have it recognized inside a file reader or other code, enable it with 'u.add_enabled_units'. For details, see https://docs.astropy.org/en/latest/units/combining_and_defining.html [astropy.units.core]
WARNING: UnitsWarning: 'pct' did not parse as fits unit: At col 0, Unit 'pct' not supported by the FITS standard. Did you mean PC, PT, cT, ct, pC, pT or pc? If this is meant to be a custom unit, define it with 'u.def_unit'. To have it recognized inside a file reader or other code, enable it with 'u.add_enabled_units'. For details, see https://docs.astropy.org/en/latest/units/combining_and_defining.html [astropy.units.core]
WARNING: UnitsWarning: 'pct' did not parse as fits unit: At col 0, Unit 'pct' not supported by the FITS standard. Did you mean PC, PT, cT, ct, pC, pT or pc? If this is meant to be a custom unit, define it with 'u.def_unit'. To have it recognized inside a file reader or other code, enable it with 'u.add_enabled_units'. For details, see https://docs.astropy.org/en/latest/units/combining_and_defining.html [astropy.units.core]
WARNING: UnitsWarning: 'pct' did not parse as fits unit: At col 0, Unit 'pct' not supported by the FITS standard. Did you mean PC, PT, cT, ct, pC, pT or pc? If this is meant to be a custom unit, define it with 'u.def_unit'. To have it recognized inside a file reader or other code, enable it with 'u.add_enabled_units'. For details, see https://docs.astropy.org/en/latest/units/combining_and_defining.html [astropy.units.core]
WARNING: UnitsWarning: 'pct' did not parse as fits unit: At col 0, Unit 'pct' not supported by the FITS standard. Did you mean PC, PT, cT, ct, pC, pT or pc? If this is meant to be a custom unit, define it with 'u.def_unit'. To have it recognized inside a file reader or other code, enable it with 'u.add_enabled_units'. For details, see https://docs.astropy.org/en/latest/units/combining_and_defining.html [astropy.units.core]
******************************
Index 64
GW200128_022011
Loading skymap...
Loading flares...
Calculating background rate...
WARNING: UnitsWarning: 'pct' did not parse as fits unit: At col 0, Unit 'pct' not supported by the FITS standard. Did you mean PC, PT, cT, ct, pC, pT or pc? If this is meant to be a custom unit, define it with 'u.def_unit'. To have it recognized inside a file reader or other code, enable it with 'u.add_enabled_units'. For details, see https://docs.astropy.org/en/latest/units/combining_and_defining.html [astropy.units.core]
******************************
Index 65
GW200129_065458
Loading skymap...
Loading flares...
Calculating background rate...
******************************
Index 66
GW200202_154313
Loading skymap...
Loading flares...
Calculating background rate...
******************************
Index 67
GW200208_130117
Loading skymap...
Loading flares...
Calculating background rate...
******************************
Index 68
GW200208_222617
Loading skymap...
Loading flares...
Calculating background rate...
******************************
Index 69
GW200209_085452
Loading skymap...
Loading flares...
Calculating background rate...
******************************
Index 70
GW200210_092254
Loading skymap...
Loading flares...
Calculating background rate...
******************************
Index 71
GW200216_220804
Loading skymap...
Loading flares...
Calculating background rate...
******************************
Index 72
GW200219_094415
Loading skymap...
Loading flares...
Calculating background rate...
******************************
Index 73
GW200220_061928
Loading skymap...
Loading flares...
Calculating background rate...
******************************
Index 74
GW200220_124850
Loading skymap...
Loading flares...
Calculating background rate...
******************************
Index 75
GW200224_222234
Loading skymap...
Loading flares...
Calculating background rate...
WARNING: UnitsWarning: 'pct' did not parse as fits unit: At col 0, Unit 'pct' not supported by the FITS standard. Did you mean PC, PT, cT, ct, pC, pT or pc? If this is meant to be a custom unit, define it with 'u.def_unit'. To have it recognized inside a file reader or other code, enable it with 'u.add_enabled_units'. For details, see https://docs.astropy.org/en/latest/units/combining_and_defining.html [astropy.units.core]
******************************
Index 76
GW200225_060421
Loading skymap...
Loading flares...
Calculating background rate...
******************************
Index 77
GW200302_015811
Loading skymap...
Loading flares...
Calculating background rate...
******************************
Index 78
GW200306_093714
Loading skymap...
Loading flares...
Calculating background rate...
******************************
Index 79
GW200308_173609
Loading skymap...
Loading flares...
Calculating background rate...
WARNING: UnitsWarning: 'pct' did not parse as fits unit: At col 0, Unit 'pct' not supported by the FITS standard. Did you mean PC, PT, cT, ct, pC, pT or pc? If this is meant to be a custom unit, define it with 'u.def_unit'. To have it recognized inside a file reader or other code, enable it with 'u.add_enabled_units'. For details, see https://docs.astropy.org/en/latest/units/combining_and_defining.html [astropy.units.core]
******************************
Index 80
GW200311_115853
Loading skymap...
Loading flares...
Calculating background rate...
WARNING: UnitsWarning: 'pct' did not parse as fits unit: At col 0, Unit 'pct' not supported by the FITS standard. Did you mean PC, PT, cT, ct, pC, pT or pc? If this is meant to be a custom unit, define it with 'u.def_unit'. To have it recognized inside a file reader or other code, enable it with 'u.add_enabled_units'. For details, see https://docs.astropy.org/en/latest/units/combining_and_defining.html [astropy.units.core]
******************************
Index 81
GW200316_215756
Loading skymap...
Loading flares...
Calculating background rate...
WARNING: UnitsWarning: 'pct' did not parse as fits unit: At col 0, Unit 'pct' not supported by the FITS standard. Did you mean PC, PT, cT, ct, pC, pT or pc? If this is meant to be a custom unit, define it with 'u.def_unit'. To have it recognized inside a file reader or other code, enable it with 'u.add_enabled_units'. For details, see https://docs.astropy.org/en/latest/units/combining_and_defining.html [astropy.units.core]
******************************
Index 82
GW200322_091133
Loading skymap...
Loading flares...
Calculating background rate...
WARNING: UnitsWarning: 'pct' did not parse as fits unit: At col 0, Unit 'pct' not supported by the FITS standard. Did you mean PC, PT, cT, ct, pC, pT or pc? If this is meant to be a custom unit, define it with 'u.def_unit'. To have it recognized inside a file reader or other code, enable it with 'u.add_enabled_units'. For details, see https://docs.astropy.org/en/latest/units/combining_and_defining.html [astropy.units.core]
WARNING: UnitsWarning: 'pct' did not parse as fits unit: At col 0, Unit 'pct' not supported by the FITS standard. Did you mean PC, PT, cT, ct, pC, pT or pc? If this is meant to be a custom unit, define it with 'u.def_unit'. To have it recognized inside a file reader or other code, enable it with 'u.add_enabled_units'. For details, see https://docs.astropy.org/en/latest/units/combining_and_defining.html [astropy.units.core]
WARNING: UnitsWarning: 'pct' did not parse as fits unit: At col 0, Unit 'pct' not supported by the FITS standard. Did you mean PC, PT, cT, ct, pC, pT or pc? If this is meant to be a custom unit, define it with 'u.def_unit'. To have it recognized inside a file reader or other code, enable it with 'u.add_enabled_units'. For details, see https://docs.astropy.org/en/latest/units/combining_and_defining.html [astropy.units.core]
WARNING: UnitsWarning: 'pct' did not parse as fits unit: At col 0, Unit 'pct' not supported by the FITS standard. Did you mean PC, PT, cT, ct, pC, pT or pc? If this is meant to be a custom unit, define it with 'u.def_unit'. To have it recognized inside a file reader or other code, enable it with 'u.add_enabled_units'. For details, see https://docs.astropy.org/en/latest/units/combining_and_defining.html [astropy.units.core]
WARNING: UnitsWarning: 'pct' did not parse as fits unit: At col 0, Unit 'pct' not supported by the FITS standard. Did you mean PC, PT, cT, ct, pC, pT or pc? If this is meant to be a custom unit, define it with 'u.def_unit'. To have it recognized inside a file reader or other code, enable it with 'u.add_enabled_units'. For details, see https://docs.astropy.org/en/latest/units/combining_and_defining.html [astropy.units.core]
WARNING: UnitsWarning: 'pct' did not parse as fits unit: At col 0, Unit 'pct' not supported by the FITS standard. Did you mean PC, PT, cT, ct, pC, pT or pc? If this is meant to be a custom unit, define it with 'u.def_unit'. To have it recognized inside a file reader or other code, enable it with 'u.add_enabled_units'. For details, see https://docs.astropy.org/en/latest/units/combining_and_defining.html [astropy.units.core]
WARNING: UnitsWarning: 'pct' did not parse as fits unit: At col 0, Unit 'pct' not supported by the FITS standard. Did you mean PC, PT, cT, ct, pC, pT or pc? If this is meant to be a custom unit, define it with 'u.def_unit'. To have it recognized inside a file reader or other code, enable it with 'u.add_enabled_units'. For details, see https://docs.astropy.org/en/latest/units/combining_and_defining.html [astropy.units.core]
WARNING: UnitsWarning: 'pct' did not parse as fits unit: At col 0, Unit 'pct' not supported by the FITS standard. Did you mean PC, PT, cT, ct, pC, pT or pc? If this is meant to be a custom unit, define it with 'u.def_unit'. To have it recognized inside a file reader or other code, enable it with 'u.add_enabled_units'. For details, see https://docs.astropy.org/en/latest/units/combining_and_defining.html [astropy.units.core]
WARNING: UnitsWarning: 'pct' did not parse as fits unit: At col 0, Unit 'pct' not supported by the FITS standard. Did you mean PC, PT, cT, ct, pC, pT or pc? If this is meant to be a custom unit, define it with 'u.def_unit'. To have it recognized inside a file reader or other code, enable it with 'u.add_enabled_units'. For details, see https://docs.astropy.org/en/latest/units/combining_and_defining.html [astropy.units.core]
WARNING: UnitsWarning: 'pct' did not parse as fits unit: At col 0, Unit 'pct' not supported by the FITS standard. Did you mean PC, PT, cT, ct, pC, pT or pc? If this is meant to be a custom unit, define it with 'u.def_unit'. To have it recognized inside a file reader or other code, enable it with 'u.add_enabled_units'. For details, see https://docs.astropy.org/en/latest/units/combining_and_defining.html [astropy.units.core]
WARNING: UnitsWarning: 'pct' did not parse as fits unit: At col 0, Unit 'pct' not supported by the FITS standard. Did you mean PC, PT, cT, ct, pC, pT or pc? If this is meant to be a custom unit, define it with 'u.def_unit'. To have it recognized inside a file reader or other code, enable it with 'u.add_enabled_units'. For details, see https://docs.astropy.org/en/latest/units/combining_and_defining.html [astropy.units.core]
WARNING: UnitsWarning: 'pct' did not parse as fits unit: At col 0, Unit 'pct' not supported by the FITS standard. Did you mean PC, PT, cT, ct, pC, pT or pc? If this is meant to be a custom unit, define it with 'u.def_unit'. To have it recognized inside a file reader or other code, enable it with 'u.add_enabled_units'. For details, see https://docs.astropy.org/en/latest/units/combining_and_defining.html [astropy.units.core]
WARNING: UnitsWarning: 'pct' did not parse as fits unit: At col 0, Unit 'pct' not supported by the FITS standard. Did you mean PC, PT, cT, ct, pC, pT or pc? If this is meant to be a custom unit, define it with 'u.def_unit'. To have it recognized inside a file reader or other code, enable it with 'u.add_enabled_units'. For details, see https://docs.astropy.org/en/latest/units/combining_and_defining.html [astropy.units.core]
/hildafs/projects/phy220048p/tcabrera/bbhagn/mycode/ligo.skymap/ligo/skymap/postprocess/crossmatch.py:459: RuntimeWarning: invalid value encountered in subtract
  contour_dists = (hi - lo).tolist()
WARNING: UnitsWarning: 'pct' did not parse as fits unit: At col 0, Unit 'pct' not supported by the FITS standard. Did you mean PC, PT, cT, ct, pC, pT or pc? If this is meant to be a custom unit, define it with 'u.def_unit'. To have it recognized inside a file reader or other code, enable it with 'u.add_enabled_units'. For details, see https://docs.astropy.org/en/latest/units/combining_and_defining.html [astropy.units.core]
Calculating signal and background arrays...
******************** MCMC ********************
/hildafs/projects/phy220048p/tcabrera/bbhagn/bbhagn/utils/inference.py:68: RuntimeWarning: All-NaN slice encountered
  max_n_flares_bg = np.nanmax([np.nanmax(f) for f in n_agns if len(f) > 0])
/hildafs/projects/phy220048p/tcabrera/bbhagn/bbhagn/utils/inference.py:68: RuntimeWarning: All-NaN slice encountered
  max_n_flares_bg = np.nanmax([np.nanmax(f) for f in n_agns if len(f) > 0])
/hildafs/projects/phy220048p/tcabrera/bbhagn/bbhagn/utils/inference.py:68: RuntimeWarning: All-NaN slice encountered
  max_n_flares_bg = np.nanmax([np.nanmax(f) for f in n_agns if len(f) > 0])
/hildafs/projects/phy220048p/tcabrera/bbhagn/bbhagn/utils/inference.py:68: RuntimeWarning: All-NaN slice encountered
  max_n_flares_bg = np.nanmax([np.nanmax(f) for f in n_agns if len(f) > 0])
/hildafs/projects/phy220048p/tcabrera/bbhagn/bbhagn/utils/inference.py:68: RuntimeWarning: All-NaN slice encountered
  max_n_flares_bg = np.nanmax([np.nanmax(f) for f in n_agns if len(f) > 0])
/hildafs/projects/phy220048p/tcabrera/bbhagn/bbhagn/utils/inference.py:68: RuntimeWarning: All-NaN slice encountered
  max_n_flares_bg = np.nanmax([np.nanmax(f) for f in n_agns if len(f) > 0])
/hildafs/projects/phy220048p/tcabrera/bbhagn/bbhagn/utils/inference.py:68: RuntimeWarning: All-NaN slice encountered
  max_n_flares_bg = np.nanmax([np.nanmax(f) for f in n_agns if len(f) > 0])
/hildafs/projects/phy220048p/tcabrera/bbhagn/bbhagn/utils/inference.py:68: RuntimeWarning: All-NaN slice encountered
  max_n_flares_bg = np.nanmax([np.nanmax(f) for f in n_agns if len(f) > 0])
/hildafs/projects/phy220048p/tcabrera/bbhagn/bbhagn/utils/inference.py:68: RuntimeWarning: All-NaN slice encountered
  max_n_flares_bg = np.nanmax([np.nanmax(f) for f in n_agns if len(f) > 0])
/hildafs/projects/phy220048p/tcabrera/bbhagn/bbhagn/utils/inference.py:68: RuntimeWarning: All-NaN slice encountered
  max_n_flares_bg = np.nanmax([np.nanmax(f) for f in n_agns if len(f) > 0])
/hildafs/projects/phy220048p/tcabrera/bbhagn/bbhagn/utils/inference.py:68: RuntimeWarning: All-NaN slice encountered
  max_n_flares_bg = np.nanmax([np.nanmax(f) for f in n_agns if len(f) > 0])
/hildafs/projects/phy220048p/tcabrera/bbhagn/bbhagn/utils/inference.py:68: RuntimeWarning: All-NaN slice encountered
  max_n_flares_bg = np.nanmax([np.nanmax(f) for f in n_agns if len(f) > 0])
/hildafs/projects/phy220048p/tcabrera/bbhagn/bbhagn/utils/inference.py:68: RuntimeWarning: All-NaN slice encountered
  max_n_flares_bg = np.nanmax([np.nanmax(f) for f in n_agns if len(f) > 0])
/hildafs/projects/phy220048p/tcabrera/bbhagn/bbhagn/utils/inference.py:68: RuntimeWarning: All-NaN slice encountered
  max_n_flares_bg = np.nanmax([np.nanmax(f) for f in n_agns if len(f) > 0])
/hildafs/projects/phy220048p/tcabrera/bbhagn/bbhagn/utils/inference.py:68: RuntimeWarning: All-NaN slice encountered
  max_n_flares_bg = np.nanmax([np.nanmax(f) for f in n_agns if len(f) > 0])
/hildafs/projects/phy220048p/tcabrera/bbhagn/bbhagn/utils/inference.py:68: RuntimeWarning: All-NaN slice encountered
  max_n_flares_bg = np.nanmax([np.nanmax(f) for f in n_agns if len(f) > 0])
/hildafs/projects/phy220048p/tcabrera/bbhagn/bbhagn/utils/inference.py:68: RuntimeWarning: All-NaN slice encountered
  max_n_flares_bg = np.nanmax([np.nanmax(f) for f in n_agns if len(f) > 0])
/hildafs/projects/phy220048p/tcabrera/bbhagn/bbhagn/utils/inference.py:68: RuntimeWarning: All-NaN slice encountered
  max_n_flares_bg = np.nanmax([np.nanmax(f) for f in n_agns if len(f) > 0])
/hildafs/projects/phy220048p/tcabrera/bbhagn/bbhagn/utils/inference.py:68: RuntimeWarning: All-NaN slice encountered
  max_n_flares_bg = np.nanmax([np.nanmax(f) for f in n_agns if len(f) > 0])
/hildafs/projects/phy220048p/tcabrera/bbhagn/bbhagn/utils/inference.py:68: RuntimeWarning: All-NaN slice encountered
  max_n_flares_bg = np.nanmax([np.nanmax(f) for f in n_agns if len(f) > 0])
/hildafs/projects/phy220048p/tcabrera/bbhagn/bbhagn/utils/inference.py:68: RuntimeWarning: All-NaN slice encountered
  max_n_flares_bg = np.nanmax([np.nanmax(f) for f in n_agns if len(f) > 0])
/hildafs/projects/phy220048p/tcabrera/bbhagn/bbhagn/utils/inference.py:68: RuntimeWarning: All-NaN slice encountered
  max_n_flares_bg = np.nanmax([np.nanmax(f) for f in n_agns if len(f) > 0])
/hildafs/projects/phy220048p/tcabrera/bbhagn/bbhagn/utils/inference.py:68: RuntimeWarning: All-NaN slice encountered
  max_n_flares_bg = np.nanmax([np.nanmax(f) for f in n_agns if len(f) > 0])
/hildafs/projects/phy220048p/tcabrera/bbhagn/bbhagn/utils/inference.py:68: RuntimeWarning: All-NaN slice encountered
  max_n_flares_bg = np.nanmax([np.nanmax(f) for f in n_agns if len(f) > 0])
/hildafs/projects/phy220048p/tcabrera/bbhagn/bbhagn/utils/inference.py:68: RuntimeWarning: All-NaN slice encountered
  max_n_flares_bg = np.nanmax([np.nanmax(f) for f in n_agns if len(f) > 0])
/hildafs/projects/phy220048p/tcabrera/bbhagn/bbhagn/utils/inference.py:68: RuntimeWarning: All-NaN slice encountered
  max_n_flares_bg = np.nanmax([np.nanmax(f) for f in n_agns if len(f) > 0])
/hildafs/projects/phy220048p/tcabrera/bbhagn/bbhagn/utils/inference.py:68: RuntimeWarning: All-NaN slice encountered
  max_n_flares_bg = np.nanmax([np.nanmax(f) for f in n_agns if len(f) > 0])
/hildafs/projects/phy220048p/tcabrera/bbhagn/bbhagn/utils/inference.py:68: RuntimeWarning: All-NaN slice encountered
  max_n_flares_bg = np.nanmax([np.nanmax(f) for f in n_agns if len(f) > 0])
/hildafs/projects/phy220048p/tcabrera/bbhagn/bbhagn/utils/inference.py:68: RuntimeWarning: All-NaN slice encountered
  max_n_flares_bg = np.nanmax([np.nanmax(f) for f in n_agns if len(f) > 0])
/hildafs/projects/phy220048p/tcabrera/bbhagn/bbhagn/utils/inference.py:68: RuntimeWarning: All-NaN slice encountered
  max_n_flares_bg = np.nanmax([np.nanmax(f) for f in n_agns if len(f) > 0])
/hildafs/projects/phy220048p/tcabrera/bbhagn/bbhagn/utils/inference.py:68: RuntimeWarning: All-NaN slice encountered
  max_n_flares_bg = np.nanmax([np.nanmax(f) for f in n_agns if len(f) > 0])
/hildafs/projects/phy220048p/tcabrera/bbhagn/bbhagn/utils/inference.py:68: RuntimeWarning: All-NaN slice encountered
  max_n_flares_bg = np.nanmax([np.nanmax(f) for f in n_agns if len(f) > 0])
  0%|          | 0/5000 [00:00<?, ?it/s]  0%|          | 4/5000 [00:00<02:09, 38.71it/s]  0%|          | 12/5000 [00:00<01:20, 62.17it/s]  0%|          | 21/5000 [00:00<01:09, 71.95it/s]  1%|          | 30/5000 [00:00<01:03, 78.69it/s]  1%|          | 39/5000 [00:00<01:00, 81.54it/s]  1%|          | 49/5000 [00:00<00:57, 86.86it/s]  1%|          | 59/5000 [00:00<00:55, 89.03it/s]  1%|         | 68/5000 [00:00<00:57, 85.57it/s]  2%|         | 77/5000 [00:00<00:57, 85.74it/s]  2%|         | 87/5000 [00:01<00:56, 87.21it/s]  2%|         | 96/5000 [00:01<00:56, 86.79it/s]  2%|         | 105/5000 [00:01<00:56, 86.70it/s]  2%|         | 115/5000 [00:01<00:54, 88.88it/s]  2%|         | 124/5000 [00:01<00:56, 87.03it/s]  3%|         | 134/5000 [00:01<00:54, 88.91it/s]  3%|         | 143/5000 [00:01<00:56, 86.70it/s]  3%|         | 152/5000 [00:01<00:56, 85.84it/s]  3%|         | 161/5000 [00:01<00:56, 85.39it/s]  3%|         | 171/5000 [00:02<00:55, 87.13it/s]  4%|         | 180/5000 [00:02<00:55, 87.13it/s]  4%|         | 190/5000 [00:02<00:54, 87.98it/s]  4%|         | 200/5000 [00:02<00:53, 89.32it/s]  4%|         | 209/5000 [00:02<00:54, 87.51it/s]  4%|         | 218/5000 [00:02<00:57, 83.25it/s]  5%|         | 228/5000 [00:02<00:54, 87.68it/s]  5%|         | 237/5000 [00:02<00:54, 87.05it/s]  5%|         | 246/5000 [00:02<00:54, 86.78it/s]  5%|         | 255/5000 [00:02<00:55, 86.15it/s]  5%|         | 264/5000 [00:03<00:56, 83.24it/s]  5%|         | 273/5000 [00:03<00:56, 84.27it/s]  6%|         | 282/5000 [00:03<00:56, 84.02it/s]  6%|         | 291/5000 [00:03<00:55, 84.25it/s]  6%|         | 300/5000 [00:03<00:55, 84.77it/s]  6%|         | 309/5000 [00:03<00:56, 83.10it/s]  6%|         | 320/5000 [00:03<00:52, 88.32it/s]  7%|         | 331/5000 [00:03<00:50, 93.22it/s]  7%|         | 342/5000 [00:03<00:48, 96.91it/s]  7%|         | 353/5000 [00:04<00:46, 99.21it/s]  7%|         | 364/5000 [00:04<00:46, 100.27it/s]  8%|         | 375/5000 [00:04<00:46, 99.31it/s]   8%|         | 385/5000 [00:04<00:46, 98.70it/s]  8%|         | 396/5000 [00:04<00:46, 99.71it/s]  8%|         | 407/5000 [00:04<00:45, 101.10it/s]  8%|         | 418/5000 [00:04<00:45, 100.79it/s]  9%|         | 429/5000 [00:04<00:45, 101.38it/s]  9%|         | 440/5000 [00:04<00:44, 102.64it/s]  9%|         | 451/5000 [00:05<00:44, 103.37it/s]  9%|         | 462/5000 [00:05<00:43, 104.04it/s]  9%|         | 473/5000 [00:05<00:43, 103.27it/s] 10%|         | 484/5000 [00:05<00:43, 104.12it/s] 10%|         | 495/5000 [00:05<00:42, 105.30it/s] 10%|         | 506/5000 [00:05<00:42, 105.35it/s] 10%|         | 517/5000 [00:05<00:42, 105.11it/s] 11%|         | 528/5000 [00:05<00:42, 104.87it/s] 11%|         | 539/5000 [00:05<00:43, 103.53it/s] 11%|         | 550/5000 [00:05<00:43, 103.39it/s] 11%|         | 561/5000 [00:06<00:42, 103.41it/s] 11%|        | 572/5000 [00:06<00:42, 103.32it/s] 12%|        | 583/5000 [00:06<00:42, 103.18it/s] 12%|        | 594/5000 [00:06<00:41, 105.07it/s] 12%|        | 606/5000 [00:06<00:40, 107.36it/s] 12%|        | 617/5000 [00:06<00:41, 106.77it/s] 13%|        | 628/5000 [00:06<00:41, 106.55it/s] 13%|        | 639/5000 [00:06<00:40, 107.34it/s] 13%|        | 650/5000 [00:06<00:40, 107.45it/s] 13%|        | 661/5000 [00:07<00:40, 106.58it/s] 13%|        | 672/5000 [00:07<00:40, 106.74it/s] 14%|        | 683/5000 [00:07<00:40, 106.15it/s] 14%|        | 694/5000 [00:07<00:40, 106.09it/s] 14%|        | 705/5000 [00:07<00:40, 105.60it/s] 14%|        | 716/5000 [00:07<00:40, 105.55it/s] 15%|        | 727/5000 [00:07<00:40, 105.21it/s] 15%|        | 738/5000 [00:07<00:40, 105.26it/s] 15%|        | 749/5000 [00:07<00:40, 105.95it/s] 15%|        | 760/5000 [00:07<00:39, 106.29it/s] 15%|        | 771/5000 [00:08<00:39, 107.37it/s] 16%|        | 782/5000 [00:08<00:39, 106.95it/s] 16%|        | 793/5000 [00:08<00:39, 106.30it/s] 16%|        | 804/5000 [00:08<00:39, 105.58it/s] 16%|        | 815/5000 [00:08<00:39, 104.96it/s] 17%|        | 826/5000 [00:08<00:39, 105.32it/s] 17%|        | 837/5000 [00:08<00:39, 105.63it/s] 17%|        | 848/5000 [00:08<00:39, 105.46it/s] 17%|        | 859/5000 [00:08<00:38, 106.65it/s] 17%|        | 870/5000 [00:08<00:39, 105.56it/s] 18%|        | 881/5000 [00:09<00:39, 104.57it/s] 18%|        | 892/5000 [00:09<00:39, 104.77it/s] 18%|        | 903/5000 [00:09<00:39, 104.55it/s] 18%|        | 914/5000 [00:09<00:39, 103.79it/s] 18%|        | 925/5000 [00:09<00:39, 103.39it/s] 19%|        | 936/5000 [00:09<00:38, 104.54it/s] 19%|        | 947/5000 [00:09<00:38, 105.42it/s] 19%|        | 958/5000 [00:09<00:38, 103.82it/s] 19%|        | 970/5000 [00:09<00:38, 105.70it/s] 20%|        | 981/5000 [00:10<00:37, 106.59it/s] 20%|        | 992/5000 [00:10<00:37, 106.95it/s] 20%|        | 1003/5000 [00:10<00:37, 106.78it/s] 20%|        | 1014/5000 [00:10<00:37, 106.54it/s] 20%|        | 1025/5000 [00:10<00:37, 105.63it/s] 21%|        | 1036/5000 [00:10<00:37, 105.58it/s] 21%|        | 1047/5000 [00:10<00:37, 106.27it/s] 21%|        | 1058/5000 [00:10<00:36, 107.15it/s] 21%|       | 1069/5000 [00:10<00:36, 106.78it/s] 22%|       | 1080/5000 [00:10<00:36, 106.16it/s] 22%|       | 1091/5000 [00:11<00:37, 105.47it/s] 22%|       | 1102/5000 [00:11<00:37, 105.29it/s] 22%|       | 1113/5000 [00:11<00:37, 104.22it/s] 22%|       | 1124/5000 [00:11<00:37, 104.60it/s] 23%|       | 1135/5000 [00:11<00:36, 104.83it/s] 23%|       | 1146/5000 [00:11<00:36, 104.68it/s] 23%|       | 1157/5000 [00:11<00:36, 104.92it/s] 23%|       | 1170/5000 [00:11<00:34, 109.43it/s] 24%|       | 1181/5000 [00:11<00:34, 109.27it/s] 24%|       | 1192/5000 [00:12<00:34, 109.42it/s] 24%|       | 1203/5000 [00:12<00:34, 108.74it/s] 24%|       | 1214/5000 [00:12<00:35, 107.51it/s] 24%|       | 1225/5000 [00:12<00:35, 107.54it/s] 25%|       | 1237/5000 [00:12<00:34, 109.68it/s] 25%|       | 1248/5000 [00:12<00:34, 108.54it/s] 25%|       | 1259/5000 [00:12<00:34, 107.10it/s] 25%|       | 1270/5000 [00:12<00:34, 107.02it/s] 26%|       | 1281/5000 [00:12<00:35, 105.91it/s] 26%|       | 1292/5000 [00:12<00:35, 105.52it/s] 26%|       | 1303/5000 [00:13<00:35, 105.26it/s] 26%|       | 1314/5000 [00:13<00:34, 105.61it/s] 26%|       | 1325/5000 [00:13<00:35, 104.34it/s] 27%|       | 1336/5000 [00:13<00:35, 104.09it/s] 27%|       | 1347/5000 [00:13<00:34, 104.41it/s] 27%|       | 1358/5000 [00:13<00:34, 105.16it/s] 27%|       | 1369/5000 [00:13<00:34, 105.12it/s] 28%|       | 1380/5000 [00:13<00:34, 105.49it/s] 28%|       | 1391/5000 [00:13<00:34, 105.92it/s] 28%|       | 1402/5000 [00:14<00:34, 105.66it/s] 28%|       | 1413/5000 [00:14<00:33, 105.71it/s] 28%|       | 1424/5000 [00:14<00:33, 105.37it/s] 29%|       | 1435/5000 [00:14<00:33, 105.06it/s] 29%|       | 1447/5000 [00:14<00:33, 106.68it/s] 29%|       | 1458/5000 [00:14<00:33, 107.29it/s] 29%|       | 1469/5000 [00:14<00:32, 107.19it/s] 30%|       | 1480/5000 [00:14<00:32, 106.89it/s] 30%|       | 1492/5000 [00:14<00:32, 107.99it/s] 30%|       | 1503/5000 [00:14<00:32, 108.48it/s] 30%|       | 1514/5000 [00:15<00:32, 108.70it/s] 30%|       | 1525/5000 [00:15<00:32, 107.20it/s] 31%|       | 1536/5000 [00:15<00:32, 105.62it/s] 31%|       | 1547/5000 [00:15<00:32, 106.14it/s] 31%|       | 1558/5000 [00:15<00:32, 105.25it/s] 31%|      | 1569/5000 [00:15<00:32, 105.41it/s] 32%|      | 1580/5000 [00:15<00:32, 105.33it/s] 32%|      | 1591/5000 [00:15<00:32, 106.11it/s] 32%|      | 1602/5000 [00:15<00:31, 106.96it/s] 32%|      | 1613/5000 [00:15<00:31, 107.30it/s] 32%|      | 1624/5000 [00:16<00:31, 106.38it/s] 33%|      | 1635/5000 [00:16<00:31, 105.99it/s] 33%|      | 1646/5000 [00:16<00:31, 105.57it/s] 33%|      | 1657/5000 [00:16<00:31, 105.83it/s] 33%|      | 1668/5000 [00:16<00:31, 105.79it/s] 34%|      | 1679/5000 [00:16<00:31, 105.66it/s] 34%|      | 1690/5000 [00:16<00:31, 106.37it/s] 34%|      | 1702/5000 [00:16<00:30, 107.81it/s] 34%|      | 1713/5000 [00:16<00:30, 106.51it/s] 34%|      | 1724/5000 [00:17<00:30, 105.80it/s] 35%|      | 1735/5000 [00:17<00:31, 104.68it/s] 35%|      | 1746/5000 [00:17<00:31, 104.27it/s] 35%|      | 1757/5000 [00:17<00:30, 105.14it/s] 35%|      | 1768/5000 [00:17<00:30, 104.60it/s] 36%|      | 1779/5000 [00:17<00:30, 104.65it/s] 36%|      | 1790/5000 [00:17<00:30, 105.48it/s] 36%|      | 1801/5000 [00:17<00:30, 105.38it/s] 36%|      | 1812/5000 [00:17<00:30, 106.04it/s] 36%|      | 1823/5000 [00:17<00:30, 105.32it/s] 37%|      | 1834/5000 [00:18<00:30, 105.45it/s] 37%|      | 1845/5000 [00:18<00:30, 105.07it/s] 37%|      | 1856/5000 [00:18<00:30, 104.67it/s] 37%|      | 1867/5000 [00:18<00:30, 104.28it/s] 38%|      | 1878/5000 [00:18<00:29, 104.62it/s] 38%|      | 1889/5000 [00:18<00:29, 104.53it/s] 38%|      | 1900/5000 [00:18<00:29, 105.22it/s] 38%|      | 1911/5000 [00:18<00:29, 104.77it/s] 38%|      | 1922/5000 [00:18<00:29, 104.75it/s] 39%|      | 1933/5000 [00:19<00:29, 104.39it/s] 39%|      | 1944/5000 [00:19<00:29, 104.92it/s] 39%|      | 1955/5000 [00:19<00:28, 105.82it/s] 39%|      | 1966/5000 [00:19<00:28, 105.53it/s] 40%|      | 1977/5000 [00:19<00:28, 105.49it/s] 40%|      | 1988/5000 [00:19<00:28, 105.09it/s] 40%|      | 1999/5000 [00:19<00:28, 105.82it/s] 40%|      | 2010/5000 [00:19<00:28, 105.73it/s] 40%|      | 2021/5000 [00:19<00:28, 105.78it/s] 41%|      | 2032/5000 [00:19<00:28, 105.72it/s] 41%|      | 2043/5000 [00:20<00:27, 105.93it/s] 41%|      | 2054/5000 [00:20<00:27, 105.22it/s] 41%|     | 2065/5000 [00:20<00:27, 106.09it/s] 42%|     | 2076/5000 [00:20<00:27, 105.68it/s] 42%|     | 2087/5000 [00:20<00:27, 105.79it/s] 42%|     | 2098/5000 [00:20<00:27, 106.35it/s] 42%|     | 2109/5000 [00:20<00:27, 106.78it/s] 42%|     | 2120/5000 [00:20<00:26, 106.84it/s] 43%|     | 2131/5000 [00:20<00:26, 106.31it/s] 43%|     | 2142/5000 [00:21<00:26, 106.89it/s] 43%|     | 2153/5000 [00:21<00:26, 106.82it/s] 43%|     | 2164/5000 [00:21<00:26, 106.62it/s] 44%|     | 2175/5000 [00:21<00:26, 106.04it/s] 44%|     | 2186/5000 [00:21<00:26, 104.54it/s] 44%|     | 2197/5000 [00:21<00:26, 105.58it/s] 44%|     | 2209/5000 [00:21<00:26, 107.00it/s] 44%|     | 2220/5000 [00:21<00:25, 107.69it/s] 45%|     | 2231/5000 [00:21<00:25, 108.14it/s] 45%|     | 2242/5000 [00:21<00:25, 107.41it/s] 45%|     | 2253/5000 [00:22<00:25, 107.01it/s] 45%|     | 2264/5000 [00:22<00:25, 107.48it/s] 46%|     | 2275/5000 [00:22<00:25, 106.67it/s] 46%|     | 2286/5000 [00:22<00:25, 106.02it/s] 46%|     | 2297/5000 [00:22<00:25, 106.10it/s] 46%|     | 2308/5000 [00:22<00:25, 105.96it/s] 46%|     | 2319/5000 [00:22<00:25, 105.50it/s] 47%|     | 2330/5000 [00:22<00:25, 105.00it/s] 47%|     | 2341/5000 [00:22<00:25, 104.76it/s] 47%|     | 2352/5000 [00:22<00:25, 105.61it/s] 47%|     | 2363/5000 [00:23<00:24, 105.87it/s] 47%|     | 2374/5000 [00:23<00:24, 106.14it/s] 48%|     | 2385/5000 [00:23<00:24, 106.25it/s] 48%|     | 2396/5000 [00:23<00:24, 107.26it/s] 48%|     | 2407/5000 [00:23<00:24, 106.73it/s] 48%|     | 2418/5000 [00:23<00:24, 106.78it/s] 49%|     | 2429/5000 [00:23<00:23, 107.54it/s] 49%|     | 2441/5000 [00:23<00:23, 108.63it/s] 49%|     | 2452/5000 [00:23<00:23, 108.75it/s] 49%|     | 2463/5000 [00:24<00:23, 108.35it/s] 49%|     | 2474/5000 [00:24<00:23, 107.97it/s] 50%|     | 2485/5000 [00:24<00:23, 107.15it/s] 50%|     | 2496/5000 [00:24<00:23, 106.44it/s] 50%|     | 2507/5000 [00:24<00:23, 105.31it/s] 50%|     | 2518/5000 [00:24<00:23, 105.90it/s] 51%|     | 2529/5000 [00:24<00:23, 106.46it/s] 51%|     | 2540/5000 [00:24<00:23, 105.47it/s] 51%|     | 2551/5000 [00:24<00:23, 105.34it/s] 51%|    | 2563/5000 [00:24<00:22, 106.71it/s] 51%|    | 2574/5000 [00:25<00:22, 106.88it/s] 52%|    | 2585/5000 [00:25<00:22, 106.44it/s] 52%|    | 2596/5000 [00:25<00:22, 106.07it/s] 52%|    | 2607/5000 [00:25<00:22, 104.72it/s] 52%|    | 2618/5000 [00:25<00:22, 104.26it/s] 53%|    | 2629/5000 [00:25<00:22, 104.06it/s] 53%|    | 2640/5000 [00:25<00:22, 104.16it/s] 53%|    | 2651/5000 [00:25<00:22, 103.34it/s] 53%|    | 2662/5000 [00:25<00:22, 103.68it/s] 53%|    | 2673/5000 [00:26<00:22, 103.42it/s] 54%|    | 2684/5000 [00:26<00:22, 102.90it/s] 54%|    | 2695/5000 [00:26<00:22, 103.71it/s] 54%|    | 2706/5000 [00:26<00:22, 103.92it/s] 54%|    | 2717/5000 [00:26<00:21, 103.91it/s] 55%|    | 2728/5000 [00:26<00:21, 103.92it/s] 55%|    | 2739/5000 [00:26<00:21, 104.01it/s] 55%|    | 2750/5000 [00:26<00:21, 105.12it/s] 55%|    | 2761/5000 [00:26<00:21, 104.73it/s] 55%|    | 2772/5000 [00:26<00:21, 105.28it/s] 56%|    | 2784/5000 [00:27<00:20, 106.93it/s] 56%|    | 2795/5000 [00:27<00:20, 106.69it/s] 56%|    | 2806/5000 [00:27<00:20, 105.87it/s] 56%|    | 2817/5000 [00:27<00:20, 106.03it/s] 57%|    | 2828/5000 [00:27<00:20, 105.50it/s] 57%|    | 2840/5000 [00:27<00:20, 106.97it/s] 57%|    | 2851/5000 [00:27<00:20, 107.15it/s] 57%|    | 2862/5000 [00:27<00:20, 106.88it/s] 57%|    | 2873/5000 [00:27<00:20, 105.87it/s] 58%|    | 2884/5000 [00:28<00:19, 106.17it/s] 58%|    | 2895/5000 [00:28<00:19, 107.14it/s] 58%|    | 2906/5000 [00:28<00:19, 107.06it/s] 58%|    | 2917/5000 [00:28<00:19, 107.36it/s] 59%|    | 2928/5000 [00:28<00:19, 106.76it/s] 59%|    | 2939/5000 [00:28<00:19, 105.59it/s] 59%|    | 2951/5000 [00:28<00:19, 106.90it/s] 59%|    | 2962/5000 [00:28<00:19, 106.64it/s] 59%|    | 2973/5000 [00:28<00:18, 107.20it/s] 60%|    | 2984/5000 [00:28<00:18, 106.44it/s] 60%|    | 2995/5000 [00:29<00:18, 106.49it/s] 60%|    | 3006/5000 [00:29<00:18, 105.81it/s] 60%|    | 3017/5000 [00:29<00:18, 105.35it/s] 61%|    | 3028/5000 [00:29<00:18, 105.24it/s] 61%|    | 3039/5000 [00:29<00:18, 105.49it/s] 61%|    | 3050/5000 [00:29<00:18, 105.13it/s] 61%|    | 3061/5000 [00:29<00:18, 105.38it/s] 61%|   | 3072/5000 [00:29<00:18, 105.37it/s] 62%|   | 3083/5000 [00:29<00:18, 105.52it/s] 62%|   | 3094/5000 [00:29<00:18, 105.61it/s] 62%|   | 3105/5000 [00:30<00:17, 106.64it/s] 62%|   | 3116/5000 [00:30<00:17, 106.56it/s] 63%|   | 3127/5000 [00:30<00:17, 105.65it/s] 63%|   | 3138/5000 [00:30<00:17, 106.04it/s] 63%|   | 3149/5000 [00:30<00:17, 105.59it/s] 63%|   | 3160/5000 [00:30<00:17, 105.93it/s] 63%|   | 3171/5000 [00:30<00:17, 105.92it/s] 64%|   | 3182/5000 [00:30<00:17, 105.43it/s] 64%|   | 3194/5000 [00:30<00:16, 107.39it/s] 64%|   | 3205/5000 [00:31<00:16, 107.78it/s] 64%|   | 3216/5000 [00:31<00:16, 107.45it/s] 65%|   | 3227/5000 [00:31<00:16, 106.98it/s] 65%|   | 3238/5000 [00:31<00:16, 106.67it/s] 65%|   | 3249/5000 [00:31<00:16, 107.22it/s] 65%|   | 3260/5000 [00:31<00:16, 106.79it/s] 65%|   | 3271/5000 [00:31<00:16, 106.46it/s] 66%|   | 3282/5000 [00:31<00:16, 106.55it/s] 66%|   | 3293/5000 [00:31<00:16, 106.63it/s] 66%|   | 3304/5000 [00:31<00:15, 107.11it/s] 66%|   | 3315/5000 [00:32<00:15, 106.27it/s] 67%|   | 3326/5000 [00:32<00:15, 105.81it/s] 67%|   | 3337/5000 [00:32<00:15, 105.50it/s] 67%|   | 3348/5000 [00:32<00:15, 104.67it/s] 67%|   | 3359/5000 [00:32<00:15, 105.02it/s] 67%|   | 3370/5000 [00:32<00:15, 106.25it/s] 68%|   | 3382/5000 [00:32<00:15, 107.80it/s] 68%|   | 3393/5000 [00:32<00:15, 106.89it/s] 68%|   | 3404/5000 [00:32<00:15, 106.20it/s] 68%|   | 3415/5000 [00:33<00:15, 104.98it/s] 69%|   | 3426/5000 [00:33<00:14, 106.38it/s] 69%|   | 3438/5000 [00:33<00:14, 107.35it/s] 69%|   | 3449/5000 [00:33<00:14, 107.34it/s] 69%|   | 3460/5000 [00:33<00:14, 106.16it/s] 69%|   | 3471/5000 [00:33<00:14, 105.23it/s] 70%|   | 3482/5000 [00:33<00:14, 104.38it/s] 70%|   | 3493/5000 [00:33<00:14, 104.58it/s] 70%|   | 3504/5000 [00:33<00:14, 104.37it/s] 70%|   | 3515/5000 [00:33<00:14, 104.35it/s] 71%|   | 3526/5000 [00:34<00:14, 104.75it/s] 71%|   | 3537/5000 [00:34<00:13, 105.20it/s] 71%|   | 3548/5000 [00:34<00:13, 105.08it/s] 71%|   | 3559/5000 [00:34<00:13, 104.53it/s] 71%|  | 3570/5000 [00:34<00:13, 105.34it/s] 72%|  | 3581/5000 [00:34<00:13, 106.29it/s] 72%|  | 3592/5000 [00:34<00:13, 105.39it/s] 72%|  | 3603/5000 [00:34<00:13, 106.65it/s] 72%|  | 3614/5000 [00:34<00:12, 106.62it/s] 72%|  | 3625/5000 [00:34<00:12, 106.84it/s] 73%|  | 3636/5000 [00:35<00:12, 105.95it/s] 73%|  | 3647/5000 [00:35<00:12, 105.44it/s] 73%|  | 3658/5000 [00:35<00:12, 105.31it/s] 73%|  | 3669/5000 [00:35<00:12, 105.91it/s] 74%|  | 3680/5000 [00:35<00:12, 106.32it/s] 74%|  | 3692/5000 [00:35<00:12, 107.52it/s] 74%|  | 3704/5000 [00:35<00:11, 109.92it/s] 74%|  | 3715/5000 [00:35<00:11, 109.64it/s] 75%|  | 3726/5000 [00:35<00:11, 108.70it/s] 75%|  | 3737/5000 [00:36<00:11, 107.26it/s] 75%|  | 3748/5000 [00:36<00:11, 107.28it/s] 75%|  | 3759/5000 [00:36<00:11, 106.42it/s] 75%|  | 3770/5000 [00:36<00:11, 106.17it/s] 76%|  | 3782/5000 [00:36<00:11, 108.60it/s] 76%|  | 3794/5000 [00:36<00:10, 110.11it/s] 76%|  | 3806/5000 [00:36<00:10, 109.59it/s] 76%|  | 3817/5000 [00:36<00:10, 109.33it/s] 77%|  | 3828/5000 [00:36<00:10, 108.00it/s] 77%|  | 3839/5000 [00:36<00:10, 107.03it/s] 77%|  | 3850/5000 [00:37<00:10, 106.21it/s] 77%|  | 3861/5000 [00:37<00:10, 105.87it/s] 77%|  | 3872/5000 [00:37<00:10, 104.90it/s] 78%|  | 3883/5000 [00:37<00:10, 105.36it/s] 78%|  | 3894/5000 [00:37<00:10, 105.25it/s] 78%|  | 3905/5000 [00:37<00:10, 105.52it/s] 78%|  | 3916/5000 [00:37<00:10, 106.74it/s] 79%|  | 3927/5000 [00:37<00:10, 106.53it/s] 79%|  | 3938/5000 [00:37<00:09, 106.22it/s] 79%|  | 3949/5000 [00:38<00:09, 105.48it/s] 79%|  | 3960/5000 [00:38<00:09, 104.61it/s] 79%|  | 3971/5000 [00:38<00:09, 104.55it/s] 80%|  | 3982/5000 [00:38<00:09, 104.40it/s] 80%|  | 3993/5000 [00:38<00:09, 104.85it/s] 80%|  | 4004/5000 [00:38<00:09, 104.59it/s] 80%|  | 4015/5000 [00:38<00:09, 104.37it/s] 81%|  | 4026/5000 [00:38<00:09, 104.38it/s] 81%|  | 4037/5000 [00:38<00:09, 103.94it/s] 81%|  | 4048/5000 [00:38<00:09, 103.72it/s] 81%|  | 4059/5000 [00:39<00:09, 104.03it/s] 81%| | 4070/5000 [00:39<00:08, 104.76it/s] 82%| | 4081/5000 [00:39<00:08, 105.21it/s] 82%| | 4092/5000 [00:39<00:08, 104.60it/s] 82%| | 4103/5000 [00:39<00:08, 104.54it/s] 82%| | 4114/5000 [00:39<00:08, 103.43it/s] 82%| | 4125/5000 [00:39<00:08, 102.65it/s] 83%| | 4136/5000 [00:39<00:08, 102.96it/s] 83%| | 4147/5000 [00:39<00:08, 104.42it/s] 83%| | 4158/5000 [00:40<00:07, 105.56it/s] 83%| | 4169/5000 [00:40<00:07, 106.01it/s] 84%| | 4180/5000 [00:40<00:07, 105.55it/s] 84%| | 4191/5000 [00:40<00:07, 105.61it/s] 84%| | 4202/5000 [00:40<00:07, 106.11it/s] 84%| | 4213/5000 [00:40<00:07, 106.68it/s] 84%| | 4224/5000 [00:40<00:07, 105.81it/s] 85%| | 4235/5000 [00:40<00:07, 105.89it/s] 85%| | 4248/5000 [00:40<00:06, 110.03it/s] 85%| | 4259/5000 [00:40<00:06, 108.57it/s] 85%| | 4270/5000 [00:41<00:06, 106.64it/s] 86%| | 4281/5000 [00:41<00:06, 106.57it/s] 86%| | 4292/5000 [00:41<00:06, 105.92it/s] 86%| | 4303/5000 [00:41<00:06, 104.95it/s] 86%| | 4314/5000 [00:41<00:06, 104.55it/s] 86%| | 4325/5000 [00:41<00:06, 104.42it/s] 87%| | 4336/5000 [00:41<00:06, 105.64it/s] 87%| | 4347/5000 [00:41<00:06, 105.38it/s] 87%| | 4358/5000 [00:41<00:06, 104.92it/s] 87%| | 4369/5000 [00:42<00:06, 105.15it/s] 88%| | 4381/5000 [00:42<00:05, 106.83it/s] 88%| | 4392/5000 [00:42<00:05, 106.04it/s] 88%| | 4403/5000 [00:42<00:05, 105.82it/s] 88%| | 4414/5000 [00:42<00:05, 105.95it/s] 88%| | 4425/5000 [00:42<00:05, 107.02it/s] 89%| | 4436/5000 [00:42<00:05, 107.54it/s] 89%| | 4447/5000 [00:42<00:05, 107.02it/s] 89%| | 4458/5000 [00:42<00:05, 107.63it/s] 89%| | 4469/5000 [00:42<00:04, 107.47it/s] 90%| | 4480/5000 [00:43<00:04, 107.68it/s] 90%| | 4491/5000 [00:43<00:04, 108.21it/s] 90%| | 4502/5000 [00:43<00:04, 107.25it/s] 90%| | 4513/5000 [00:43<00:04, 106.18it/s] 90%| | 4524/5000 [00:43<00:04, 106.07it/s] 91%| | 4535/5000 [00:43<00:04, 105.03it/s] 91%| | 4546/5000 [00:43<00:04, 103.76it/s] 91%| | 4557/5000 [00:43<00:04, 102.63it/s] 91%|| 4568/5000 [00:43<00:04, 104.17it/s] 92%|| 4579/5000 [00:43<00:03, 105.72it/s] 92%|| 4590/5000 [00:44<00:03, 105.01it/s] 92%|| 4601/5000 [00:44<00:03, 105.43it/s] 92%|| 4612/5000 [00:44<00:03, 105.14it/s] 92%|| 4623/5000 [00:44<00:03, 105.45it/s] 93%|| 4634/5000 [00:44<00:03, 105.38it/s] 93%|| 4645/5000 [00:44<00:03, 105.69it/s] 93%|| 4656/5000 [00:44<00:03, 106.21it/s] 93%|| 4667/5000 [00:44<00:03, 106.04it/s] 94%|| 4678/5000 [00:44<00:03, 105.84it/s] 94%|| 4689/5000 [00:45<00:02, 105.84it/s] 94%|| 4700/5000 [00:45<00:02, 105.39it/s] 94%|| 4711/5000 [00:45<00:02, 104.28it/s] 94%|| 4722/5000 [00:45<00:02, 103.17it/s] 95%|| 4733/5000 [00:45<00:02, 103.96it/s] 95%|| 4744/5000 [00:45<00:02, 104.30it/s] 95%|| 4755/5000 [00:45<00:02, 104.53it/s] 95%|| 4766/5000 [00:45<00:02, 105.32it/s] 96%|| 4777/5000 [00:45<00:02, 106.05it/s] 96%|| 4788/5000 [00:45<00:01, 106.00it/s] 96%|| 4799/5000 [00:46<00:01, 106.21it/s] 96%|| 4810/5000 [00:46<00:01, 106.05it/s] 96%|| 4821/5000 [00:46<00:01, 106.13it/s] 97%|| 4832/5000 [00:46<00:01, 106.06it/s] 97%|| 4843/5000 [00:46<00:01, 105.83it/s] 97%|| 4854/5000 [00:46<00:01, 105.68it/s] 97%|| 4865/5000 [00:46<00:01, 105.78it/s] 98%|| 4876/5000 [00:46<00:01, 105.99it/s] 98%|| 4887/5000 [00:46<00:01, 105.72it/s] 98%|| 4898/5000 [00:47<00:00, 105.80it/s] 98%|| 4909/5000 [00:47<00:00, 105.32it/s] 98%|| 4920/5000 [00:47<00:00, 104.68it/s] 99%|| 4931/5000 [00:47<00:00, 104.05it/s] 99%|| 4942/5000 [00:47<00:00, 104.55it/s] 99%|| 4953/5000 [00:47<00:00, 104.91it/s] 99%|| 4964/5000 [00:47<00:00, 104.90it/s]100%|| 4975/5000 [00:47<00:00, 104.86it/s]100%|| 4986/5000 [00:47<00:00, 105.26it/s]100%|| 4997/5000 [00:47<00:00, 106.33it/s]100%|| 5000/5000 [00:47<00:00, 104.18it/s]
******************** Output ********************
(10432, 1)
Saving data...
******************** Corner plot ********************
Making corner plot...
Done.
