******************** Initializing ********************
******************** Preparing inputs ********************
Setting up science...

 J124942.30+344928.9
g 2.12e-06
r 2.12e-06

 J183412.42+365655.3
g 2.12e-06
r 2.12e-06

 J181719.94+541910.0
g 2.12e-06
r 2.12e-06

 J224333.95+760619.2
g 2.12e-06
r 2.12e-06

 J120437.98+500024.0
g 2.12e-06
r 2.12e-06

 J154342.46+461233.4
g 2.12e-06
r 2.12e-06
******************************
Index 0
******************************
Index 1
******************************
Index 2
GW190408_181802
Loading skymap...
GW190412
Loading skymap...
******************************
Index 4
******************************
Index 5
******************************
Index 3
******************************
Index 6
GW190421_213856
Loading skymap...
GW190424_180648
Loading skymap...
GW190425
Loading skymap...
GW190413_052954
Loading skymap...
******************************
Index 7
GW190413_134308
Loading skymap...
******************************
Index 8
******************************
Index 9
******************************
Index 10
******************************
Index 11
GW190426_152155
Loading skymap...
GW190503_185404
Loading skymap...
GW190512_180714
Loading skymap...
******************************
Index 12
GW190513_205428
Loading skymap...
******************************
Index 13
GW190514_065416
Loading skymap...
******************************
Index 14
GW190517_055101
Loading skymap...
GW190519_153544
Loading skymap...
GW190521
Loading skymap...
******************************
Index 15
******************************
Index 18
******************************
Index 17
******************************
******************************Index 16

Index 19
******************************
Index 21
******************************
Index 20
GW190620_030421
Loading skymap...
******************************GW190521_074359
GW190602_175927

Index 22GW190706_222641Loading skymap...Loading skymap...



Loading skymap...
GW190527_092055
Loading skymap...GW190630_185205

Loading skymap...
******************************
Index 23
GW190701_203306
Loading skymap...
GW190707_093326
Loading skymap...
GW190708_232457
Loading skymap...
******************************
Index 24
******************************
Index 25
******************************
Index 26
******************************
Index 27
GW190719_215514
Loading skymap...
GW190720_000836
Loading skymap...
GW190727_060333
Loading skymap...
GW190728_064510
Loading skymap...
******************************
Index 28
******************************
Index 29
******************************
******************************Index 31

Index 30
GW190731_140936
Loading skymap...
GW190803_022701
Loading skymap...
GW190828_063405
Loading skymap...
GW190814
Loading skymap...
Loading flares...
Calculating background rate...
Loading flares...
Calculating background rate...
Loading flares...
Calculating background rate...
Loading flares...
Loading flares...
Calculating background rate...
Loading flares...
Calculating background rate...
Loading flares...
Calculating background rate...
Loading flares...
Loading flares...
Loading flares...
Loading flares...
Calculating background rate...
Calculating background rate...
Calculating background rate...
Calculating background rate...
Calculating background rate...
Loading flares...
Loading flares...
Loading flares...
Calculating background rate...
Calculating background rate...
Loading flares...
Calculating background rate...
Loading flares...
Loading flares...
Calculating background rate...
Calculating background rate...
Calculating background rate...
Loading flares...
Calculating background rate...
Loading flares...
Calculating background rate...
Loading flares...
Loading flares...
Calculating background rate...
Calculating background rate...
Loading flares...
Calculating background rate...
Loading flares...
Loading flares...
Loading flares...
Calculating background rate...
Loading flares...
Calculating background rate...
Loading flares...Calculating background rate...

Loading flares...
Loading flares...
Calculating background rate...
Calculating background rate...
Calculating background rate...
Loading flares...
Loading flares...
Calculating background rate...
Calculating background rate...
Calculating background rate...
Loading flares...
Calculating background rate...
WARNING: UnitsWarning: 'pct' did not parse as fits unit: At col 0, Unit 'pct' not supported by the FITS standard. Did you mean PC, PT, cT, ct, pC, pT or pc? If this is meant to be a custom unit, define it with 'u.def_unit'. To have it recognized inside a file reader or other code, enable it with 'u.add_enabled_units'. For details, see https://docs.astropy.org/en/latest/units/combining_and_defining.html [astropy.units.core]
WARNING: UnitsWarning: 'pct' did not parse as fits unit: At col 0, Unit 'pct' not supported by the FITS standard. Did you mean PC, PT, cT, ct, pC, pT or pc? If this is meant to be a custom unit, define it with 'u.def_unit'. To have it recognized inside a file reader or other code, enable it with 'u.add_enabled_units'. For details, see https://docs.astropy.org/en/latest/units/combining_and_defining.html [astropy.units.core]
WARNING: UnitsWarning: 'pct' did not parse as fits unit: At col 0, Unit 'pct' not supported by the FITS standard. Did you mean PC, PT, cT, ct, pC, pT or pc? If this is meant to be a custom unit, define it with 'u.def_unit'. To have it recognized inside a file reader or other code, enable it with 'u.add_enabled_units'. For details, see https://docs.astropy.org/en/latest/units/combining_and_defining.html [astropy.units.core]
WARNING: UnitsWarning: 'pct' did not parse as fits unit: At col 0, Unit 'pct' not supported by the FITS standard. Did you mean PC, PT, cT, ct, pC, pT or pc? If this is meant to be a custom unit, define it with 'u.def_unit'. To have it recognized inside a file reader or other code, enable it with 'u.add_enabled_units'. For details, see https://docs.astropy.org/en/latest/units/combining_and_defining.html [astropy.units.core]
WARNING: UnitsWarning: 'pct' did not parse as fits unit: At col 0, Unit 'pct' not supported by the FITS standard. Did you mean PC, PT, cT, ct, pC, pT or pc? If this is meant to be a custom unit, define it with 'u.def_unit'. To have it recognized inside a file reader or other code, enable it with 'u.add_enabled_units'. For details, see https://docs.astropy.org/en/latest/units/combining_and_defining.html [astropy.units.core]
WARNING: UnitsWarning: 'pct' did not parse as fits unit: At col 0, Unit 'pct' not supported by the FITS standard. Did you mean PC, PT, cT, ct, pC, pT or pc? If this is meant to be a custom unit, define it with 'u.def_unit'. To have it recognized inside a file reader or other code, enable it with 'u.add_enabled_units'. For details, see https://docs.astropy.org/en/latest/units/combining_and_defining.html [astropy.units.core]
WARNING: UnitsWarning: 'pct' did not parse as fits unit: At col 0, Unit 'pct' not supported by the FITS standard. Did you mean PC, PT, cT, ct, pC, pT or pc? If this is meant to be a custom unit, define it with 'u.def_unit'. To have it recognized inside a file reader or other code, enable it with 'u.add_enabled_units'. For details, see https://docs.astropy.org/en/latest/units/combining_and_defining.html [astropy.units.core]
WARNING: UnitsWarning: 'pct' did not parse as fits unit: At col 0, Unit 'pct' not supported by the FITS standard. Did you mean PC, PT, cT, ct, pC, pT or pc? If this is meant to be a custom unit, define it with 'u.def_unit'. To have it recognized inside a file reader or other code, enable it with 'u.add_enabled_units'. For details, see https://docs.astropy.org/en/latest/units/combining_and_defining.html [astropy.units.core]
WARNING: UnitsWarning: 'pct' did not parse as fits unit: At col 0, Unit 'pct' not supported by the FITS standard. Did you mean PC, PT, cT, ct, pC, pT or pc? If this is meant to be a custom unit, define it with 'u.def_unit'. To have it recognized inside a file reader or other code, enable it with 'u.add_enabled_units'. For details, see https://docs.astropy.org/en/latest/units/combining_and_defining.html [astropy.units.core]
WARNING: UnitsWarning: 'pct' did not parse as fits unit: At col 0, Unit 'pct' not supported by the FITS standard. Did you mean PC, PT, cT, ct, pC, pT or pc? If this is meant to be a custom unit, define it with 'u.def_unit'. To have it recognized inside a file reader or other code, enable it with 'u.add_enabled_units'. For details, see https://docs.astropy.org/en/latest/units/combining_and_defining.html [astropy.units.core]
WARNING: UnitsWarning: 'pct' did not parse as fits unit: At col 0, Unit 'pct' not supported by the FITS standard. Did you mean PC, PT, cT, ct, pC, pT or pc? If this is meant to be a custom unit, define it with 'u.def_unit'. To have it recognized inside a file reader or other code, enable it with 'u.add_enabled_units'. For details, see https://docs.astropy.org/en/latest/units/combining_and_defining.html [astropy.units.core]
WARNING: UnitsWarning: 'pct' did not parse as fits unit: At col 0, Unit 'pct' not supported by the FITS standard. Did you mean PC, PT, cT, ct, pC, pT or pc? If this is meant to be a custom unit, define it with 'u.def_unit'. To have it recognized inside a file reader or other code, enable it with 'u.add_enabled_units'. For details, see https://docs.astropy.org/en/latest/units/combining_and_defining.html [astropy.units.core]
WARNING: UnitsWarning: 'pct' did not parse as fits unit: At col 0, Unit 'pct' not supported by the FITS standard. Did you mean PC, PT, cT, ct, pC, pT or pc? If this is meant to be a custom unit, define it with 'u.def_unit'. To have it recognized inside a file reader or other code, enable it with 'u.add_enabled_units'. For details, see https://docs.astropy.org/en/latest/units/combining_and_defining.html [astropy.units.core]
WARNING: UnitsWarning: 'pct' did not parse as fits unit: At col 0, Unit 'pct' not supported by the FITS standard. Did you mean PC, PT, cT, ct, pC, pT or pc? If this is meant to be a custom unit, define it with 'u.def_unit'. To have it recognized inside a file reader or other code, enable it with 'u.add_enabled_units'. For details, see https://docs.astropy.org/en/latest/units/combining_and_defining.html [astropy.units.core]
WARNING: UnitsWarning: 'pct' did not parse as fits unit: At col 0, Unit 'pct' not supported by the FITS standard. Did you mean PC, PT, cT, ct, pC, pT or pc? If this is meant to be a custom unit, define it with 'u.def_unit'. To have it recognized inside a file reader or other code, enable it with 'u.add_enabled_units'. For details, see https://docs.astropy.org/en/latest/units/combining_and_defining.html [astropy.units.core]
WARNING: UnitsWarning: 'pct' did not parse as fits unit: At col 0, Unit 'pct' not supported by the FITS standard. Did you mean PC, PT, cT, ct, pC, pT or pc? If this is meant to be a custom unit, define it with 'u.def_unit'. To have it recognized inside a file reader or other code, enable it with 'u.add_enabled_units'. For details, see https://docs.astropy.org/en/latest/units/combining_and_defining.html [astropy.units.core]
WARNING: UnitsWarning: 'pct' did not parse as fits unit: At col 0, Unit 'pct' not supported by the FITS standard. Did you mean PC, PT, cT, ct, pC, pT or pc? If this is meant to be a custom unit, define it with 'u.def_unit'. To have it recognized inside a file reader or other code, enable it with 'u.add_enabled_units'. For details, see https://docs.astropy.org/en/latest/units/combining_and_defining.html [astropy.units.core]
WARNING: UnitsWarning: 'pct' did not parse as fits unit: At col 0, Unit 'pct' not supported by the FITS standard. Did you mean PC, PT, cT, ct, pC, pT or pc? If this is meant to be a custom unit, define it with 'u.def_unit'. To have it recognized inside a file reader or other code, enable it with 'u.add_enabled_units'. For details, see https://docs.astropy.org/en/latest/units/combining_and_defining.html [astropy.units.core]
WARNING: UnitsWarning: 'pct' did not parse as fits unit: At col 0, Unit 'pct' not supported by the FITS standard. Did you mean PC, PT, cT, ct, pC, pT or pc? If this is meant to be a custom unit, define it with 'u.def_unit'. To have it recognized inside a file reader or other code, enable it with 'u.add_enabled_units'. For details, see https://docs.astropy.org/en/latest/units/combining_and_defining.html [astropy.units.core]
WARNING: UnitsWarning: 'pct' did not parse as fits unit: At col 0, Unit 'pct' not supported by the FITS standard. Did you mean PC, PT, cT, ct, pC, pT or pc? If this is meant to be a custom unit, define it with 'u.def_unit'. To have it recognized inside a file reader or other code, enable it with 'u.add_enabled_units'. For details, see https://docs.astropy.org/en/latest/units/combining_and_defining.html [astropy.units.core]
WARNING: UnitsWarning: 'pct' did not parse as fits unit: At col 0, Unit 'pct' not supported by the FITS standard. Did you mean PC, PT, cT, ct, pC, pT or pc? If this is meant to be a custom unit, define it with 'u.def_unit'. To have it recognized inside a file reader or other code, enable it with 'u.add_enabled_units'. For details, see https://docs.astropy.org/en/latest/units/combining_and_defining.html [astropy.units.core]
WARNING: UnitsWarning: 'pct' did not parse as fits unit: At col 0, Unit 'pct' not supported by the FITS standard. Did you mean PC, PT, cT, ct, pC, pT or pc? If this is meant to be a custom unit, define it with 'u.def_unit'. To have it recognized inside a file reader or other code, enable it with 'u.add_enabled_units'. For details, see https://docs.astropy.org/en/latest/units/combining_and_defining.html [astropy.units.core]
WARNING: UnitsWarning: 'pct' did not parse as fits unit: At col 0, Unit 'pct' not supported by the FITS standard. Did you mean PC, PT, cT, ct, pC, pT or pc? If this is meant to be a custom unit, define it with 'u.def_unit'. To have it recognized inside a file reader or other code, enable it with 'u.add_enabled_units'. For details, see https://docs.astropy.org/en/latest/units/combining_and_defining.html [astropy.units.core]
WARNING: UnitsWarning: 'pct' did not parse as fits unit: At col 0, Unit 'pct' not supported by the FITS standard. Did you mean PC, PT, cT, ct, pC, pT or pc? If this is meant to be a custom unit, define it with 'u.def_unit'. To have it recognized inside a file reader or other code, enable it with 'u.add_enabled_units'. For details, see https://docs.astropy.org/en/latest/units/combining_and_defining.html [astropy.units.core]
WARNING: UnitsWarning: 'pct' did not parse as fits unit: At col 0, Unit 'pct' not supported by the FITS standard. Did you mean PC, PT, cT, ct, pC, pT or pc? If this is meant to be a custom unit, define it with 'u.def_unit'. To have it recognized inside a file reader or other code, enable it with 'u.add_enabled_units'. For details, see https://docs.astropy.org/en/latest/units/combining_and_defining.html [astropy.units.core]
WARNING: UnitsWarning: 'pct' did not parse as fits unit: At col 0, Unit 'pct' not supported by the FITS standard. Did you mean PC, PT, cT, ct, pC, pT or pc? If this is meant to be a custom unit, define it with 'u.def_unit'. To have it recognized inside a file reader or other code, enable it with 'u.add_enabled_units'. For details, see https://docs.astropy.org/en/latest/units/combining_and_defining.html [astropy.units.core]
WARNING: UnitsWarning: 'pct' did not parse as fits unit: At col 0, Unit 'pct' not supported by the FITS standard. Did you mean PC, PT, cT, ct, pC, pT or pc? If this is meant to be a custom unit, define it with 'u.def_unit'. To have it recognized inside a file reader or other code, enable it with 'u.add_enabled_units'. For details, see https://docs.astropy.org/en/latest/units/combining_and_defining.html [astropy.units.core]
WARNING: UnitsWarning: 'pct' did not parse as fits unit: At col 0, Unit 'pct' not supported by the FITS standard. Did you mean PC, PT, cT, ct, pC, pT or pc? If this is meant to be a custom unit, define it with 'u.def_unit'. To have it recognized inside a file reader or other code, enable it with 'u.add_enabled_units'. For details, see https://docs.astropy.org/en/latest/units/combining_and_defining.html [astropy.units.core]
WARNING: UnitsWarning: 'pct' did not parse as fits unit: At col 0, Unit 'pct' not supported by the FITS standard. Did you mean PC, PT, cT, ct, pC, pT or pc? If this is meant to be a custom unit, define it with 'u.def_unit'. To have it recognized inside a file reader or other code, enable it with 'u.add_enabled_units'. For details, see https://docs.astropy.org/en/latest/units/combining_and_defining.html [astropy.units.core]
WARNING: UnitsWarning: 'pct' did not parse as fits unit: At col 0, Unit 'pct' not supported by the FITS standard. Did you mean PC, PT, cT, ct, pC, pT or pc? If this is meant to be a custom unit, define it with 'u.def_unit'. To have it recognized inside a file reader or other code, enable it with 'u.add_enabled_units'. For details, see https://docs.astropy.org/en/latest/units/combining_and_defining.html [astropy.units.core]
WARNING: UnitsWarning: 'pct' did not parse as fits unit: At col 0, Unit 'pct' not supported by the FITS standard. Did you mean PC, PT, cT, ct, pC, pT or pc? If this is meant to be a custom unit, define it with 'u.def_unit'. To have it recognized inside a file reader or other code, enable it with 'u.add_enabled_units'. For details, see https://docs.astropy.org/en/latest/units/combining_and_defining.html [astropy.units.core]
WARNING: UnitsWarning: 'pct' did not parse as fits unit: At col 0, Unit 'pct' not supported by the FITS standard. Did you mean PC, PT, cT, ct, pC, pT or pc? If this is meant to be a custom unit, define it with 'u.def_unit'. To have it recognized inside a file reader or other code, enable it with 'u.add_enabled_units'. For details, see https://docs.astropy.org/en/latest/units/combining_and_defining.html [astropy.units.core]
******************************
Index 32
GW190828_065509
Loading skymap...
Loading flares...
Calculating background rate...
******************************
Index 33
GW190909_114149
Loading skymap...
Loading flares...
Calculating background rate...
******************************
Index 34
GW190910_112807
Loading skymap...
Loading flares...
Calculating background rate...
******************************
Index 35
GW190915_235702
Loading skymap...
Loading flares...
Calculating background rate...
******************************
Index 36
GW190924_021846
Loading skymap...
Loading flares...
Calculating background rate...
******************************
Index 37
GW190929_012149
Loading skymap...
Loading flares...
Calculating background rate...
******************************
Index 38
GW190930_133541
Loading skymap...
Loading flares...
Calculating background rate...
******************************
Index 39
GW190403_051519
Loading skymap...
Loading flares...
Calculating background rate...
******************************
Index 40
GW190426_190642
Loading skymap...
Loading flares...
Calculating background rate...
******************************
Index 41
GW190725_174728
Loading skymap...
Loading flares...
Calculating background rate...
******************************
Index 42
GW190805_211137
Loading skymap...
Loading flares...
Calculating background rate...
******************************
Index 43
GW190916_200658
Loading skymap...
Loading flares...
Calculating background rate...
******************************
Index 44
GW190917_114630
Loading skymap...
Loading flares...
Calculating background rate...
******************************
Index 45
GW190925_232845
Loading skymap...
Loading flares...
Calculating background rate...
******************************
Index 46
GW190926_050336
Loading skymap...
Loading flares...
Calculating background rate...
******************************
Index 47
GW191103_012549
Loading skymap...
Loading flares...
Calculating background rate...
******************************
Index 48
GW191105_143521
Loading skymap...
Loading flares...
Calculating background rate...
******************************
Index 49
GW191109_010717
Loading skymap...
Loading flares...
Calculating background rate...
******************************
Index 50
GW191113_071753
Loading skymap...
Loading flares...
Calculating background rate...
******************************
Index 51
GW191126_115259
Loading skymap...
Loading flares...
Calculating background rate...
******************************
Index 52
GW191127_050227
Loading skymap...
Loading flares...
Calculating background rate...
******************************
Index 53
GW191129_134029
Loading skymap...
Loading flares...
Calculating background rate...
WARNING: UnitsWarning: 'pct' did not parse as fits unit: At col 0, Unit 'pct' not supported by the FITS standard. Did you mean PC, PT, cT, ct, pC, pT or pc? If this is meant to be a custom unit, define it with 'u.def_unit'. To have it recognized inside a file reader or other code, enable it with 'u.add_enabled_units'. For details, see https://docs.astropy.org/en/latest/units/combining_and_defining.html [astropy.units.core]
******************************
Index 54
GW191204_110529
Loading skymap...
Loading flares...
Calculating background rate...
******************************
Index 55
GW191204_171526
Loading skymap...
Loading flares...
Calculating background rate...
******************************
Index 56
GW191215_223052
Loading skymap...
Loading flares...
Calculating background rate...
******************************
Index 57
GW191216_213338
Loading skymap...
Loading flares...
Calculating background rate...
WARNING: UnitsWarning: 'pct' did not parse as fits unit: At col 0, Unit 'pct' not supported by the FITS standard. Did you mean PC, PT, cT, ct, pC, pT or pc? If this is meant to be a custom unit, define it with 'u.def_unit'. To have it recognized inside a file reader or other code, enable it with 'u.add_enabled_units'. For details, see https://docs.astropy.org/en/latest/units/combining_and_defining.html [astropy.units.core]
******************************
Index 58
GW191219_163120
Loading skymap...
Loading flares...
Calculating background rate...
WARNING: UnitsWarning: 'pct' did not parse as fits unit: At col 0, Unit 'pct' not supported by the FITS standard. Did you mean PC, PT, cT, ct, pC, pT or pc? If this is meant to be a custom unit, define it with 'u.def_unit'. To have it recognized inside a file reader or other code, enable it with 'u.add_enabled_units'. For details, see https://docs.astropy.org/en/latest/units/combining_and_defining.html [astropy.units.core]
******************************
Index 59
GW191222_033537
Loading skymap...
Loading flares...
******************************
Index 60
GW191230_180458
Loading skymap...
Calculating background rate...
Loading flares...
Calculating background rate...
WARNING: UnitsWarning: 'pct' did not parse as fits unit: At col 0, Unit 'pct' not supported by the FITS standard. Did you mean PC, PT, cT, ct, pC, pT or pc? If this is meant to be a custom unit, define it with 'u.def_unit'. To have it recognized inside a file reader or other code, enable it with 'u.add_enabled_units'. For details, see https://docs.astropy.org/en/latest/units/combining_and_defining.html [astropy.units.core]
WARNING: UnitsWarning: 'pct' did not parse as fits unit: At col 0, Unit 'pct' not supported by the FITS standard. Did you mean PC, PT, cT, ct, pC, pT or pc? If this is meant to be a custom unit, define it with 'u.def_unit'. To have it recognized inside a file reader or other code, enable it with 'u.add_enabled_units'. For details, see https://docs.astropy.org/en/latest/units/combining_and_defining.html [astropy.units.core]
WARNING: UnitsWarning: 'pct' did not parse as fits unit: At col 0, Unit 'pct' not supported by the FITS standard. Did you mean PC, PT, cT, ct, pC, pT or pc? If this is meant to be a custom unit, define it with 'u.def_unit'. To have it recognized inside a file reader or other code, enable it with 'u.add_enabled_units'. For details, see https://docs.astropy.org/en/latest/units/combining_and_defining.html [astropy.units.core]
******************************
Index 61
GW200105_162426
Loading skymap...
Loading flares...
Calculating background rate...
WARNING: UnitsWarning: 'pct' did not parse as fits unit: At col 0, Unit 'pct' not supported by the FITS standard. Did you mean PC, PT, cT, ct, pC, pT or pc? If this is meant to be a custom unit, define it with 'u.def_unit'. To have it recognized inside a file reader or other code, enable it with 'u.add_enabled_units'. For details, see https://docs.astropy.org/en/latest/units/combining_and_defining.html [astropy.units.core]
WARNING: UnitsWarning: 'pct' did not parse as fits unit: At col 0, Unit 'pct' not supported by the FITS standard. Did you mean PC, PT, cT, ct, pC, pT or pc? If this is meant to be a custom unit, define it with 'u.def_unit'. To have it recognized inside a file reader or other code, enable it with 'u.add_enabled_units'. For details, see https://docs.astropy.org/en/latest/units/combining_and_defining.html [astropy.units.core]
WARNING: UnitsWarning: 'pct' did not parse as fits unit: At col 0, Unit 'pct' not supported by the FITS standard. Did you mean PC, PT, cT, ct, pC, pT or pc? If this is meant to be a custom unit, define it with 'u.def_unit'. To have it recognized inside a file reader or other code, enable it with 'u.add_enabled_units'. For details, see https://docs.astropy.org/en/latest/units/combining_and_defining.html [astropy.units.core]
WARNING: UnitsWarning: 'pct' did not parse as fits unit: At col 0, Unit 'pct' not supported by the FITS standard. Did you mean PC, PT, cT, ct, pC, pT or pc? If this is meant to be a custom unit, define it with 'u.def_unit'. To have it recognized inside a file reader or other code, enable it with 'u.add_enabled_units'. For details, see https://docs.astropy.org/en/latest/units/combining_and_defining.html [astropy.units.core]
WARNING: UnitsWarning: 'pct' did not parse as fits unit: At col 0, Unit 'pct' not supported by the FITS standard. Did you mean PC, PT, cT, ct, pC, pT or pc? If this is meant to be a custom unit, define it with 'u.def_unit'. To have it recognized inside a file reader or other code, enable it with 'u.add_enabled_units'. For details, see https://docs.astropy.org/en/latest/units/combining_and_defining.html [astropy.units.core]
WARNING: UnitsWarning: 'pct' did not parse as fits unit: At col 0, Unit 'pct' not supported by the FITS standard. Did you mean PC, PT, cT, ct, pC, pT or pc? If this is meant to be a custom unit, define it with 'u.def_unit'. To have it recognized inside a file reader or other code, enable it with 'u.add_enabled_units'. For details, see https://docs.astropy.org/en/latest/units/combining_and_defining.html [astropy.units.core]
******************************
Index 62
GW200112_155838
Loading skymap...
Loading flares...
Calculating background rate...
WARNING: UnitsWarning: 'pct' did not parse as fits unit: At col 0, Unit 'pct' not supported by the FITS standard. Did you mean PC, PT, cT, ct, pC, pT or pc? If this is meant to be a custom unit, define it with 'u.def_unit'. To have it recognized inside a file reader or other code, enable it with 'u.add_enabled_units'. For details, see https://docs.astropy.org/en/latest/units/combining_and_defining.html [astropy.units.core]
WARNING: UnitsWarning: 'pct' did not parse as fits unit: At col 0, Unit 'pct' not supported by the FITS standard. Did you mean PC, PT, cT, ct, pC, pT or pc? If this is meant to be a custom unit, define it with 'u.def_unit'. To have it recognized inside a file reader or other code, enable it with 'u.add_enabled_units'. For details, see https://docs.astropy.org/en/latest/units/combining_and_defining.html [astropy.units.core]
******************************
Index 63
GW200115_042309
Loading skymap...
Loading flares...
Calculating background rate...
WARNING: UnitsWarning: 'pct' did not parse as fits unit: At col 0, Unit 'pct' not supported by the FITS standard. Did you mean PC, PT, cT, ct, pC, pT or pc? If this is meant to be a custom unit, define it with 'u.def_unit'. To have it recognized inside a file reader or other code, enable it with 'u.add_enabled_units'. For details, see https://docs.astropy.org/en/latest/units/combining_and_defining.html [astropy.units.core]
WARNING: UnitsWarning: 'pct' did not parse as fits unit: At col 0, Unit 'pct' not supported by the FITS standard. Did you mean PC, PT, cT, ct, pC, pT or pc? If this is meant to be a custom unit, define it with 'u.def_unit'. To have it recognized inside a file reader or other code, enable it with 'u.add_enabled_units'. For details, see https://docs.astropy.org/en/latest/units/combining_and_defining.html [astropy.units.core]
WARNING: UnitsWarning: 'pct' did not parse as fits unit: At col 0, Unit 'pct' not supported by the FITS standard. Did you mean PC, PT, cT, ct, pC, pT or pc? If this is meant to be a custom unit, define it with 'u.def_unit'. To have it recognized inside a file reader or other code, enable it with 'u.add_enabled_units'. For details, see https://docs.astropy.org/en/latest/units/combining_and_defining.html [astropy.units.core]
WARNING: UnitsWarning: 'pct' did not parse as fits unit: At col 0, Unit 'pct' not supported by the FITS standard. Did you mean PC, PT, cT, ct, pC, pT or pc? If this is meant to be a custom unit, define it with 'u.def_unit'. To have it recognized inside a file reader or other code, enable it with 'u.add_enabled_units'. For details, see https://docs.astropy.org/en/latest/units/combining_and_defining.html [astropy.units.core]
WARNING: UnitsWarning: 'pct' did not parse as fits unit: At col 0, Unit 'pct' not supported by the FITS standard. Did you mean PC, PT, cT, ct, pC, pT or pc? If this is meant to be a custom unit, define it with 'u.def_unit'. To have it recognized inside a file reader or other code, enable it with 'u.add_enabled_units'. For details, see https://docs.astropy.org/en/latest/units/combining_and_defining.html [astropy.units.core]
WARNING: UnitsWarning: 'pct' did not parse as fits unit: At col 0, Unit 'pct' not supported by the FITS standard. Did you mean PC, PT, cT, ct, pC, pT or pc? If this is meant to be a custom unit, define it with 'u.def_unit'. To have it recognized inside a file reader or other code, enable it with 'u.add_enabled_units'. For details, see https://docs.astropy.org/en/latest/units/combining_and_defining.html [astropy.units.core]
WARNING: UnitsWarning: 'pct' did not parse as fits unit: At col 0, Unit 'pct' not supported by the FITS standard. Did you mean PC, PT, cT, ct, pC, pT or pc? If this is meant to be a custom unit, define it with 'u.def_unit'. To have it recognized inside a file reader or other code, enable it with 'u.add_enabled_units'. For details, see https://docs.astropy.org/en/latest/units/combining_and_defining.html [astropy.units.core]
WARNING: UnitsWarning: 'pct' did not parse as fits unit: At col 0, Unit 'pct' not supported by the FITS standard. Did you mean PC, PT, cT, ct, pC, pT or pc? If this is meant to be a custom unit, define it with 'u.def_unit'. To have it recognized inside a file reader or other code, enable it with 'u.add_enabled_units'. For details, see https://docs.astropy.org/en/latest/units/combining_and_defining.html [astropy.units.core]
WARNING: UnitsWarning: 'pct' did not parse as fits unit: At col 0, Unit 'pct' not supported by the FITS standard. Did you mean PC, PT, cT, ct, pC, pT or pc? If this is meant to be a custom unit, define it with 'u.def_unit'. To have it recognized inside a file reader or other code, enable it with 'u.add_enabled_units'. For details, see https://docs.astropy.org/en/latest/units/combining_and_defining.html [astropy.units.core]
WARNING: UnitsWarning: 'pct' did not parse as fits unit: At col 0, Unit 'pct' not supported by the FITS standard. Did you mean PC, PT, cT, ct, pC, pT or pc? If this is meant to be a custom unit, define it with 'u.def_unit'. To have it recognized inside a file reader or other code, enable it with 'u.add_enabled_units'. For details, see https://docs.astropy.org/en/latest/units/combining_and_defining.html [astropy.units.core]
WARNING: UnitsWarning: 'pct' did not parse as fits unit: At col 0, Unit 'pct' not supported by the FITS standard. Did you mean PC, PT, cT, ct, pC, pT or pc? If this is meant to be a custom unit, define it with 'u.def_unit'. To have it recognized inside a file reader or other code, enable it with 'u.add_enabled_units'. For details, see https://docs.astropy.org/en/latest/units/combining_and_defining.html [astropy.units.core]
WARNING: UnitsWarning: 'pct' did not parse as fits unit: At col 0, Unit 'pct' not supported by the FITS standard. Did you mean PC, PT, cT, ct, pC, pT or pc? If this is meant to be a custom unit, define it with 'u.def_unit'. To have it recognized inside a file reader or other code, enable it with 'u.add_enabled_units'. For details, see https://docs.astropy.org/en/latest/units/combining_and_defining.html [astropy.units.core]
WARNING: UnitsWarning: 'pct' did not parse as fits unit: At col 0, Unit 'pct' not supported by the FITS standard. Did you mean PC, PT, cT, ct, pC, pT or pc? If this is meant to be a custom unit, define it with 'u.def_unit'. To have it recognized inside a file reader or other code, enable it with 'u.add_enabled_units'. For details, see https://docs.astropy.org/en/latest/units/combining_and_defining.html [astropy.units.core]
WARNING: UnitsWarning: 'pct' did not parse as fits unit: At col 0, Unit 'pct' not supported by the FITS standard. Did you mean PC, PT, cT, ct, pC, pT or pc? If this is meant to be a custom unit, define it with 'u.def_unit'. To have it recognized inside a file reader or other code, enable it with 'u.add_enabled_units'. For details, see https://docs.astropy.org/en/latest/units/combining_and_defining.html [astropy.units.core]
WARNING: UnitsWarning: 'pct' did not parse as fits unit: At col 0, Unit 'pct' not supported by the FITS standard. Did you mean PC, PT, cT, ct, pC, pT or pc? If this is meant to be a custom unit, define it with 'u.def_unit'. To have it recognized inside a file reader or other code, enable it with 'u.add_enabled_units'. For details, see https://docs.astropy.org/en/latest/units/combining_and_defining.html [astropy.units.core]
WARNING: UnitsWarning: 'pct' did not parse as fits unit: At col 0, Unit 'pct' not supported by the FITS standard. Did you mean PC, PT, cT, ct, pC, pT or pc? If this is meant to be a custom unit, define it with 'u.def_unit'. To have it recognized inside a file reader or other code, enable it with 'u.add_enabled_units'. For details, see https://docs.astropy.org/en/latest/units/combining_and_defining.html [astropy.units.core]
WARNING: UnitsWarning: 'pct' did not parse as fits unit: At col 0, Unit 'pct' not supported by the FITS standard. Did you mean PC, PT, cT, ct, pC, pT or pc? If this is meant to be a custom unit, define it with 'u.def_unit'. To have it recognized inside a file reader or other code, enable it with 'u.add_enabled_units'. For details, see https://docs.astropy.org/en/latest/units/combining_and_defining.html [astropy.units.core]
WARNING: UnitsWarning: 'pct' did not parse as fits unit: At col 0, Unit 'pct' not supported by the FITS standard. Did you mean PC, PT, cT, ct, pC, pT or pc? If this is meant to be a custom unit, define it with 'u.def_unit'. To have it recognized inside a file reader or other code, enable it with 'u.add_enabled_units'. For details, see https://docs.astropy.org/en/latest/units/combining_and_defining.html [astropy.units.core]
******************************
Index 64
GW200128_022011
Loading skymap...
Loading flares...
Calculating background rate...
******************************
Index 65
GW200129_065458
Loading skymap...
Loading flares...
Calculating background rate...
******************************
Index 66
GW200202_154313
Loading skymap...
Loading flares...
Calculating background rate...
******************************
Index 67
GW200208_130117
Loading skymap...
Loading flares...
Calculating background rate...
******************************
Index 68
GW200208_222617
Loading skymap...
******************************
Index 69
GW200209_085452
Loading skymap...
Loading flares...
Calculating background rate...
Loading flares...
Calculating background rate...
******************************
Index 70
GW200210_092254
Loading skymap...
Loading flares...
Calculating background rate...
******************************
Index 71
GW200216_220804
Loading skymap...
Loading flares...
Calculating background rate...
******************************
Index 72
GW200219_094415
Loading skymap...
Loading flares...
Calculating background rate...
******************************
Index 73
GW200220_061928
Loading skymap...
Loading flares...
Calculating background rate...
******************************
Index 74
GW200220_124850
Loading skymap...
******************************
Index 75
GW200224_222234
Loading skymap...
Loading flares...
Loading flares...
Calculating background rate...
Calculating background rate...
******************************
Index 76
GW200225_060421
Loading skymap...
Loading flares...
Calculating background rate...
WARNING: UnitsWarning: 'pct' did not parse as fits unit: At col 0, Unit 'pct' not supported by the FITS standard. Did you mean PC, PT, cT, ct, pC, pT or pc? If this is meant to be a custom unit, define it with 'u.def_unit'. To have it recognized inside a file reader or other code, enable it with 'u.add_enabled_units'. For details, see https://docs.astropy.org/en/latest/units/combining_and_defining.html [astropy.units.core]
******************************
Index 77
GW200302_015811
Loading skymap...
Loading flares...
Calculating background rate...
******************************
Index 78
GW200306_093714
Loading skymap...
Loading flares...
Calculating background rate...
******************************
Index 79
GW200308_173609
Loading skymap...
Loading flares...
Calculating background rate...
WARNING: UnitsWarning: 'pct' did not parse as fits unit: At col 0, Unit 'pct' not supported by the FITS standard. Did you mean PC, PT, cT, ct, pC, pT or pc? If this is meant to be a custom unit, define it with 'u.def_unit'. To have it recognized inside a file reader or other code, enable it with 'u.add_enabled_units'. For details, see https://docs.astropy.org/en/latest/units/combining_and_defining.html [astropy.units.core]
******************************
Index 80
GW200311_115853
Loading skymap...
Loading flares...
Calculating background rate...
******************************
Index 81
GW200316_215756
Loading skymap...
Loading flares...
Calculating background rate...
******************************
Index 82
GW200322_091133
Loading skymap...
Loading flares...
Calculating background rate...
WARNING: UnitsWarning: 'pct' did not parse as fits unit: At col 0, Unit 'pct' not supported by the FITS standard. Did you mean PC, PT, cT, ct, pC, pT or pc? If this is meant to be a custom unit, define it with 'u.def_unit'. To have it recognized inside a file reader or other code, enable it with 'u.add_enabled_units'. For details, see https://docs.astropy.org/en/latest/units/combining_and_defining.html [astropy.units.core]
WARNING: UnitsWarning: 'pct' did not parse as fits unit: At col 0, Unit 'pct' not supported by the FITS standard. Did you mean PC, PT, cT, ct, pC, pT or pc? If this is meant to be a custom unit, define it with 'u.def_unit'. To have it recognized inside a file reader or other code, enable it with 'u.add_enabled_units'. For details, see https://docs.astropy.org/en/latest/units/combining_and_defining.html [astropy.units.core]
WARNING: UnitsWarning: 'pct' did not parse as fits unit: At col 0, Unit 'pct' not supported by the FITS standard. Did you mean PC, PT, cT, ct, pC, pT or pc? If this is meant to be a custom unit, define it with 'u.def_unit'. To have it recognized inside a file reader or other code, enable it with 'u.add_enabled_units'. For details, see https://docs.astropy.org/en/latest/units/combining_and_defining.html [astropy.units.core]
WARNING: UnitsWarning: 'pct' did not parse as fits unit: At col 0, Unit 'pct' not supported by the FITS standard. Did you mean PC, PT, cT, ct, pC, pT or pc? If this is meant to be a custom unit, define it with 'u.def_unit'. To have it recognized inside a file reader or other code, enable it with 'u.add_enabled_units'. For details, see https://docs.astropy.org/en/latest/units/combining_and_defining.html [astropy.units.core]
WARNING: UnitsWarning: 'pct' did not parse as fits unit: At col 0, Unit 'pct' not supported by the FITS standard. Did you mean PC, PT, cT, ct, pC, pT or pc? If this is meant to be a custom unit, define it with 'u.def_unit'. To have it recognized inside a file reader or other code, enable it with 'u.add_enabled_units'. For details, see https://docs.astropy.org/en/latest/units/combining_and_defining.html [astropy.units.core]
WARNING: UnitsWarning: 'pct' did not parse as fits unit: At col 0, Unit 'pct' not supported by the FITS standard. Did you mean PC, PT, cT, ct, pC, pT or pc? If this is meant to be a custom unit, define it with 'u.def_unit'. To have it recognized inside a file reader or other code, enable it with 'u.add_enabled_units'. For details, see https://docs.astropy.org/en/latest/units/combining_and_defining.html [astropy.units.core]
WARNING: UnitsWarning: 'pct' did not parse as fits unit: At col 0, Unit 'pct' not supported by the FITS standard. Did you mean PC, PT, cT, ct, pC, pT or pc? If this is meant to be a custom unit, define it with 'u.def_unit'. To have it recognized inside a file reader or other code, enable it with 'u.add_enabled_units'. For details, see https://docs.astropy.org/en/latest/units/combining_and_defining.html [astropy.units.core]
WARNING: UnitsWarning: 'pct' did not parse as fits unit: At col 0, Unit 'pct' not supported by the FITS standard. Did you mean PC, PT, cT, ct, pC, pT or pc? If this is meant to be a custom unit, define it with 'u.def_unit'. To have it recognized inside a file reader or other code, enable it with 'u.add_enabled_units'. For details, see https://docs.astropy.org/en/latest/units/combining_and_defining.html [astropy.units.core]
WARNING: UnitsWarning: 'pct' did not parse as fits unit: At col 0, Unit 'pct' not supported by the FITS standard. Did you mean PC, PT, cT, ct, pC, pT or pc? If this is meant to be a custom unit, define it with 'u.def_unit'. To have it recognized inside a file reader or other code, enable it with 'u.add_enabled_units'. For details, see https://docs.astropy.org/en/latest/units/combining_and_defining.html [astropy.units.core]
WARNING: UnitsWarning: 'pct' did not parse as fits unit: At col 0, Unit 'pct' not supported by the FITS standard. Did you mean PC, PT, cT, ct, pC, pT or pc? If this is meant to be a custom unit, define it with 'u.def_unit'. To have it recognized inside a file reader or other code, enable it with 'u.add_enabled_units'. For details, see https://docs.astropy.org/en/latest/units/combining_and_defining.html [astropy.units.core]
WARNING: UnitsWarning: 'pct' did not parse as fits unit: At col 0, Unit 'pct' not supported by the FITS standard. Did you mean PC, PT, cT, ct, pC, pT or pc? If this is meant to be a custom unit, define it with 'u.def_unit'. To have it recognized inside a file reader or other code, enable it with 'u.add_enabled_units'. For details, see https://docs.astropy.org/en/latest/units/combining_and_defining.html [astropy.units.core]
WARNING: UnitsWarning: 'pct' did not parse as fits unit: At col 0, Unit 'pct' not supported by the FITS standard. Did you mean PC, PT, cT, ct, pC, pT or pc? If this is meant to be a custom unit, define it with 'u.def_unit'. To have it recognized inside a file reader or other code, enable it with 'u.add_enabled_units'. For details, see https://docs.astropy.org/en/latest/units/combining_and_defining.html [astropy.units.core]
WARNING: UnitsWarning: 'pct' did not parse as fits unit: At col 0, Unit 'pct' not supported by the FITS standard. Did you mean PC, PT, cT, ct, pC, pT or pc? If this is meant to be a custom unit, define it with 'u.def_unit'. To have it recognized inside a file reader or other code, enable it with 'u.add_enabled_units'. For details, see https://docs.astropy.org/en/latest/units/combining_and_defining.html [astropy.units.core]
WARNING: UnitsWarning: 'pct' did not parse as fits unit: At col 0, Unit 'pct' not supported by the FITS standard. Did you mean PC, PT, cT, ct, pC, pT or pc? If this is meant to be a custom unit, define it with 'u.def_unit'. To have it recognized inside a file reader or other code, enable it with 'u.add_enabled_units'. For details, see https://docs.astropy.org/en/latest/units/combining_and_defining.html [astropy.units.core]
WARNING: UnitsWarning: 'pct' did not parse as fits unit: At col 0, Unit 'pct' not supported by the FITS standard. Did you mean PC, PT, cT, ct, pC, pT or pc? If this is meant to be a custom unit, define it with 'u.def_unit'. To have it recognized inside a file reader or other code, enable it with 'u.add_enabled_units'. For details, see https://docs.astropy.org/en/latest/units/combining_and_defining.html [astropy.units.core]
WARNING: UnitsWarning: 'pct' did not parse as fits unit: At col 0, Unit 'pct' not supported by the FITS standard. Did you mean PC, PT, cT, ct, pC, pT or pc? If this is meant to be a custom unit, define it with 'u.def_unit'. To have it recognized inside a file reader or other code, enable it with 'u.add_enabled_units'. For details, see https://docs.astropy.org/en/latest/units/combining_and_defining.html [astropy.units.core]
/hildafs/projects/phy220048p/tcabrera/bbhagn/mycode/ligo.skymap/ligo/skymap/postprocess/crossmatch.py:459: RuntimeWarning: invalid value encountered in subtract
  contour_dists = (hi - lo).tolist()
WARNING: UnitsWarning: 'pct' did not parse as fits unit: At col 0, Unit 'pct' not supported by the FITS standard. Did you mean PC, PT, cT, ct, pC, pT or pc? If this is meant to be a custom unit, define it with 'u.def_unit'. To have it recognized inside a file reader or other code, enable it with 'u.add_enabled_units'. For details, see https://docs.astropy.org/en/latest/units/combining_and_defining.html [astropy.units.core]
Calculating signal and background arrays...
WARNING: UnitsWarning: 'pct' did not parse as fits unit: At col 0, Unit 'pct' not supported by the FITS standard. Did you mean PC, PT, cT, ct, pC, pT or pc? If this is meant to be a custom unit, define it with 'u.def_unit'. To have it recognized inside a file reader or other code, enable it with 'u.add_enabled_units'. For details, see https://docs.astropy.org/en/latest/units/combining_and_defining.html [astropy.units.core]
******************** MCMC ********************
/hildafs/projects/phy220048p/tcabrera/bbhagn/bbhagn/utils/inference.py:59: RuntimeWarning: All-NaN slice encountered
  max_n_flares_bg = np.nanmax([np.nanmax(f) for f in n_flares_bgs if len(f) > 0])
/hildafs/projects/phy220048p/tcabrera/bbhagn/bbhagn/utils/inference.py:59: RuntimeWarning: All-NaN slice encountered
  max_n_flares_bg = np.nanmax([np.nanmax(f) for f in n_flares_bgs if len(f) > 0])
/hildafs/projects/phy220048p/tcabrera/bbhagn/bbhagn/utils/inference.py:59: RuntimeWarning: All-NaN slice encountered
  max_n_flares_bg = np.nanmax([np.nanmax(f) for f in n_flares_bgs if len(f) > 0])
/hildafs/projects/phy220048p/tcabrera/bbhagn/bbhagn/utils/inference.py:59: RuntimeWarning: All-NaN slice encountered
  max_n_flares_bg = np.nanmax([np.nanmax(f) for f in n_flares_bgs if len(f) > 0])
/hildafs/projects/phy220048p/tcabrera/bbhagn/bbhagn/utils/inference.py:59: RuntimeWarning: All-NaN slice encountered
  max_n_flares_bg = np.nanmax([np.nanmax(f) for f in n_flares_bgs if len(f) > 0])
/hildafs/projects/phy220048p/tcabrera/bbhagn/bbhagn/utils/inference.py:59: RuntimeWarning: All-NaN slice encountered
  max_n_flares_bg = np.nanmax([np.nanmax(f) for f in n_flares_bgs if len(f) > 0])
/hildafs/projects/phy220048p/tcabrera/bbhagn/bbhagn/utils/inference.py:59: RuntimeWarning: All-NaN slice encountered
  max_n_flares_bg = np.nanmax([np.nanmax(f) for f in n_flares_bgs if len(f) > 0])
/hildafs/projects/phy220048p/tcabrera/bbhagn/bbhagn/utils/inference.py:59: RuntimeWarning: All-NaN slice encountered
  max_n_flares_bg = np.nanmax([np.nanmax(f) for f in n_flares_bgs if len(f) > 0])
/hildafs/projects/phy220048p/tcabrera/bbhagn/bbhagn/utils/inference.py:59: RuntimeWarning: All-NaN slice encountered
  max_n_flares_bg = np.nanmax([np.nanmax(f) for f in n_flares_bgs if len(f) > 0])
/hildafs/projects/phy220048p/tcabrera/bbhagn/bbhagn/utils/inference.py:59: RuntimeWarning: All-NaN slice encountered
  max_n_flares_bg = np.nanmax([np.nanmax(f) for f in n_flares_bgs if len(f) > 0])
/hildafs/projects/phy220048p/tcabrera/bbhagn/bbhagn/utils/inference.py:59: RuntimeWarning: All-NaN slice encountered
  max_n_flares_bg = np.nanmax([np.nanmax(f) for f in n_flares_bgs if len(f) > 0])
/hildafs/projects/phy220048p/tcabrera/bbhagn/bbhagn/utils/inference.py:59: RuntimeWarning: All-NaN slice encountered
  max_n_flares_bg = np.nanmax([np.nanmax(f) for f in n_flares_bgs if len(f) > 0])
/hildafs/projects/phy220048p/tcabrera/bbhagn/bbhagn/utils/inference.py:59: RuntimeWarning: All-NaN slice encountered
  max_n_flares_bg = np.nanmax([np.nanmax(f) for f in n_flares_bgs if len(f) > 0])
/hildafs/projects/phy220048p/tcabrera/bbhagn/bbhagn/utils/inference.py:59: RuntimeWarning: All-NaN slice encountered
  max_n_flares_bg = np.nanmax([np.nanmax(f) for f in n_flares_bgs if len(f) > 0])
/hildafs/projects/phy220048p/tcabrera/bbhagn/bbhagn/utils/inference.py:59: RuntimeWarning: All-NaN slice encountered
  max_n_flares_bg = np.nanmax([np.nanmax(f) for f in n_flares_bgs if len(f) > 0])
/hildafs/projects/phy220048p/tcabrera/bbhagn/bbhagn/utils/inference.py:59: RuntimeWarning: All-NaN slice encountered
  max_n_flares_bg = np.nanmax([np.nanmax(f) for f in n_flares_bgs if len(f) > 0])
/hildafs/projects/phy220048p/tcabrera/bbhagn/bbhagn/utils/inference.py:59: RuntimeWarning: All-NaN slice encountered
  max_n_flares_bg = np.nanmax([np.nanmax(f) for f in n_flares_bgs if len(f) > 0])
/hildafs/projects/phy220048p/tcabrera/bbhagn/bbhagn/utils/inference.py:59: RuntimeWarning: All-NaN slice encountered
  max_n_flares_bg = np.nanmax([np.nanmax(f) for f in n_flares_bgs if len(f) > 0])
/hildafs/projects/phy220048p/tcabrera/bbhagn/bbhagn/utils/inference.py:59: RuntimeWarning: All-NaN slice encountered
  max_n_flares_bg = np.nanmax([np.nanmax(f) for f in n_flares_bgs if len(f) > 0])
/hildafs/projects/phy220048p/tcabrera/bbhagn/bbhagn/utils/inference.py:59: RuntimeWarning: All-NaN slice encountered
  max_n_flares_bg = np.nanmax([np.nanmax(f) for f in n_flares_bgs if len(f) > 0])
/hildafs/projects/phy220048p/tcabrera/bbhagn/bbhagn/utils/inference.py:59: RuntimeWarning: All-NaN slice encountered
  max_n_flares_bg = np.nanmax([np.nanmax(f) for f in n_flares_bgs if len(f) > 0])
/hildafs/projects/phy220048p/tcabrera/bbhagn/bbhagn/utils/inference.py:59: RuntimeWarning: All-NaN slice encountered
  max_n_flares_bg = np.nanmax([np.nanmax(f) for f in n_flares_bgs if len(f) > 0])
/hildafs/projects/phy220048p/tcabrera/bbhagn/bbhagn/utils/inference.py:59: RuntimeWarning: All-NaN slice encountered
  max_n_flares_bg = np.nanmax([np.nanmax(f) for f in n_flares_bgs if len(f) > 0])
/hildafs/projects/phy220048p/tcabrera/bbhagn/bbhagn/utils/inference.py:59: RuntimeWarning: All-NaN slice encountered
  max_n_flares_bg = np.nanmax([np.nanmax(f) for f in n_flares_bgs if len(f) > 0])
/hildafs/projects/phy220048p/tcabrera/bbhagn/bbhagn/utils/inference.py:59: RuntimeWarning: All-NaN slice encountered
  max_n_flares_bg = np.nanmax([np.nanmax(f) for f in n_flares_bgs if len(f) > 0])
/hildafs/projects/phy220048p/tcabrera/bbhagn/bbhagn/utils/inference.py:59: RuntimeWarning: All-NaN slice encountered
  max_n_flares_bg = np.nanmax([np.nanmax(f) for f in n_flares_bgs if len(f) > 0])
/hildafs/projects/phy220048p/tcabrera/bbhagn/bbhagn/utils/inference.py:59: RuntimeWarning: All-NaN slice encountered
  max_n_flares_bg = np.nanmax([np.nanmax(f) for f in n_flares_bgs if len(f) > 0])
/hildafs/projects/phy220048p/tcabrera/bbhagn/bbhagn/utils/inference.py:59: RuntimeWarning: All-NaN slice encountered
  max_n_flares_bg = np.nanmax([np.nanmax(f) for f in n_flares_bgs if len(f) > 0])
/hildafs/projects/phy220048p/tcabrera/bbhagn/bbhagn/utils/inference.py:59: RuntimeWarning: All-NaN slice encountered
  max_n_flares_bg = np.nanmax([np.nanmax(f) for f in n_flares_bgs if len(f) > 0])
/hildafs/projects/phy220048p/tcabrera/bbhagn/bbhagn/utils/inference.py:59: RuntimeWarning: All-NaN slice encountered
  max_n_flares_bg = np.nanmax([np.nanmax(f) for f in n_flares_bgs if len(f) > 0])
/hildafs/projects/phy220048p/tcabrera/bbhagn/bbhagn/utils/inference.py:59: RuntimeWarning: All-NaN slice encountered
  max_n_flares_bg = np.nanmax([np.nanmax(f) for f in n_flares_bgs if len(f) > 0])
/hildafs/projects/phy220048p/tcabrera/bbhagn/bbhagn/utils/inference.py:59: RuntimeWarning: All-NaN slice encountered
  max_n_flares_bg = np.nanmax([np.nanmax(f) for f in n_flares_bgs if len(f) > 0])
  0%|          | 0/5000 [00:00<?, ?it/s]  0%|          | 6/5000 [00:00<01:36, 51.56it/s]  0%|          | 12/5000 [00:00<01:33, 53.12it/s]  0%|          | 18/5000 [00:00<01:32, 53.88it/s]  0%|          | 24/5000 [00:00<01:32, 53.89it/s]  1%|          | 30/5000 [00:00<01:31, 54.33it/s]  1%|          | 36/5000 [00:00<01:30, 54.94it/s]  1%|          | 42/5000 [00:00<01:29, 55.33it/s]  1%|          | 48/5000 [00:00<01:30, 54.96it/s]  1%|          | 54/5000 [00:00<01:30, 54.81it/s]  1%|          | 60/5000 [00:01<01:30, 54.71it/s]  1%|         | 66/5000 [00:01<01:30, 54.44it/s]  1%|         | 72/5000 [00:01<01:30, 54.43it/s]  2%|         | 78/5000 [00:01<01:30, 54.57it/s]  2%|         | 84/5000 [00:01<01:29, 55.19it/s]  2%|         | 90/5000 [00:01<01:28, 55.34it/s]  2%|         | 96/5000 [00:01<01:28, 55.61it/s]  2%|         | 102/5000 [00:01<01:28, 55.48it/s]  2%|         | 108/5000 [00:01<01:28, 55.35it/s]  2%|         | 114/5000 [00:02<01:28, 55.30it/s]  2%|         | 120/5000 [00:02<01:27, 55.60it/s]  3%|         | 126/5000 [00:02<01:27, 55.70it/s]  3%|         | 132/5000 [00:02<01:27, 55.88it/s]  3%|         | 138/5000 [00:02<01:26, 56.16it/s]  3%|         | 144/5000 [00:02<01:25, 56.81it/s]  3%|         | 150/5000 [00:02<01:25, 56.83it/s]  3%|         | 156/5000 [00:02<01:23, 57.71it/s]  3%|         | 162/5000 [00:02<01:24, 57.06it/s]  3%|         | 168/5000 [00:03<01:25, 56.64it/s]  3%|         | 174/5000 [00:03<01:26, 55.81it/s]  4%|         | 180/5000 [00:03<01:26, 55.46it/s]  4%|         | 186/5000 [00:03<01:26, 55.52it/s]  4%|         | 192/5000 [00:03<01:27, 55.05it/s]  4%|         | 198/5000 [00:03<01:26, 55.65it/s]  4%|         | 204/5000 [00:03<01:26, 55.76it/s]  4%|         | 210/5000 [00:03<01:26, 55.51it/s]  4%|         | 216/5000 [00:03<01:26, 55.27it/s]  4%|         | 222/5000 [00:04<01:26, 54.93it/s]  5%|         | 228/5000 [00:04<01:26, 54.92it/s]  5%|         | 234/5000 [00:04<01:26, 54.89it/s]  5%|         | 240/5000 [00:04<01:27, 54.69it/s]  5%|         | 246/5000 [00:04<01:26, 54.66it/s]  5%|         | 252/5000 [00:04<01:27, 54.39it/s]  5%|         | 258/5000 [00:04<01:27, 54.11it/s]  5%|         | 264/5000 [00:04<01:27, 54.25it/s]  5%|         | 270/5000 [00:04<01:27, 54.16it/s]  6%|         | 276/5000 [00:05<01:27, 54.00it/s]  6%|         | 282/5000 [00:05<01:27, 53.91it/s]  6%|         | 288/5000 [00:05<01:26, 54.27it/s]  6%|         | 294/5000 [00:05<01:26, 54.33it/s]  6%|         | 300/5000 [00:05<01:26, 54.62it/s]  6%|         | 306/5000 [00:05<01:25, 54.83it/s]  6%|         | 312/5000 [00:05<01:25, 54.78it/s]  6%|         | 318/5000 [00:05<01:24, 55.35it/s]  6%|         | 324/5000 [00:05<01:23, 55.69it/s]  7%|         | 330/5000 [00:05<01:24, 55.42it/s]  7%|         | 336/5000 [00:06<01:24, 55.52it/s]  7%|         | 342/5000 [00:06<01:23, 55.47it/s]  7%|         | 348/5000 [00:06<01:23, 55.55it/s]  7%|         | 354/5000 [00:06<01:23, 55.89it/s]  7%|         | 360/5000 [00:06<01:23, 55.62it/s]  7%|         | 366/5000 [00:06<01:23, 55.20it/s]  7%|         | 372/5000 [00:06<01:23, 55.13it/s]  8%|         | 378/5000 [00:06<01:25, 54.31it/s]  8%|         | 384/5000 [00:06<01:24, 54.46it/s]  8%|         | 390/5000 [00:07<01:25, 54.21it/s]  8%|         | 396/5000 [00:07<01:24, 54.76it/s]  8%|         | 402/5000 [00:07<01:23, 55.33it/s]  8%|         | 408/5000 [00:07<01:23, 55.14it/s]  8%|         | 414/5000 [00:07<01:23, 55.03it/s]  8%|         | 420/5000 [00:07<01:23, 54.91it/s]  9%|         | 426/5000 [00:07<01:23, 54.96it/s]  9%|         | 432/5000 [00:07<01:22, 55.27it/s]  9%|         | 438/5000 [00:07<01:22, 55.16it/s]  9%|         | 444/5000 [00:08<01:23, 54.56it/s]  9%|         | 450/5000 [00:08<01:23, 54.58it/s]  9%|         | 456/5000 [00:08<01:23, 54.65it/s]  9%|         | 462/5000 [00:08<01:24, 53.99it/s]  9%|         | 468/5000 [00:08<01:23, 54.25it/s]  9%|         | 474/5000 [00:08<01:23, 54.51it/s] 10%|         | 480/5000 [00:08<01:22, 54.71it/s] 10%|         | 486/5000 [00:08<01:22, 54.75it/s] 10%|         | 492/5000 [00:08<01:22, 54.51it/s] 10%|         | 498/5000 [00:09<01:23, 54.23it/s] 10%|         | 504/5000 [00:09<01:23, 54.11it/s] 10%|         | 510/5000 [00:09<01:23, 54.07it/s] 10%|         | 516/5000 [00:09<01:22, 54.45it/s] 10%|         | 522/5000 [00:09<01:22, 54.58it/s] 11%|         | 528/5000 [00:09<01:21, 54.77it/s] 11%|         | 534/5000 [00:09<01:21, 54.90it/s] 11%|         | 540/5000 [00:09<01:21, 55.00it/s] 11%|         | 546/5000 [00:09<01:20, 55.47it/s] 11%|         | 552/5000 [00:10<01:20, 55.11it/s] 11%|         | 558/5000 [00:10<01:20, 55.17it/s] 11%|        | 564/5000 [00:10<01:20, 54.89it/s] 11%|        | 570/5000 [00:10<01:20, 54.72it/s] 12%|        | 576/5000 [00:10<01:21, 54.51it/s] 12%|        | 582/5000 [00:10<01:20, 54.68it/s] 12%|        | 588/5000 [00:10<01:20, 54.78it/s] 12%|        | 594/5000 [00:10<01:21, 54.23it/s] 12%|        | 600/5000 [00:10<01:20, 54.34it/s] 12%|        | 606/5000 [00:11<01:21, 54.17it/s] 12%|        | 612/5000 [00:11<01:20, 54.73it/s] 12%|        | 618/5000 [00:11<01:19, 54.80it/s] 12%|        | 624/5000 [00:11<01:20, 54.54it/s] 13%|        | 630/5000 [00:11<01:20, 54.28it/s] 13%|        | 636/5000 [00:11<01:19, 54.68it/s] 13%|        | 642/5000 [00:11<01:19, 54.68it/s] 13%|        | 648/5000 [00:11<01:19, 54.61it/s] 13%|        | 654/5000 [00:11<01:19, 54.85it/s] 13%|        | 660/5000 [00:12<01:19, 54.75it/s] 13%|        | 666/5000 [00:12<01:19, 54.85it/s] 13%|        | 672/5000 [00:12<01:18, 54.94it/s] 14%|        | 678/5000 [00:12<01:18, 54.98it/s] 14%|        | 684/5000 [00:12<01:18, 55.14it/s] 14%|        | 690/5000 [00:12<01:18, 54.99it/s] 14%|        | 696/5000 [00:12<01:17, 55.28it/s] 14%|        | 702/5000 [00:12<01:17, 55.42it/s] 14%|        | 708/5000 [00:12<01:17, 55.45it/s] 14%|        | 714/5000 [00:12<01:17, 55.58it/s] 14%|        | 720/5000 [00:13<01:17, 55.52it/s] 15%|        | 726/5000 [00:13<01:17, 55.34it/s] 15%|        | 732/5000 [00:13<01:17, 55.03it/s] 15%|        | 738/5000 [00:13<01:17, 54.96it/s] 15%|        | 744/5000 [00:13<01:17, 55.19it/s] 15%|        | 750/5000 [00:13<01:16, 55.42it/s] 15%|        | 756/5000 [00:13<01:17, 55.11it/s] 15%|        | 762/5000 [00:13<01:17, 54.72it/s] 15%|        | 768/5000 [00:13<01:17, 54.33it/s] 15%|        | 774/5000 [00:14<01:18, 54.16it/s] 16%|        | 780/5000 [00:14<01:17, 54.39it/s] 16%|        | 786/5000 [00:14<01:17, 54.58it/s] 16%|        | 792/5000 [00:14<01:17, 54.60it/s] 16%|        | 798/5000 [00:14<01:17, 54.47it/s] 16%|        | 804/5000 [00:14<01:16, 54.72it/s] 16%|        | 810/5000 [00:14<01:16, 54.91it/s] 16%|        | 816/5000 [00:14<01:16, 54.90it/s] 16%|        | 822/5000 [00:14<01:16, 54.94it/s] 17%|        | 828/5000 [00:15<01:15, 55.04it/s] 17%|        | 834/5000 [00:15<01:15, 55.49it/s] 17%|        | 840/5000 [00:15<01:14, 55.91it/s] 17%|        | 846/5000 [00:15<01:14, 56.09it/s] 17%|        | 852/5000 [00:15<01:13, 56.23it/s] 17%|        | 858/5000 [00:15<01:14, 55.94it/s] 17%|        | 864/5000 [00:15<01:14, 55.72it/s] 17%|        | 870/5000 [00:15<01:14, 55.68it/s] 18%|        | 876/5000 [00:15<01:14, 55.64it/s] 18%|        | 882/5000 [00:16<01:13, 55.72it/s] 18%|        | 888/5000 [00:16<01:13, 55.80it/s] 18%|        | 894/5000 [00:16<01:14, 55.46it/s] 18%|        | 900/5000 [00:16<01:14, 54.89it/s] 18%|        | 906/5000 [00:16<01:14, 55.24it/s] 18%|        | 912/5000 [00:16<01:13, 55.45it/s] 18%|        | 918/5000 [00:16<01:12, 56.07it/s] 18%|        | 924/5000 [00:16<01:13, 55.79it/s] 19%|        | 930/5000 [00:16<01:12, 55.89it/s] 19%|        | 936/5000 [00:17<01:13, 55.65it/s] 19%|        | 942/5000 [00:17<01:13, 55.19it/s] 19%|        | 948/5000 [00:17<01:13, 55.05it/s] 19%|        | 954/5000 [00:17<01:13, 55.06it/s] 19%|        | 960/5000 [00:17<01:12, 55.35it/s] 19%|        | 966/5000 [00:17<01:12, 55.29it/s] 19%|        | 972/5000 [00:17<01:13, 55.15it/s] 20%|        | 978/5000 [00:17<01:12, 55.21it/s] 20%|        | 984/5000 [00:17<01:12, 55.45it/s] 20%|        | 990/5000 [00:17<01:12, 55.62it/s] 20%|        | 996/5000 [00:18<01:12, 55.42it/s] 20%|        | 1002/5000 [00:18<01:11, 55.65it/s] 20%|        | 1008/5000 [00:18<01:12, 55.44it/s] 20%|        | 1014/5000 [00:18<01:12, 54.94it/s] 20%|        | 1020/5000 [00:18<01:12, 54.85it/s] 21%|        | 1026/5000 [00:18<01:12, 55.00it/s] 21%|        | 1032/5000 [00:18<01:11, 55.78it/s] 21%|        | 1038/5000 [00:18<01:10, 55.98it/s] 21%|        | 1044/5000 [00:18<01:10, 55.82it/s] 21%|        | 1050/5000 [00:19<01:10, 55.71it/s] 21%|        | 1056/5000 [00:19<01:10, 55.76it/s] 21%|        | 1062/5000 [00:19<01:10, 55.95it/s] 21%|       | 1068/5000 [00:19<01:09, 56.44it/s] 21%|       | 1074/5000 [00:19<01:09, 56.28it/s] 22%|       | 1080/5000 [00:19<01:10, 55.89it/s] 22%|       | 1086/5000 [00:19<01:09, 56.07it/s] 22%|       | 1092/5000 [00:19<01:10, 55.80it/s] 22%|       | 1098/5000 [00:19<01:10, 55.55it/s] 22%|       | 1104/5000 [00:20<01:10, 55.18it/s] 22%|       | 1110/5000 [00:20<01:10, 55.34it/s] 22%|       | 1116/5000 [00:20<01:10, 54.79it/s] 22%|       | 1122/5000 [00:20<01:10, 54.88it/s] 23%|       | 1128/5000 [00:20<01:10, 54.68it/s] 23%|       | 1134/5000 [00:20<01:10, 54.53it/s] 23%|       | 1140/5000 [00:20<01:10, 54.71it/s] 23%|       | 1146/5000 [00:20<01:09, 55.18it/s] 23%|       | 1152/5000 [00:20<01:10, 54.81it/s] 23%|       | 1158/5000 [00:21<01:10, 54.40it/s] 23%|       | 1164/5000 [00:21<01:10, 54.47it/s] 23%|       | 1170/5000 [00:21<01:10, 54.65it/s] 24%|       | 1176/5000 [00:21<01:09, 54.69it/s] 24%|       | 1182/5000 [00:21<01:08, 55.40it/s] 24%|       | 1188/5000 [00:21<01:08, 55.98it/s] 24%|       | 1194/5000 [00:21<01:07, 56.18it/s] 24%|       | 1200/5000 [00:21<01:07, 55.93it/s] 24%|       | 1206/5000 [00:21<01:08, 55.69it/s] 24%|       | 1212/5000 [00:21<01:08, 55.68it/s] 24%|       | 1218/5000 [00:22<01:07, 55.69it/s] 24%|       | 1224/5000 [00:22<01:07, 55.66it/s] 25%|       | 1230/5000 [00:22<01:06, 56.39it/s] 25%|       | 1236/5000 [00:22<01:07, 55.99it/s] 25%|       | 1242/5000 [00:22<01:07, 55.97it/s] 25%|       | 1248/5000 [00:22<01:07, 55.35it/s] 25%|       | 1254/5000 [00:22<01:07, 55.40it/s] 25%|       | 1260/5000 [00:22<01:07, 55.52it/s] 25%|       | 1266/5000 [00:22<01:07, 55.59it/s] 25%|       | 1272/5000 [00:23<01:05, 56.67it/s] 26%|       | 1278/5000 [00:23<01:06, 56.33it/s] 26%|       | 1284/5000 [00:23<01:06, 56.08it/s] 26%|       | 1290/5000 [00:23<01:05, 56.24it/s] 26%|       | 1296/5000 [00:23<01:05, 56.14it/s] 26%|       | 1302/5000 [00:23<01:05, 56.31it/s] 26%|       | 1308/5000 [00:23<01:06, 55.78it/s] 26%|       | 1314/5000 [00:23<01:06, 55.60it/s] 26%|       | 1320/5000 [00:23<01:05, 56.09it/s] 27%|       | 1326/5000 [00:24<01:05, 56.20it/s] 27%|       | 1332/5000 [00:24<01:05, 56.05it/s] 27%|       | 1338/5000 [00:24<01:05, 56.07it/s] 27%|       | 1344/5000 [00:24<01:05, 56.04it/s] 27%|       | 1350/5000 [00:24<01:05, 55.98it/s] 27%|       | 1356/5000 [00:24<01:05, 55.90it/s] 27%|       | 1362/5000 [00:24<01:04, 56.15it/s] 27%|       | 1368/5000 [00:24<01:04, 56.46it/s] 27%|       | 1374/5000 [00:24<01:04, 56.35it/s] 28%|       | 1380/5000 [00:24<01:04, 55.89it/s] 28%|       | 1386/5000 [00:25<01:05, 55.37it/s] 28%|       | 1392/5000 [00:25<01:05, 55.46it/s] 28%|       | 1398/5000 [00:25<01:04, 55.50it/s] 28%|       | 1404/5000 [00:25<01:04, 55.57it/s] 28%|       | 1410/5000 [00:25<01:04, 55.44it/s] 28%|       | 1416/5000 [00:25<01:04, 55.61it/s] 28%|       | 1422/5000 [00:25<01:04, 55.64it/s] 29%|       | 1428/5000 [00:25<01:04, 55.66it/s] 29%|       | 1434/5000 [00:25<01:04, 55.63it/s] 29%|       | 1440/5000 [00:26<01:04, 55.40it/s] 29%|       | 1446/5000 [00:26<01:04, 55.44it/s] 29%|       | 1452/5000 [00:26<01:03, 55.68it/s] 29%|       | 1458/5000 [00:26<01:03, 55.75it/s] 29%|       | 1464/5000 [00:26<01:03, 55.46it/s] 29%|       | 1470/5000 [00:26<01:03, 55.49it/s] 30%|       | 1476/5000 [00:26<01:03, 55.49it/s] 30%|       | 1482/5000 [00:26<01:03, 55.55it/s] 30%|       | 1488/5000 [00:26<01:02, 55.99it/s] 30%|       | 1494/5000 [00:27<01:02, 55.97it/s] 30%|       | 1500/5000 [00:27<01:02, 55.79it/s] 30%|       | 1506/5000 [00:27<01:02, 55.68it/s] 30%|       | 1512/5000 [00:27<01:02, 55.66it/s] 30%|       | 1518/5000 [00:27<01:03, 55.20it/s] 30%|       | 1524/5000 [00:27<01:03, 54.81it/s] 31%|       | 1530/5000 [00:27<01:03, 55.04it/s] 31%|       | 1536/5000 [00:27<01:02, 55.08it/s] 31%|       | 1542/5000 [00:27<01:02, 54.93it/s] 31%|       | 1548/5000 [00:28<01:03, 54.58it/s] 31%|       | 1554/5000 [00:28<01:03, 54.06it/s] 31%|       | 1560/5000 [00:28<01:03, 53.96it/s] 31%|      | 1566/5000 [00:28<01:03, 54.09it/s] 31%|      | 1572/5000 [00:28<01:03, 53.99it/s] 32%|      | 1578/5000 [00:28<01:02, 54.69it/s] 32%|      | 1584/5000 [00:28<01:01, 55.21it/s] 32%|      | 1590/5000 [00:28<01:02, 55.00it/s] 32%|      | 1596/5000 [00:28<01:01, 55.03it/s] 32%|      | 1602/5000 [00:29<01:01, 55.26it/s] 32%|      | 1608/5000 [00:29<01:01, 55.24it/s] 32%|      | 1614/5000 [00:29<01:00, 55.90it/s] 32%|      | 1620/5000 [00:29<01:00, 55.43it/s] 33%|      | 1626/5000 [00:29<01:00, 55.35it/s] 33%|      | 1632/5000 [00:29<01:00, 55.89it/s] 33%|      | 1638/5000 [00:29<01:00, 55.77it/s] 33%|      | 1644/5000 [00:29<01:00, 55.59it/s] 33%|      | 1650/5000 [00:29<00:59, 55.88it/s] 33%|      | 1656/5000 [00:29<01:00, 55.61it/s] 33%|      | 1662/5000 [00:30<01:00, 54.97it/s] 33%|      | 1668/5000 [00:30<01:00, 55.28it/s] 33%|      | 1674/5000 [00:30<01:00, 55.33it/s] 34%|      | 1680/5000 [00:30<00:59, 55.55it/s] 34%|      | 1686/5000 [00:30<00:59, 55.42it/s] 34%|      | 1692/5000 [00:30<01:00, 55.11it/s] 34%|      | 1698/5000 [00:30<00:59, 55.15it/s] 34%|      | 1704/5000 [00:30<01:00, 54.80it/s] 34%|      | 1710/5000 [00:30<00:59, 55.05it/s] 34%|      | 1716/5000 [00:31<00:59, 54.94it/s] 34%|      | 1722/5000 [00:31<00:59, 55.22it/s] 35%|      | 1728/5000 [00:31<00:58, 55.57it/s] 35%|      | 1734/5000 [00:31<00:58, 56.04it/s] 35%|      | 1740/5000 [00:31<00:58, 56.10it/s] 35%|      | 1746/5000 [00:31<00:58, 55.90it/s] 35%|      | 1752/5000 [00:31<00:58, 55.76it/s] 35%|      | 1758/5000 [00:31<00:58, 55.85it/s] 35%|      | 1764/5000 [00:31<00:57, 55.92it/s] 35%|      | 1770/5000 [00:32<00:57, 55.99it/s] 36%|      | 1776/5000 [00:32<00:57, 55.73it/s] 36%|      | 1782/5000 [00:32<00:57, 55.89it/s] 36%|      | 1788/5000 [00:32<00:56, 56.55it/s] 36%|      | 1794/5000 [00:32<00:56, 56.41it/s] 36%|      | 1800/5000 [00:32<00:57, 56.09it/s] 36%|      | 1806/5000 [00:32<00:57, 55.67it/s] 36%|      | 1812/5000 [00:32<00:57, 55.62it/s] 36%|      | 1818/5000 [00:32<00:57, 55.72it/s] 36%|      | 1824/5000 [00:33<00:56, 55.79it/s] 37%|      | 1830/5000 [00:33<00:56, 55.98it/s] 37%|      | 1836/5000 [00:33<00:56, 55.89it/s] 37%|      | 1842/5000 [00:33<00:56, 56.19it/s] 37%|      | 1848/5000 [00:33<00:56, 56.02it/s] 37%|      | 1854/5000 [00:33<00:56, 55.92it/s] 37%|      | 1860/5000 [00:33<00:55, 56.09it/s] 37%|      | 1866/5000 [00:33<00:55, 56.22it/s] 37%|      | 1872/5000 [00:33<00:55, 55.88it/s] 38%|      | 1878/5000 [00:33<00:55, 55.93it/s] 38%|      | 1884/5000 [00:34<00:55, 55.73it/s] 38%|      | 1890/5000 [00:34<00:55, 55.80it/s] 38%|      | 1896/5000 [00:34<00:55, 55.57it/s] 38%|      | 1902/5000 [00:34<00:55, 55.79it/s] 38%|      | 1908/5000 [00:34<00:55, 55.96it/s] 38%|      | 1914/5000 [00:34<00:55, 56.02it/s] 38%|      | 1920/5000 [00:34<00:54, 56.01it/s] 39%|      | 1926/5000 [00:34<00:54, 55.92it/s] 39%|      | 1932/5000 [00:34<00:54, 55.97it/s] 39%|      | 1938/5000 [00:35<00:54, 56.13it/s] 39%|      | 1944/5000 [00:35<00:54, 55.66it/s] 39%|      | 1950/5000 [00:35<00:54, 55.81it/s] 39%|      | 1956/5000 [00:35<00:54, 55.74it/s] 39%|      | 1962/5000 [00:35<00:54, 55.70it/s] 39%|      | 1968/5000 [00:35<00:54, 55.81it/s] 39%|      | 1974/5000 [00:35<00:54, 55.75it/s] 40%|      | 1980/5000 [00:35<00:54, 55.49it/s] 40%|      | 1986/5000 [00:35<00:53, 55.93it/s] 40%|      | 1992/5000 [00:36<00:53, 55.87it/s] 40%|      | 1998/5000 [00:36<00:53, 55.64it/s] 40%|      | 2004/5000 [00:36<00:53, 55.68it/s] 40%|      | 2010/5000 [00:36<00:53, 55.69it/s] 40%|      | 2016/5000 [00:36<00:53, 55.80it/s] 40%|      | 2022/5000 [00:36<00:53, 55.96it/s] 41%|      | 2028/5000 [00:36<00:53, 56.04it/s] 41%|      | 2034/5000 [00:36<00:52, 56.46it/s] 41%|      | 2040/5000 [00:36<00:52, 56.23it/s] 41%|      | 2046/5000 [00:36<00:52, 56.12it/s] 41%|      | 2052/5000 [00:37<00:52, 56.16it/s] 41%|      | 2058/5000 [00:37<00:52, 56.36it/s] 41%|     | 2064/5000 [00:37<00:52, 56.43it/s] 41%|     | 2070/5000 [00:37<00:52, 56.17it/s] 42%|     | 2076/5000 [00:37<00:52, 56.06it/s] 42%|     | 2082/5000 [00:37<00:52, 56.00it/s] 42%|     | 2088/5000 [00:37<00:52, 55.76it/s] 42%|     | 2094/5000 [00:37<00:51, 56.03it/s] 42%|     | 2100/5000 [00:37<00:51, 56.03it/s] 42%|     | 2106/5000 [00:38<00:51, 56.00it/s] 42%|     | 2112/5000 [00:38<00:51, 55.61it/s] 42%|     | 2118/5000 [00:38<00:51, 55.72it/s] 42%|     | 2124/5000 [00:38<00:51, 55.86it/s] 43%|     | 2130/5000 [00:38<00:51, 55.82it/s] 43%|     | 2136/5000 [00:38<00:51, 55.84it/s] 43%|     | 2142/5000 [00:38<00:50, 56.14it/s] 43%|     | 2148/5000 [00:38<00:50, 56.30it/s] 43%|     | 2154/5000 [00:38<00:50, 56.11it/s] 43%|     | 2160/5000 [00:39<00:50, 55.77it/s] 43%|     | 2166/5000 [00:39<00:51, 55.07it/s] 43%|     | 2172/5000 [00:39<00:51, 55.05it/s] 44%|     | 2178/5000 [00:39<00:51, 54.92it/s] 44%|     | 2184/5000 [00:39<00:51, 54.73it/s] 44%|     | 2190/5000 [00:39<00:51, 54.87it/s] 44%|     | 2196/5000 [00:39<00:50, 55.13it/s] 44%|     | 2202/5000 [00:39<00:50, 55.54it/s] 44%|     | 2208/5000 [00:39<00:50, 55.70it/s] 44%|     | 2214/5000 [00:39<00:49, 55.74it/s] 44%|     | 2220/5000 [00:40<00:50, 55.50it/s] 45%|     | 2226/5000 [00:40<00:50, 55.46it/s] 45%|     | 2232/5000 [00:40<00:49, 55.84it/s] 45%|     | 2238/5000 [00:40<00:49, 55.96it/s] 45%|     | 2244/5000 [00:40<00:49, 56.10it/s] 45%|     | 2250/5000 [00:40<00:49, 55.80it/s] 45%|     | 2256/5000 [00:40<00:48, 56.07it/s] 45%|     | 2262/5000 [00:40<00:48, 56.32it/s] 45%|     | 2268/5000 [00:40<00:48, 55.90it/s] 45%|     | 2274/5000 [00:41<00:48, 56.09it/s] 46%|     | 2280/5000 [00:41<00:48, 55.84it/s] 46%|     | 2286/5000 [00:41<00:48, 55.66it/s] 46%|     | 2292/5000 [00:41<00:48, 55.62it/s] 46%|     | 2298/5000 [00:41<00:48, 55.76it/s] 46%|     | 2304/5000 [00:41<00:48, 55.71it/s] 46%|     | 2310/5000 [00:41<00:48, 55.32it/s] 46%|     | 2316/5000 [00:41<00:48, 54.90it/s] 46%|     | 2322/5000 [00:41<00:48, 55.14it/s] 47%|     | 2328/5000 [00:42<00:48, 55.37it/s] 47%|     | 2334/5000 [00:42<00:48, 55.40it/s] 47%|     | 2340/5000 [00:42<00:47, 55.47it/s] 47%|     | 2346/5000 [00:42<00:47, 55.78it/s] 47%|     | 2352/5000 [00:42<00:47, 55.83it/s] 47%|     | 2358/5000 [00:42<00:47, 55.58it/s] 47%|     | 2364/5000 [00:42<00:47, 55.96it/s] 47%|     | 2370/5000 [00:42<00:46, 56.10it/s] 48%|     | 2376/5000 [00:42<00:46, 55.87it/s] 48%|     | 2382/5000 [00:43<00:46, 55.95it/s] 48%|     | 2388/5000 [00:43<00:46, 55.90it/s] 48%|     | 2394/5000 [00:43<00:47, 55.39it/s] 48%|     | 2400/5000 [00:43<00:46, 55.83it/s] 48%|     | 2406/5000 [00:43<00:46, 55.97it/s] 48%|     | 2412/5000 [00:43<00:46, 55.70it/s] 48%|     | 2418/5000 [00:43<00:46, 55.79it/s] 48%|     | 2424/5000 [00:43<00:46, 55.89it/s] 49%|     | 2430/5000 [00:43<00:46, 55.64it/s] 49%|     | 2436/5000 [00:43<00:45, 55.81it/s] 49%|     | 2442/5000 [00:44<00:45, 55.85it/s] 49%|     | 2448/5000 [00:44<00:45, 55.73it/s] 49%|     | 2454/5000 [00:44<00:45, 55.65it/s] 49%|     | 2460/5000 [00:44<00:45, 55.70it/s] 49%|     | 2466/5000 [00:44<00:45, 55.71it/s] 49%|     | 2472/5000 [00:44<00:45, 55.70it/s] 50%|     | 2478/5000 [00:44<00:45, 55.79it/s] 50%|     | 2484/5000 [00:44<00:45, 55.65it/s] 50%|     | 2490/5000 [00:44<00:45, 55.56it/s] 50%|     | 2496/5000 [00:45<00:45, 55.59it/s] 50%|     | 2502/5000 [00:45<00:45, 54.73it/s] 50%|     | 2508/5000 [00:45<00:45, 54.78it/s] 50%|     | 2514/5000 [00:45<00:45, 54.88it/s] 50%|     | 2520/5000 [00:45<00:44, 55.16it/s] 51%|     | 2526/5000 [00:45<00:44, 55.34it/s] 51%|     | 2532/5000 [00:45<00:44, 55.49it/s] 51%|     | 2538/5000 [00:45<00:44, 55.78it/s] 51%|     | 2544/5000 [00:45<00:44, 55.56it/s] 51%|     | 2550/5000 [00:46<00:43, 55.75it/s] 51%|     | 2556/5000 [00:46<00:43, 55.68it/s] 51%|     | 2562/5000 [00:46<00:43, 55.68it/s] 51%|    | 2568/5000 [00:46<00:43, 55.48it/s] 51%|    | 2574/5000 [00:46<00:43, 55.84it/s] 52%|    | 2580/5000 [00:46<00:43, 56.08it/s] 52%|    | 2586/5000 [00:46<00:43, 55.91it/s] 52%|    | 2592/5000 [00:46<00:43, 55.75it/s] 52%|    | 2598/5000 [00:46<00:43, 55.44it/s] 52%|    | 2604/5000 [00:46<00:43, 55.14it/s] 52%|    | 2610/5000 [00:47<00:43, 55.18it/s] 52%|    | 2616/5000 [00:47<00:43, 55.36it/s] 52%|    | 2622/5000 [00:47<00:43, 55.23it/s] 53%|    | 2628/5000 [00:47<00:43, 55.04it/s] 53%|    | 2634/5000 [00:47<00:43, 54.75it/s] 53%|    | 2640/5000 [00:47<00:42, 55.12it/s] 53%|    | 2646/5000 [00:47<00:42, 55.10it/s] 53%|    | 2652/5000 [00:47<00:42, 54.95it/s] 53%|    | 2658/5000 [00:47<00:42, 54.89it/s] 53%|    | 2664/5000 [00:48<00:42, 55.17it/s] 53%|    | 2670/5000 [00:48<00:42, 55.10it/s] 54%|    | 2676/5000 [00:48<00:42, 55.12it/s] 54%|    | 2682/5000 [00:48<00:41, 55.58it/s] 54%|    | 2688/5000 [00:48<00:41, 55.85it/s] 54%|    | 2694/5000 [00:48<00:41, 55.99it/s] 54%|    | 2700/5000 [00:48<00:41, 55.76it/s] 54%|    | 2706/5000 [00:48<00:41, 55.48it/s] 54%|    | 2712/5000 [00:48<00:41, 55.37it/s] 54%|    | 2718/5000 [00:49<00:41, 55.55it/s] 54%|    | 2724/5000 [00:49<00:40, 55.63it/s] 55%|    | 2730/5000 [00:49<00:40, 55.51it/s] 55%|    | 2736/5000 [00:49<00:40, 55.48it/s] 55%|    | 2742/5000 [00:49<00:40, 55.52it/s] 55%|    | 2748/5000 [00:49<00:40, 55.27it/s] 55%|    | 2754/5000 [00:49<00:40, 55.67it/s] 55%|    | 2760/5000 [00:49<00:40, 55.82it/s] 55%|    | 2766/5000 [00:49<00:40, 55.74it/s] 55%|    | 2772/5000 [00:50<00:39, 55.76it/s] 56%|    | 2778/5000 [00:50<00:40, 55.47it/s] 56%|    | 2784/5000 [00:50<00:40, 55.27it/s] 56%|    | 2790/5000 [00:50<00:39, 55.35it/s] 56%|    | 2796/5000 [00:50<00:39, 55.59it/s] 56%|    | 2802/5000 [00:50<00:40, 54.85it/s] 56%|    | 2808/5000 [00:50<00:40, 54.42it/s] 56%|    | 2814/5000 [00:50<00:40, 54.35it/s] 56%|    | 2820/5000 [00:50<00:40, 54.38it/s] 57%|    | 2826/5000 [00:51<00:39, 54.53it/s] 57%|    | 2832/5000 [00:51<00:39, 54.39it/s] 57%|    | 2838/5000 [00:51<00:39, 54.68it/s] 57%|    | 2844/5000 [00:51<00:39, 54.70it/s] 57%|    | 2850/5000 [00:51<00:39, 54.56it/s] 57%|    | 2856/5000 [00:51<00:39, 54.46it/s] 57%|    | 2862/5000 [00:51<00:39, 54.65it/s] 57%|    | 2868/5000 [00:51<00:38, 55.34it/s] 57%|    | 2874/5000 [00:51<00:37, 56.55it/s] 58%|    | 2880/5000 [00:51<00:37, 56.50it/s] 58%|    | 2886/5000 [00:52<00:37, 56.20it/s] 58%|    | 2892/5000 [00:52<00:37, 56.11it/s] 58%|    | 2898/5000 [00:52<00:36, 57.04it/s] 58%|    | 2904/5000 [00:52<00:36, 57.70it/s] 58%|    | 2910/5000 [00:52<00:36, 57.21it/s] 58%|    | 2916/5000 [00:52<00:36, 57.33it/s] 58%|    | 2922/5000 [00:52<00:36, 56.16it/s] 59%|    | 2928/5000 [00:52<00:36, 56.20it/s] 59%|    | 2934/5000 [00:52<00:37, 55.44it/s] 59%|    | 2940/5000 [00:53<00:37, 55.03it/s] 59%|    | 2946/5000 [00:53<00:37, 54.82it/s] 59%|    | 2952/5000 [00:53<00:37, 54.87it/s] 59%|    | 2958/5000 [00:53<00:36, 55.26it/s] 59%|    | 2964/5000 [00:53<00:36, 55.35it/s] 59%|    | 2970/5000 [00:53<00:36, 55.49it/s] 60%|    | 2976/5000 [00:53<00:36, 55.16it/s] 60%|    | 2982/5000 [00:53<00:36, 54.71it/s] 60%|    | 2988/5000 [00:53<00:36, 54.69it/s] 60%|    | 2994/5000 [00:54<00:36, 55.01it/s] 60%|    | 3000/5000 [00:54<00:36, 55.01it/s] 60%|    | 3006/5000 [00:54<00:36, 55.35it/s] 60%|    | 3012/5000 [00:54<00:36, 54.94it/s] 60%|    | 3018/5000 [00:54<00:35, 55.19it/s] 60%|    | 3024/5000 [00:54<00:36, 54.73it/s] 61%|    | 3030/5000 [00:54<00:36, 54.46it/s] 61%|    | 3036/5000 [00:54<00:35, 54.69it/s] 61%|    | 3042/5000 [00:54<00:35, 54.61it/s] 61%|    | 3048/5000 [00:55<00:35, 55.38it/s] 61%|    | 3054/5000 [00:55<00:35, 55.50it/s] 61%|    | 3060/5000 [00:55<00:34, 55.61it/s] 61%|   | 3066/5000 [00:55<00:34, 55.53it/s] 61%|   | 3072/5000 [00:55<00:34, 55.88it/s] 62%|   | 3078/5000 [00:55<00:33, 56.53it/s] 62%|   | 3084/5000 [00:55<00:34, 56.09it/s] 62%|   | 3090/5000 [00:55<00:34, 55.75it/s] 62%|   | 3096/5000 [00:55<00:34, 55.32it/s] 62%|   | 3102/5000 [00:55<00:34, 55.13it/s] 62%|   | 3108/5000 [00:56<00:34, 55.31it/s] 62%|   | 3114/5000 [00:56<00:33, 55.83it/s] 62%|   | 3121/5000 [00:56<00:32, 57.12it/s] 63%|   | 3127/5000 [00:56<00:33, 56.43it/s] 63%|   | 3133/5000 [00:56<00:32, 56.70it/s] 63%|   | 3139/5000 [00:56<00:32, 56.99it/s] 63%|   | 3145/5000 [00:56<00:32, 57.15it/s] 63%|   | 3151/5000 [00:56<00:32, 56.90it/s] 63%|   | 3157/5000 [00:56<00:32, 57.00it/s] 63%|   | 3163/5000 [00:57<00:32, 57.18it/s] 63%|   | 3169/5000 [00:57<00:32, 56.68it/s] 64%|   | 3175/5000 [00:57<00:32, 56.17it/s] 64%|   | 3181/5000 [00:57<00:32, 56.20it/s] 64%|   | 3187/5000 [00:57<00:32, 56.08it/s] 64%|   | 3193/5000 [00:57<00:32, 55.92it/s] 64%|   | 3199/5000 [00:57<00:31, 56.44it/s] 64%|   | 3205/5000 [00:57<00:31, 56.29it/s] 64%|   | 3211/5000 [00:57<00:32, 55.91it/s] 64%|   | 3217/5000 [00:58<00:32, 55.65it/s] 64%|   | 3223/5000 [00:58<00:32, 55.40it/s] 65%|   | 3229/5000 [00:58<00:32, 55.03it/s] 65%|   | 3235/5000 [00:58<00:32, 54.94it/s] 65%|   | 3241/5000 [00:58<00:32, 54.89it/s] 65%|   | 3247/5000 [00:58<00:31, 54.87it/s] 65%|   | 3253/5000 [00:58<00:32, 54.04it/s] 65%|   | 3259/5000 [00:58<00:32, 54.35it/s] 65%|   | 3265/5000 [00:58<00:31, 54.28it/s] 65%|   | 3271/5000 [00:59<00:31, 54.26it/s] 66%|   | 3277/5000 [00:59<00:31, 54.41it/s] 66%|   | 3283/5000 [00:59<00:31, 53.90it/s] 66%|   | 3289/5000 [00:59<00:31, 54.23it/s] 66%|   | 3295/5000 [00:59<00:31, 54.65it/s] 66%|   | 3301/5000 [00:59<00:30, 54.83it/s] 66%|   | 3307/5000 [00:59<00:30, 55.07it/s] 66%|   | 3313/5000 [00:59<00:30, 55.35it/s] 66%|   | 3319/5000 [00:59<00:30, 55.39it/s] 66%|   | 3325/5000 [00:59<00:30, 55.82it/s] 67%|   | 3331/5000 [01:00<00:29, 55.83it/s] 67%|   | 3337/5000 [01:00<00:29, 56.05it/s] 67%|   | 3343/5000 [01:00<00:29, 55.97it/s] 67%|   | 3349/5000 [01:00<00:29, 56.04it/s] 67%|   | 3355/5000 [01:00<00:29, 56.27it/s] 67%|   | 3361/5000 [01:00<00:29, 55.76it/s] 67%|   | 3367/5000 [01:00<00:29, 55.74it/s] 67%|   | 3373/5000 [01:00<00:29, 55.80it/s] 68%|   | 3379/5000 [01:00<00:29, 55.37it/s] 68%|   | 3385/5000 [01:01<00:29, 55.07it/s] 68%|   | 3391/5000 [01:01<00:29, 54.73it/s] 68%|   | 3397/5000 [01:01<00:29, 55.05it/s] 68%|   | 3403/5000 [01:01<00:28, 55.14it/s] 68%|   | 3409/5000 [01:01<00:28, 55.00it/s] 68%|   | 3415/5000 [01:01<00:28, 54.93it/s] 68%|   | 3421/5000 [01:01<00:28, 55.24it/s] 69%|   | 3427/5000 [01:01<00:28, 55.35it/s] 69%|   | 3433/5000 [01:01<00:28, 55.51it/s] 69%|   | 3439/5000 [01:02<00:27, 56.15it/s] 69%|   | 3445/5000 [01:02<00:27, 55.95it/s] 69%|   | 3451/5000 [01:02<00:27, 55.84it/s] 69%|   | 3457/5000 [01:02<00:27, 55.83it/s] 69%|   | 3463/5000 [01:02<00:27, 56.21it/s] 69%|   | 3469/5000 [01:02<00:27, 56.07it/s] 70%|   | 3475/5000 [01:02<00:27, 56.17it/s] 70%|   | 3481/5000 [01:02<00:27, 56.20it/s] 70%|   | 3487/5000 [01:02<00:26, 56.09it/s] 70%|   | 3493/5000 [01:03<00:26, 56.15it/s] 70%|   | 3499/5000 [01:03<00:26, 56.10it/s] 70%|   | 3505/5000 [01:03<00:26, 55.50it/s] 70%|   | 3511/5000 [01:03<00:26, 55.39it/s] 70%|   | 3517/5000 [01:03<00:26, 55.47it/s] 70%|   | 3523/5000 [01:03<00:26, 55.52it/s] 71%|   | 3529/5000 [01:03<00:26, 55.66it/s] 71%|   | 3535/5000 [01:03<00:26, 55.55it/s] 71%|   | 3541/5000 [01:03<00:26, 55.27it/s] 71%|   | 3547/5000 [01:03<00:26, 55.53it/s] 71%|   | 3553/5000 [01:04<00:26, 55.57it/s] 71%|   | 3559/5000 [01:04<00:25, 55.48it/s] 71%|  | 3565/5000 [01:04<00:25, 55.44it/s] 71%|  | 3571/5000 [01:04<00:25, 55.51it/s] 72%|  | 3577/5000 [01:04<00:25, 55.92it/s] 72%|  | 3583/5000 [01:04<00:25, 56.26it/s] 72%|  | 3589/5000 [01:04<00:25, 56.31it/s] 72%|  | 3595/5000 [01:04<00:24, 56.34it/s] 72%|  | 3601/5000 [01:04<00:25, 55.79it/s] 72%|  | 3607/5000 [01:05<00:24, 56.12it/s] 72%|  | 3613/5000 [01:05<00:24, 55.54it/s] 72%|  | 3619/5000 [01:05<00:24, 55.43it/s] 72%|  | 3625/5000 [01:05<00:24, 55.34it/s] 73%|  | 3631/5000 [01:05<00:24, 55.30it/s] 73%|  | 3637/5000 [01:05<00:24, 55.21it/s] 73%|  | 3643/5000 [01:05<00:24, 55.32it/s] 73%|  | 3649/5000 [01:05<00:24, 55.53it/s] 73%|  | 3655/5000 [01:05<00:24, 55.41it/s] 73%|  | 3661/5000 [01:06<00:23, 56.69it/s] 73%|  | 3667/5000 [01:06<00:23, 56.35it/s] 73%|  | 3673/5000 [01:06<00:23, 56.25it/s] 74%|  | 3679/5000 [01:06<00:23, 55.94it/s] 74%|  | 3685/5000 [01:06<00:23, 56.13it/s] 74%|  | 3691/5000 [01:06<00:23, 55.98it/s] 74%|  | 3697/5000 [01:06<00:23, 55.58it/s] 74%|  | 3703/5000 [01:06<00:23, 55.14it/s] 74%|  | 3709/5000 [01:06<00:23, 55.17it/s] 74%|  | 3715/5000 [01:07<00:23, 55.08it/s] 74%|  | 3721/5000 [01:07<00:22, 55.88it/s] 75%|  | 3727/5000 [01:07<00:22, 55.90it/s] 75%|  | 3733/5000 [01:07<00:22, 55.88it/s] 75%|  | 3739/5000 [01:07<00:22, 55.73it/s] 75%|  | 3746/5000 [01:07<00:21, 57.35it/s] 75%|  | 3752/5000 [01:07<00:21, 57.12it/s] 75%|  | 3758/5000 [01:07<00:21, 56.77it/s] 75%|  | 3765/5000 [01:07<00:21, 58.08it/s] 75%|  | 3771/5000 [01:07<00:21, 58.31it/s] 76%|  | 3777/5000 [01:08<00:21, 57.97it/s] 76%|  | 3783/5000 [01:08<00:21, 57.27it/s] 76%|  | 3789/5000 [01:08<00:21, 56.98it/s] 76%|  | 3795/5000 [01:08<00:21, 56.94it/s] 76%|  | 3801/5000 [01:08<00:21, 56.49it/s] 76%|  | 3807/5000 [01:08<00:21, 56.32it/s] 76%|  | 3813/5000 [01:08<00:21, 56.08it/s] 76%|  | 3819/5000 [01:08<00:20, 56.47it/s] 76%|  | 3825/5000 [01:08<00:20, 56.80it/s] 77%|  | 3832/5000 [01:09<00:19, 58.82it/s] 77%|  | 3838/5000 [01:09<00:19, 58.81it/s] 77%|  | 3844/5000 [01:09<00:19, 57.87it/s] 77%|  | 3850/5000 [01:09<00:20, 57.28it/s] 77%|  | 3856/5000 [01:09<00:19, 57.64it/s] 77%|  | 3862/5000 [01:09<00:19, 57.22it/s] 77%|  | 3868/5000 [01:09<00:19, 57.18it/s] 77%|  | 3874/5000 [01:09<00:19, 57.14it/s] 78%|  | 3880/5000 [01:09<00:19, 57.26it/s] 78%|  | 3886/5000 [01:09<00:19, 56.90it/s] 78%|  | 3892/5000 [01:10<00:19, 56.84it/s] 78%|  | 3898/5000 [01:10<00:19, 56.23it/s] 78%|  | 3904/5000 [01:10<00:19, 55.83it/s] 78%|  | 3910/5000 [01:10<00:19, 55.63it/s] 78%|  | 3916/5000 [01:10<00:19, 55.58it/s] 78%|  | 3922/5000 [01:10<00:19, 55.85it/s] 79%|  | 3928/5000 [01:10<00:19, 55.92it/s] 79%|  | 3934/5000 [01:10<00:18, 56.17it/s] 79%|  | 3940/5000 [01:10<00:18, 56.20it/s] 79%|  | 3946/5000 [01:11<00:19, 55.27it/s] 79%|  | 3952/5000 [01:11<00:19, 54.81it/s] 79%|  | 3958/5000 [01:11<00:19, 54.73it/s] 79%|  | 3964/5000 [01:11<00:18, 54.57it/s] 79%|  | 3970/5000 [01:11<00:18, 54.58it/s] 80%|  | 3976/5000 [01:11<00:18, 54.72it/s] 80%|  | 3982/5000 [01:11<00:18, 55.17it/s] 80%|  | 3988/5000 [01:11<00:18, 55.42it/s] 80%|  | 3994/5000 [01:11<00:18, 55.26it/s] 80%|  | 4000/5000 [01:12<00:18, 55.52it/s] 80%|  | 4006/5000 [01:12<00:17, 55.39it/s] 80%|  | 4012/5000 [01:12<00:18, 54.83it/s] 80%|  | 4018/5000 [01:12<00:18, 54.42it/s] 80%|  | 4024/5000 [01:12<00:17, 54.58it/s] 81%|  | 4030/5000 [01:12<00:17, 54.96it/s] 81%|  | 4036/5000 [01:12<00:17, 55.25it/s] 81%|  | 4042/5000 [01:12<00:17, 55.46it/s] 81%|  | 4048/5000 [01:12<00:17, 55.28it/s] 81%|  | 4054/5000 [01:13<00:17, 55.35it/s] 81%|  | 4060/5000 [01:13<00:16, 55.63it/s] 81%| | 4066/5000 [01:13<00:16, 55.60it/s] 81%| | 4072/5000 [01:13<00:16, 55.79it/s] 82%| | 4078/5000 [01:13<00:16, 55.85it/s] 82%| | 4084/5000 [01:13<00:16, 56.05it/s] 82%| | 4090/5000 [01:13<00:16, 55.90it/s] 82%| | 4096/5000 [01:13<00:16, 55.41it/s] 82%| | 4102/5000 [01:13<00:16, 55.27it/s] 82%| | 4108/5000 [01:14<00:16, 55.72it/s] 82%| | 4114/5000 [01:14<00:15, 55.77it/s] 82%| | 4120/5000 [01:14<00:15, 55.68it/s] 83%| | 4126/5000 [01:14<00:15, 55.80it/s] 83%| | 4132/5000 [01:14<00:15, 55.86it/s] 83%| | 4138/5000 [01:14<00:15, 55.67it/s] 83%| | 4144/5000 [01:14<00:15, 55.76it/s] 83%| | 4150/5000 [01:14<00:15, 55.83it/s] 83%| | 4156/5000 [01:14<00:15, 55.93it/s] 83%| | 4162/5000 [01:14<00:14, 55.91it/s] 83%| | 4168/5000 [01:15<00:14, 55.95it/s] 83%| | 4174/5000 [01:15<00:14, 55.28it/s] 84%| | 4180/5000 [01:15<00:14, 55.85it/s] 84%| | 4186/5000 [01:15<00:14, 56.07it/s] 84%| | 4192/5000 [01:15<00:14, 56.07it/s] 84%| | 4198/5000 [01:15<00:14, 55.93it/s] 84%| | 4204/5000 [01:15<00:14, 55.52it/s] 84%| | 4210/5000 [01:15<00:14, 55.61it/s] 84%| | 4216/5000 [01:15<00:14, 55.91it/s] 84%| | 4222/5000 [01:16<00:13, 56.04it/s] 85%| | 4228/5000 [01:16<00:13, 56.28it/s] 85%| | 4234/5000 [01:16<00:13, 56.35it/s] 85%| | 4240/5000 [01:16<00:13, 56.34it/s] 85%| | 4246/5000 [01:16<00:13, 56.21it/s] 85%| | 4252/5000 [01:16<00:13, 56.11it/s] 85%| | 4258/5000 [01:16<00:13, 55.80it/s] 85%| | 4264/5000 [01:16<00:13, 55.45it/s] 85%| | 4270/5000 [01:16<00:13, 55.43it/s] 86%| | 4276/5000 [01:17<00:13, 55.68it/s] 86%| | 4282/5000 [01:17<00:12, 55.98it/s] 86%| | 4288/5000 [01:17<00:12, 56.16it/s] 86%| | 4294/5000 [01:17<00:12, 56.30it/s] 86%| | 4300/5000 [01:17<00:12, 56.52it/s] 86%| | 4306/5000 [01:17<00:12, 56.08it/s] 86%| | 4312/5000 [01:17<00:12, 55.89it/s] 86%| | 4318/5000 [01:17<00:12, 55.86it/s] 86%| | 4324/5000 [01:17<00:12, 55.78it/s] 87%| | 4330/5000 [01:17<00:12, 55.64it/s] 87%| | 4336/5000 [01:18<00:11, 55.87it/s] 87%| | 4342/5000 [01:18<00:11, 55.70it/s] 87%| | 4348/5000 [01:18<00:11, 55.51it/s] 87%| | 4354/5000 [01:18<00:11, 55.74it/s] 87%| | 4360/5000 [01:18<00:11, 56.18it/s] 87%| | 4366/5000 [01:18<00:11, 56.20it/s] 87%| | 4372/5000 [01:18<00:11, 56.53it/s] 88%| | 4378/5000 [01:18<00:11, 56.52it/s] 88%| | 4384/5000 [01:18<00:10, 56.45it/s] 88%| | 4390/5000 [01:19<00:10, 56.58it/s] 88%| | 4396/5000 [01:19<00:10, 56.48it/s] 88%| | 4402/5000 [01:19<00:10, 56.14it/s] 88%| | 4408/5000 [01:19<00:10, 55.86it/s] 88%| | 4414/5000 [01:19<00:10, 56.10it/s] 88%| | 4420/5000 [01:19<00:10, 56.08it/s] 89%| | 4426/5000 [01:19<00:10, 56.35it/s] 89%| | 4432/5000 [01:19<00:10, 56.34it/s] 89%| | 4438/5000 [01:19<00:09, 56.53it/s] 89%| | 4444/5000 [01:20<00:09, 56.29it/s] 89%| | 4450/5000 [01:20<00:09, 56.55it/s] 89%| | 4456/5000 [01:20<00:09, 56.58it/s] 89%| | 4462/5000 [01:20<00:09, 57.04it/s] 89%| | 4468/5000 [01:20<00:09, 57.23it/s] 89%| | 4474/5000 [01:20<00:09, 57.38it/s] 90%| | 4480/5000 [01:20<00:08, 58.00it/s] 90%| | 4486/5000 [01:20<00:08, 57.46it/s] 90%| | 4492/5000 [01:20<00:08, 57.03it/s] 90%| | 4498/5000 [01:20<00:08, 57.12it/s] 90%| | 4504/5000 [01:21<00:08, 56.67it/s] 90%| | 4510/5000 [01:21<00:08, 56.41it/s] 90%| | 4516/5000 [01:21<00:08, 55.92it/s] 90%| | 4522/5000 [01:21<00:08, 55.86it/s] 91%| | 4528/5000 [01:21<00:08, 56.08it/s] 91%| | 4534/5000 [01:21<00:08, 55.99it/s] 91%| | 4540/5000 [01:21<00:08, 55.97it/s] 91%| | 4546/5000 [01:21<00:08, 56.08it/s] 91%| | 4552/5000 [01:21<00:07, 56.25it/s] 91%| | 4558/5000 [01:22<00:07, 56.11it/s] 91%|| 4564/5000 [01:22<00:07, 56.22it/s] 91%|| 4570/5000 [01:22<00:07, 56.09it/s] 92%|| 4576/5000 [01:22<00:07, 56.22it/s] 92%|| 4582/5000 [01:22<00:07, 56.79it/s] 92%|| 4588/5000 [01:22<00:07, 56.88it/s] 92%|| 4594/5000 [01:22<00:07, 56.12it/s] 92%|| 4600/5000 [01:22<00:07, 56.13it/s] 92%|| 4606/5000 [01:22<00:06, 56.46it/s] 92%|| 4612/5000 [01:22<00:06, 56.13it/s] 92%|| 4618/5000 [01:23<00:06, 55.92it/s] 92%|| 4624/5000 [01:23<00:06, 56.14it/s] 93%|| 4630/5000 [01:23<00:06, 55.87it/s] 93%|| 4636/5000 [01:23<00:06, 55.62it/s] 93%|| 4642/5000 [01:23<00:06, 55.70it/s] 93%|| 4648/5000 [01:23<00:06, 55.71it/s] 93%|| 4654/5000 [01:23<00:06, 55.91it/s] 93%|| 4660/5000 [01:23<00:06, 55.57it/s] 93%|| 4666/5000 [01:23<00:05, 55.79it/s] 93%|| 4672/5000 [01:24<00:05, 55.75it/s] 94%|| 4678/5000 [01:24<00:05, 56.19it/s] 94%|| 4684/5000 [01:24<00:05, 56.08it/s] 94%|| 4690/5000 [01:24<00:05, 55.93it/s] 94%|| 4696/5000 [01:24<00:05, 55.96it/s] 94%|| 4702/5000 [01:24<00:05, 55.68it/s] 94%|| 4708/5000 [01:24<00:05, 56.03it/s] 94%|| 4714/5000 [01:24<00:05, 56.44it/s] 94%|| 4720/5000 [01:24<00:04, 56.54it/s] 95%|| 4726/5000 [01:25<00:04, 56.61it/s] 95%|| 4732/5000 [01:25<00:04, 56.72it/s] 95%|| 4738/5000 [01:25<00:04, 56.51it/s] 95%|| 4744/5000 [01:25<00:04, 56.45it/s] 95%|| 4750/5000 [01:25<00:04, 56.49it/s] 95%|| 4756/5000 [01:25<00:04, 56.54it/s] 95%|| 4762/5000 [01:25<00:04, 56.56it/s] 95%|| 4768/5000 [01:25<00:04, 56.86it/s] 95%|| 4774/5000 [01:25<00:03, 56.90it/s] 96%|| 4780/5000 [01:25<00:03, 57.11it/s] 96%|| 4786/5000 [01:26<00:03, 56.87it/s] 96%|| 4792/5000 [01:26<00:03, 56.70it/s] 96%|| 4798/5000 [01:26<00:03, 56.33it/s] 96%|| 4804/5000 [01:26<00:03, 56.45it/s] 96%|| 4810/5000 [01:26<00:03, 56.51it/s] 96%|| 4816/5000 [01:26<00:03, 56.48it/s] 96%|| 4822/5000 [01:26<00:03, 56.45it/s] 97%|| 4828/5000 [01:26<00:03, 56.52it/s] 97%|| 4834/5000 [01:26<00:02, 56.62it/s] 97%|| 4840/5000 [01:27<00:02, 56.63it/s] 97%|| 4846/5000 [01:27<00:02, 56.47it/s] 97%|| 4852/5000 [01:27<00:02, 56.51it/s] 97%|| 4858/5000 [01:27<00:02, 56.78it/s] 97%|| 4864/5000 [01:27<00:02, 56.69it/s] 97%|| 4870/5000 [01:27<00:02, 56.60it/s] 98%|| 4876/5000 [01:27<00:02, 56.58it/s] 98%|| 4882/5000 [01:27<00:02, 56.48it/s] 98%|| 4888/5000 [01:27<00:01, 56.68it/s] 98%|| 4894/5000 [01:27<00:01, 57.01it/s] 98%|| 4900/5000 [01:28<00:01, 56.96it/s] 98%|| 4906/5000 [01:28<00:01, 56.93it/s] 98%|| 4912/5000 [01:28<00:01, 56.87it/s] 98%|| 4918/5000 [01:28<00:01, 56.61it/s] 98%|| 4924/5000 [01:28<00:01, 56.39it/s] 99%|| 4930/5000 [01:28<00:01, 56.40it/s] 99%|| 4936/5000 [01:28<00:01, 55.77it/s] 99%|| 4942/5000 [01:28<00:01, 55.87it/s] 99%|| 4948/5000 [01:28<00:00, 55.85it/s] 99%|| 4954/5000 [01:29<00:00, 56.14it/s] 99%|| 4960/5000 [01:29<00:00, 56.38it/s] 99%|| 4966/5000 [01:29<00:00, 56.37it/s] 99%|| 4972/5000 [01:29<00:00, 56.69it/s]100%|| 4978/5000 [01:29<00:00, 56.43it/s]100%|| 4984/5000 [01:29<00:00, 56.36it/s]100%|| 4990/5000 [01:29<00:00, 56.41it/s]100%|| 4996/5000 [01:29<00:00, 56.77it/s]100%|| 5000/5000 [01:29<00:00, 55.65it/s]
******************** Output ********************
(10432, 1)
Saving data...
******************** Corner plot ********************
Making corner plot...
Done.
