******************** Initializing ********************
******************** Preparing inputs ********************
Setting up science...

 J124942.30+344928.9
g 9.58e-06
r 9.58e-06

 J183412.42+365655.3
g 9.58e-06
r 9.58e-06

 J181719.94+541910.0
g 9.58e-06
r 9.58e-06

 J224333.95+760619.2
g 9.58e-06
r 9.58e-06

 J120437.98+500024.0
g 9.58e-06
r 9.58e-06

 J154342.46+461233.4
g 9.58e-06
r 9.58e-06
******************************
Index 0
******************************
Index 2
******************************
Index 1
******************************
******************************
Index 4
Index 3
******************************
Index 5
GW190408_181802
Loading skymap...
******************************
Index 7
******************************
Index 6
GW190412
Loading skymap...
GW190413_052954
Loading skymap...
GW190421_213856GW190413_134308

Loading skymap...Loading skymap...

******************************
Index 8
GW190426_152155
Loading skymap...
GW190424_180648
Loading skymap...
GW190425
Loading skymap...
******************************
Index 9
GW190503_185404
Loading skymap...
******************************
Index 10
******************************
Index 11
GW190512_180714
Loading skymap...
******************************
Index 13
GW190513_205428
Loading skymap...
******************************
Index 14
GW190514_065416
Loading skymap...
GW190519_153544
Loading skymap...
GW190521
Loading skymap...
******************************
Index 15
GW190521_074359
Loading skymap...
******************************
Index 12
GW190517_055101
Loading skymap...
************************************************************

Index 17Index 18

******************************
Index 16
******************************
Index 20
GW190602_175927
GW190620_030421Loading skymap...

Loading skymap...
GW190527_092055
Loading skymap...
******************************
Index 22
GW190701_203306
Loading skymap...
GW190707_093326
Loading skymap...
******************************
Index 19
GW190630_185205
Loading skymap...
Loading flares...
Calculating background rate...
******************************
Index 23
******************************
Index 24
GW190708_232457
Loading skymap...
GW190719_215514
Loading skymap...
Loading flares...
Loading flares...
Calculating background rate...
Calculating background rate...
******************************
Index 21
GW190706_222641
Loading skymap...
Loading flares...Loading flares...

******************************
Index 25
Loading flares...
************************************************************

Index 27
Index 26
******************************
Index 28
Loading flares...
Loading flares...
Loading flares...
GW190731_140936
GW190728_064510
Loading skymap...GW190727_060333

Loading skymap...
Loading skymap...
******************************
Index 29
GW190720_000836
Loading skymap...
Loading flares...
GW190803_022701
Loading skymap...
Calculating background rate...Calculating background rate...

Calculating background rate...
Calculating background rate...
Calculating background rate...
Calculating background rate...
Calculating background rate...
************************************************************

Index 31
Index 30
GW190828_063405GW190814

Loading skymap...Loading skymap...

Loading flares...
Loading flares...
Calculating background rate...
Calculating background rate...
Loading flares...
Loading flares...
Calculating background rate...
Loading flares...
Calculating background rate...
Calculating background rate...
Loading flares...
Loading flares...
Calculating background rate...Calculating background rate...

Loading flares...
Calculating background rate...
Loading flares...
Calculating background rate...
Loading flares...
Calculating background rate...
Loading flares...Loading flares...

Loading flares...
Loading flares...
Calculating background rate...Calculating background rate...

Calculating background rate...
Loading flares...
Loading flares...
Calculating background rate...
Calculating background rate...
Calculating background rate...
Loading flares...
Loading flares...
Loading flares...
Calculating background rate...
Calculating background rate...
Calculating background rate...
Loading flares...
Loading flares...
Calculating background rate...
Calculating background rate...
Loading flares...
Calculating background rate...
WARNING: UnitsWarning: 'pct' did not parse as fits unit: At col 0, Unit 'pct' not supported by the FITS standard. Did you mean PC, PT, cT, ct, pC, pT or pc? If this is meant to be a custom unit, define it with 'u.def_unit'. To have it recognized inside a file reader or other code, enable it with 'u.add_enabled_units'. For details, see https://docs.astropy.org/en/latest/units/combining_and_defining.html [astropy.units.core]
WARNING: UnitsWarning: 'pct' did not parse as fits unit: At col 0, Unit 'pct' not supported by the FITS standard. Did you mean PC, PT, cT, ct, pC, pT or pc? If this is meant to be a custom unit, define it with 'u.def_unit'. To have it recognized inside a file reader or other code, enable it with 'u.add_enabled_units'. For details, see https://docs.astropy.org/en/latest/units/combining_and_defining.html [astropy.units.core]
WARNING: UnitsWarning: 'pct' did not parse as fits unit: At col 0, Unit 'pct' not supported by the FITS standard. Did you mean PC, PT, cT, ct, pC, pT or pc? If this is meant to be a custom unit, define it with 'u.def_unit'. To have it recognized inside a file reader or other code, enable it with 'u.add_enabled_units'. For details, see https://docs.astropy.org/en/latest/units/combining_and_defining.html [astropy.units.core]
WARNING: UnitsWarning: 'pct' did not parse as fits unit: At col 0, Unit 'pct' not supported by the FITS standard. Did you mean PC, PT, cT, ct, pC, pT or pc? If this is meant to be a custom unit, define it with 'u.def_unit'. To have it recognized inside a file reader or other code, enable it with 'u.add_enabled_units'. For details, see https://docs.astropy.org/en/latest/units/combining_and_defining.html [astropy.units.core]
WARNING: UnitsWarning: 'pct' did not parse as fits unit: At col 0, Unit 'pct' not supported by the FITS standard. Did you mean PC, PT, cT, ct, pC, pT or pc? If this is meant to be a custom unit, define it with 'u.def_unit'. To have it recognized inside a file reader or other code, enable it with 'u.add_enabled_units'. For details, see https://docs.astropy.org/en/latest/units/combining_and_defining.html [astropy.units.core]
WARNING: UnitsWarning: 'pct' did not parse as fits unit: At col 0, Unit 'pct' not supported by the FITS standard. Did you mean PC, PT, cT, ct, pC, pT or pc? If this is meant to be a custom unit, define it with 'u.def_unit'. To have it recognized inside a file reader or other code, enable it with 'u.add_enabled_units'. For details, see https://docs.astropy.org/en/latest/units/combining_and_defining.html [astropy.units.core]
WARNING: UnitsWarning: 'pct' did not parse as fits unit: At col 0, Unit 'pct' not supported by the FITS standard. Did you mean PC, PT, cT, ct, pC, pT or pc? If this is meant to be a custom unit, define it with 'u.def_unit'. To have it recognized inside a file reader or other code, enable it with 'u.add_enabled_units'. For details, see https://docs.astropy.org/en/latest/units/combining_and_defining.html [astropy.units.core]
WARNING: UnitsWarning: 'pct' did not parse as fits unit: At col 0, Unit 'pct' not supported by the FITS standard. Did you mean PC, PT, cT, ct, pC, pT or pc? If this is meant to be a custom unit, define it with 'u.def_unit'. To have it recognized inside a file reader or other code, enable it with 'u.add_enabled_units'. For details, see https://docs.astropy.org/en/latest/units/combining_and_defining.html [astropy.units.core]
WARNING: UnitsWarning: 'pct' did not parse as fits unit: At col 0, Unit 'pct' not supported by the FITS standard. Did you mean PC, PT, cT, ct, pC, pT or pc? If this is meant to be a custom unit, define it with 'u.def_unit'. To have it recognized inside a file reader or other code, enable it with 'u.add_enabled_units'. For details, see https://docs.astropy.org/en/latest/units/combining_and_defining.html [astropy.units.core]
WARNING: UnitsWarning: 'pct' did not parse as fits unit: At col 0, Unit 'pct' not supported by the FITS standard. Did you mean PC, PT, cT, ct, pC, pT or pc? If this is meant to be a custom unit, define it with 'u.def_unit'. To have it recognized inside a file reader or other code, enable it with 'u.add_enabled_units'. For details, see https://docs.astropy.org/en/latest/units/combining_and_defining.html [astropy.units.core]
WARNING: UnitsWarning: 'pct' did not parse as fits unit: At col 0, Unit 'pct' not supported by the FITS standard. Did you mean PC, PT, cT, ct, pC, pT or pc? If this is meant to be a custom unit, define it with 'u.def_unit'. To have it recognized inside a file reader or other code, enable it with 'u.add_enabled_units'. For details, see https://docs.astropy.org/en/latest/units/combining_and_defining.html [astropy.units.core]
WARNING: UnitsWarning: 'pct' did not parse as fits unit: At col 0, Unit 'pct' not supported by the FITS standard. Did you mean PC, PT, cT, ct, pC, pT or pc? If this is meant to be a custom unit, define it with 'u.def_unit'. To have it recognized inside a file reader or other code, enable it with 'u.add_enabled_units'. For details, see https://docs.astropy.org/en/latest/units/combining_and_defining.html [astropy.units.core]
WARNING: UnitsWarning: 'pct' did not parse as fits unit: At col 0, Unit 'pct' not supported by the FITS standard. Did you mean PC, PT, cT, ct, pC, pT or pc? If this is meant to be a custom unit, define it with 'u.def_unit'. To have it recognized inside a file reader or other code, enable it with 'u.add_enabled_units'. For details, see https://docs.astropy.org/en/latest/units/combining_and_defining.html [astropy.units.core]
WARNING: UnitsWarning: 'pct' did not parse as fits unit: At col 0, Unit 'pct' not supported by the FITS standard. Did you mean PC, PT, cT, ct, pC, pT or pc? If this is meant to be a custom unit, define it with 'u.def_unit'. To have it recognized inside a file reader or other code, enable it with 'u.add_enabled_units'. For details, see https://docs.astropy.org/en/latest/units/combining_and_defining.html [astropy.units.core]
WARNING: UnitsWarning: 'pct' did not parse as fits unit: At col 0, Unit 'pct' not supported by the FITS standard. Did you mean PC, PT, cT, ct, pC, pT or pc? If this is meant to be a custom unit, define it with 'u.def_unit'. To have it recognized inside a file reader or other code, enable it with 'u.add_enabled_units'. For details, see https://docs.astropy.org/en/latest/units/combining_and_defining.html [astropy.units.core]
WARNING: UnitsWarning: 'pct' did not parse as fits unit: At col 0, Unit 'pct' not supported by the FITS standard. Did you mean PC, PT, cT, ct, pC, pT or pc? If this is meant to be a custom unit, define it with 'u.def_unit'. To have it recognized inside a file reader or other code, enable it with 'u.add_enabled_units'. For details, see https://docs.astropy.org/en/latest/units/combining_and_defining.html [astropy.units.core]
WARNING: UnitsWarning: 'pct' did not parse as fits unit: At col 0, Unit 'pct' not supported by the FITS standard. Did you mean PC, PT, cT, ct, pC, pT or pc? If this is meant to be a custom unit, define it with 'u.def_unit'. To have it recognized inside a file reader or other code, enable it with 'u.add_enabled_units'. For details, see https://docs.astropy.org/en/latest/units/combining_and_defining.html [astropy.units.core]
WARNING: UnitsWarning: 'pct' did not parse as fits unit: At col 0, Unit 'pct' not supported by the FITS standard. Did you mean PC, PT, cT, ct, pC, pT or pc? If this is meant to be a custom unit, define it with 'u.def_unit'. To have it recognized inside a file reader or other code, enable it with 'u.add_enabled_units'. For details, see https://docs.astropy.org/en/latest/units/combining_and_defining.html [astropy.units.core]
WARNING: UnitsWarning: 'pct' did not parse as fits unit: At col 0, Unit 'pct' not supported by the FITS standard. Did you mean PC, PT, cT, ct, pC, pT or pc? If this is meant to be a custom unit, define it with 'u.def_unit'. To have it recognized inside a file reader or other code, enable it with 'u.add_enabled_units'. For details, see https://docs.astropy.org/en/latest/units/combining_and_defining.html [astropy.units.core]
WARNING: UnitsWarning: 'pct' did not parse as fits unit: At col 0, Unit 'pct' not supported by the FITS standard. Did you mean PC, PT, cT, ct, pC, pT or pc? If this is meant to be a custom unit, define it with 'u.def_unit'. To have it recognized inside a file reader or other code, enable it with 'u.add_enabled_units'. For details, see https://docs.astropy.org/en/latest/units/combining_and_defining.html [astropy.units.core]
WARNING: UnitsWarning: 'pct' did not parse as fits unit: At col 0, Unit 'pct' not supported by the FITS standard. Did you mean PC, PT, cT, ct, pC, pT or pc? If this is meant to be a custom unit, define it with 'u.def_unit'. To have it recognized inside a file reader or other code, enable it with 'u.add_enabled_units'. For details, see https://docs.astropy.org/en/latest/units/combining_and_defining.html [astropy.units.core]
WARNING: UnitsWarning: 'pct' did not parse as fits unit: At col 0, Unit 'pct' not supported by the FITS standard. Did you mean PC, PT, cT, ct, pC, pT or pc? If this is meant to be a custom unit, define it with 'u.def_unit'. To have it recognized inside a file reader or other code, enable it with 'u.add_enabled_units'. For details, see https://docs.astropy.org/en/latest/units/combining_and_defining.html [astropy.units.core]
WARNING: UnitsWarning: 'pct' did not parse as fits unit: At col 0, Unit 'pct' not supported by the FITS standard. Did you mean PC, PT, cT, ct, pC, pT or pc? If this is meant to be a custom unit, define it with 'u.def_unit'. To have it recognized inside a file reader or other code, enable it with 'u.add_enabled_units'. For details, see https://docs.astropy.org/en/latest/units/combining_and_defining.html [astropy.units.core]
WARNING: UnitsWarning: 'pct' did not parse as fits unit: At col 0, Unit 'pct' not supported by the FITS standard. Did you mean PC, PT, cT, ct, pC, pT or pc? If this is meant to be a custom unit, define it with 'u.def_unit'. To have it recognized inside a file reader or other code, enable it with 'u.add_enabled_units'. For details, see https://docs.astropy.org/en/latest/units/combining_and_defining.html [astropy.units.core]
WARNING: UnitsWarning: 'pct' did not parse as fits unit: At col 0, Unit 'pct' not supported by the FITS standard. Did you mean PC, PT, cT, ct, pC, pT or pc? If this is meant to be a custom unit, define it with 'u.def_unit'. To have it recognized inside a file reader or other code, enable it with 'u.add_enabled_units'. For details, see https://docs.astropy.org/en/latest/units/combining_and_defining.html [astropy.units.core]
WARNING: UnitsWarning: 'pct' did not parse as fits unit: At col 0, Unit 'pct' not supported by the FITS standard. Did you mean PC, PT, cT, ct, pC, pT or pc? If this is meant to be a custom unit, define it with 'u.def_unit'. To have it recognized inside a file reader or other code, enable it with 'u.add_enabled_units'. For details, see https://docs.astropy.org/en/latest/units/combining_and_defining.html [astropy.units.core]
WARNING: UnitsWarning: 'pct' did not parse as fits unit: At col 0, Unit 'pct' not supported by the FITS standard. Did you mean PC, PT, cT, ct, pC, pT or pc? If this is meant to be a custom unit, define it with 'u.def_unit'. To have it recognized inside a file reader or other code, enable it with 'u.add_enabled_units'. For details, see https://docs.astropy.org/en/latest/units/combining_and_defining.html [astropy.units.core]
WARNING: UnitsWarning: 'pct' did not parse as fits unit: At col 0, Unit 'pct' not supported by the FITS standard. Did you mean PC, PT, cT, ct, pC, pT or pc? If this is meant to be a custom unit, define it with 'u.def_unit'. To have it recognized inside a file reader or other code, enable it with 'u.add_enabled_units'. For details, see https://docs.astropy.org/en/latest/units/combining_and_defining.html [astropy.units.core]
WARNING: UnitsWarning: 'pct' did not parse as fits unit: At col 0, Unit 'pct' not supported by the FITS standard. Did you mean PC, PT, cT, ct, pC, pT or pc? If this is meant to be a custom unit, define it with 'u.def_unit'. To have it recognized inside a file reader or other code, enable it with 'u.add_enabled_units'. For details, see https://docs.astropy.org/en/latest/units/combining_and_defining.html [astropy.units.core]
WARNING: UnitsWarning: 'pct' did not parse as fits unit: At col 0, Unit 'pct' not supported by the FITS standard. Did you mean PC, PT, cT, ct, pC, pT or pc? If this is meant to be a custom unit, define it with 'u.def_unit'. To have it recognized inside a file reader or other code, enable it with 'u.add_enabled_units'. For details, see https://docs.astropy.org/en/latest/units/combining_and_defining.html [astropy.units.core]
WARNING: UnitsWarning: 'pct' did not parse as fits unit: At col 0, Unit 'pct' not supported by the FITS standard. Did you mean PC, PT, cT, ct, pC, pT or pc? If this is meant to be a custom unit, define it with 'u.def_unit'. To have it recognized inside a file reader or other code, enable it with 'u.add_enabled_units'. For details, see https://docs.astropy.org/en/latest/units/combining_and_defining.html [astropy.units.core]
WARNING: UnitsWarning: 'pct' did not parse as fits unit: At col 0, Unit 'pct' not supported by the FITS standard. Did you mean PC, PT, cT, ct, pC, pT or pc? If this is meant to be a custom unit, define it with 'u.def_unit'. To have it recognized inside a file reader or other code, enable it with 'u.add_enabled_units'. For details, see https://docs.astropy.org/en/latest/units/combining_and_defining.html [astropy.units.core]
******************************
Index 32
GW190828_065509
Loading skymap...
Loading flares...
Calculating background rate...
******************************
Index 33
GW190909_114149
Loading skymap...
Loading flares...
Calculating background rate...
******************************
Index 34
GW190910_112807
Loading skymap...
Loading flares...
Calculating background rate...
******************************
Index 35
GW190915_235702
Loading skymap...
Loading flares...
Calculating background rate...
******************************
Index 36
GW190924_021846
Loading skymap...
Loading flares...
Calculating background rate...
******************************
Index 37
GW190929_012149
Loading skymap...
Loading flares...
Calculating background rate...
******************************
Index 38
GW190930_133541
Loading skymap...
Loading flares...
Calculating background rate...
******************************
Index 39
GW190403_051519
Loading skymap...
Loading flares...
Calculating background rate...
******************************
Index 40
GW190426_190642
Loading skymap...
Loading flares...
Calculating background rate...
******************************
Index 41
GW190725_174728
Loading skymap...
Loading flares...
Calculating background rate...
******************************
Index 42
GW190805_211137
Loading skymap...
Loading flares...
Calculating background rate...
******************************
Index 43
GW190916_200658
Loading skymap...
Loading flares...
Calculating background rate...
******************************
Index 44
GW190917_114630
Loading skymap...
Loading flares...
Calculating background rate...
******************************
Index 45
GW190925_232845
Loading skymap...
Loading flares...
Calculating background rate...
******************************
Index 46
GW190926_050336
Loading skymap...
Loading flares...
Calculating background rate...
WARNING: UnitsWarning: 'pct' did not parse as fits unit: At col 0, Unit 'pct' not supported by the FITS standard. Did you mean PC, PT, cT, ct, pC, pT or pc? If this is meant to be a custom unit, define it with 'u.def_unit'. To have it recognized inside a file reader or other code, enable it with 'u.add_enabled_units'. For details, see https://docs.astropy.org/en/latest/units/combining_and_defining.html [astropy.units.core]
******************************
Index 47
GW191103_012549
Loading skymap...
Loading flares...
Calculating background rate...
******************************
Index 48
GW191105_143521
Loading skymap...
Loading flares...
Calculating background rate...
WARNING: UnitsWarning: 'pct' did not parse as fits unit: At col 0, Unit 'pct' not supported by the FITS standard. Did you mean PC, PT, cT, ct, pC, pT or pc? If this is meant to be a custom unit, define it with 'u.def_unit'. To have it recognized inside a file reader or other code, enable it with 'u.add_enabled_units'. For details, see https://docs.astropy.org/en/latest/units/combining_and_defining.html [astropy.units.core]
******************************
Index 49
GW191109_010717
Loading skymap...
Loading flares...
Calculating background rate...
******************************
Index 50
GW191113_071753
Loading skymap...
Loading flares...
Calculating background rate...
******************************
Index 51
GW191126_115259
Loading skymap...
Loading flares...
Calculating background rate...
******************************
Index 52
GW191127_050227
Loading skymap...
Loading flares...
Calculating background rate...
******************************
Index 53
GW191129_134029
Loading skymap...
Loading flares...
Calculating background rate...
******************************
Index 54
GW191204_110529
Loading skymap...
Loading flares...
Calculating background rate...
WARNING: UnitsWarning: 'pct' did not parse as fits unit: At col 0, Unit 'pct' not supported by the FITS standard. Did you mean PC, PT, cT, ct, pC, pT or pc? If this is meant to be a custom unit, define it with 'u.def_unit'. To have it recognized inside a file reader or other code, enable it with 'u.add_enabled_units'. For details, see https://docs.astropy.org/en/latest/units/combining_and_defining.html [astropy.units.core]
******************************
Index 55
GW191204_171526
Loading skymap...
Loading flares...
Calculating background rate...
******************************
Index 56
GW191215_223052
Loading skymap...
Loading flares...
Calculating background rate...
******************************
Index 57
GW191216_213338
Loading skymap...
******************************
Index 58
GW191219_163120
Loading skymap...
Loading flares...
Calculating background rate...
Loading flares...
Calculating background rate...
******************************
Index 59
GW191222_033537
Loading skymap...
Loading flares...
Calculating background rate...
******************************
Index 60
GW191230_180458
Loading skymap...
Loading flares...
Calculating background rate...
******************************
Index 61
GW200105_162426
Loading skymap...
Loading flares...
Calculating background rate...
WARNING: UnitsWarning: 'pct' did not parse as fits unit: At col 0, Unit 'pct' not supported by the FITS standard. Did you mean PC, PT, cT, ct, pC, pT or pc? If this is meant to be a custom unit, define it with 'u.def_unit'. To have it recognized inside a file reader or other code, enable it with 'u.add_enabled_units'. For details, see https://docs.astropy.org/en/latest/units/combining_and_defining.html [astropy.units.core]
WARNING: UnitsWarning: 'pct' did not parse as fits unit: At col 0, Unit 'pct' not supported by the FITS standard. Did you mean PC, PT, cT, ct, pC, pT or pc? If this is meant to be a custom unit, define it with 'u.def_unit'. To have it recognized inside a file reader or other code, enable it with 'u.add_enabled_units'. For details, see https://docs.astropy.org/en/latest/units/combining_and_defining.html [astropy.units.core]
******************************
Index 62
GW200112_155838
Loading skymap...
Loading flares...
Calculating background rate...
WARNING: UnitsWarning: 'pct' did not parse as fits unit: At col 0, Unit 'pct' not supported by the FITS standard. Did you mean PC, PT, cT, ct, pC, pT or pc? If this is meant to be a custom unit, define it with 'u.def_unit'. To have it recognized inside a file reader or other code, enable it with 'u.add_enabled_units'. For details, see https://docs.astropy.org/en/latest/units/combining_and_defining.html [astropy.units.core]
WARNING: UnitsWarning: 'pct' did not parse as fits unit: At col 0, Unit 'pct' not supported by the FITS standard. Did you mean PC, PT, cT, ct, pC, pT or pc? If this is meant to be a custom unit, define it with 'u.def_unit'. To have it recognized inside a file reader or other code, enable it with 'u.add_enabled_units'. For details, see https://docs.astropy.org/en/latest/units/combining_and_defining.html [astropy.units.core]
WARNING: UnitsWarning: 'pct' did not parse as fits unit: At col 0, Unit 'pct' not supported by the FITS standard. Did you mean PC, PT, cT, ct, pC, pT or pc? If this is meant to be a custom unit, define it with 'u.def_unit'. To have it recognized inside a file reader or other code, enable it with 'u.add_enabled_units'. For details, see https://docs.astropy.org/en/latest/units/combining_and_defining.html [astropy.units.core]
WARNING: UnitsWarning: 'pct' did not parse as fits unit: At col 0, Unit 'pct' not supported by the FITS standard. Did you mean PC, PT, cT, ct, pC, pT or pc? If this is meant to be a custom unit, define it with 'u.def_unit'. To have it recognized inside a file reader or other code, enable it with 'u.add_enabled_units'. For details, see https://docs.astropy.org/en/latest/units/combining_and_defining.html [astropy.units.core]
WARNING: UnitsWarning: 'pct' did not parse as fits unit: At col 0, Unit 'pct' not supported by the FITS standard. Did you mean PC, PT, cT, ct, pC, pT or pc? If this is meant to be a custom unit, define it with 'u.def_unit'. To have it recognized inside a file reader or other code, enable it with 'u.add_enabled_units'. For details, see https://docs.astropy.org/en/latest/units/combining_and_defining.html [astropy.units.core]
WARNING: UnitsWarning: 'pct' did not parse as fits unit: At col 0, Unit 'pct' not supported by the FITS standard. Did you mean PC, PT, cT, ct, pC, pT or pc? If this is meant to be a custom unit, define it with 'u.def_unit'. To have it recognized inside a file reader or other code, enable it with 'u.add_enabled_units'. For details, see https://docs.astropy.org/en/latest/units/combining_and_defining.html [astropy.units.core]
WARNING: UnitsWarning: 'pct' did not parse as fits unit: At col 0, Unit 'pct' not supported by the FITS standard. Did you mean PC, PT, cT, ct, pC, pT or pc? If this is meant to be a custom unit, define it with 'u.def_unit'. To have it recognized inside a file reader or other code, enable it with 'u.add_enabled_units'. For details, see https://docs.astropy.org/en/latest/units/combining_and_defining.html [astropy.units.core]
WARNING: UnitsWarning: 'pct' did not parse as fits unit: At col 0, Unit 'pct' not supported by the FITS standard. Did you mean PC, PT, cT, ct, pC, pT or pc? If this is meant to be a custom unit, define it with 'u.def_unit'. To have it recognized inside a file reader or other code, enable it with 'u.add_enabled_units'. For details, see https://docs.astropy.org/en/latest/units/combining_and_defining.html [astropy.units.core]
WARNING: UnitsWarning: 'pct' did not parse as fits unit: At col 0, Unit 'pct' not supported by the FITS standard. Did you mean PC, PT, cT, ct, pC, pT or pc? If this is meant to be a custom unit, define it with 'u.def_unit'. To have it recognized inside a file reader or other code, enable it with 'u.add_enabled_units'. For details, see https://docs.astropy.org/en/latest/units/combining_and_defining.html [astropy.units.core]
WARNING: UnitsWarning: 'pct' did not parse as fits unit: At col 0, Unit 'pct' not supported by the FITS standard. Did you mean PC, PT, cT, ct, pC, pT or pc? If this is meant to be a custom unit, define it with 'u.def_unit'. To have it recognized inside a file reader or other code, enable it with 'u.add_enabled_units'. For details, see https://docs.astropy.org/en/latest/units/combining_and_defining.html [astropy.units.core]
WARNING: UnitsWarning: 'pct' did not parse as fits unit: At col 0, Unit 'pct' not supported by the FITS standard. Did you mean PC, PT, cT, ct, pC, pT or pc? If this is meant to be a custom unit, define it with 'u.def_unit'. To have it recognized inside a file reader or other code, enable it with 'u.add_enabled_units'. For details, see https://docs.astropy.org/en/latest/units/combining_and_defining.html [astropy.units.core]
WARNING: UnitsWarning: 'pct' did not parse as fits unit: At col 0, Unit 'pct' not supported by the FITS standard. Did you mean PC, PT, cT, ct, pC, pT or pc? If this is meant to be a custom unit, define it with 'u.def_unit'. To have it recognized inside a file reader or other code, enable it with 'u.add_enabled_units'. For details, see https://docs.astropy.org/en/latest/units/combining_and_defining.html [astropy.units.core]
******************************
Index 63
GW200115_042309
Loading skymap...
Loading flares...
Calculating background rate...
WARNING: UnitsWarning: 'pct' did not parse as fits unit: At col 0, Unit 'pct' not supported by the FITS standard. Did you mean PC, PT, cT, ct, pC, pT or pc? If this is meant to be a custom unit, define it with 'u.def_unit'. To have it recognized inside a file reader or other code, enable it with 'u.add_enabled_units'. For details, see https://docs.astropy.org/en/latest/units/combining_and_defining.html [astropy.units.core]
WARNING: UnitsWarning: 'pct' did not parse as fits unit: At col 0, Unit 'pct' not supported by the FITS standard. Did you mean PC, PT, cT, ct, pC, pT or pc? If this is meant to be a custom unit, define it with 'u.def_unit'. To have it recognized inside a file reader or other code, enable it with 'u.add_enabled_units'. For details, see https://docs.astropy.org/en/latest/units/combining_and_defining.html [astropy.units.core]
WARNING: UnitsWarning: 'pct' did not parse as fits unit: At col 0, Unit 'pct' not supported by the FITS standard. Did you mean PC, PT, cT, ct, pC, pT or pc? If this is meant to be a custom unit, define it with 'u.def_unit'. To have it recognized inside a file reader or other code, enable it with 'u.add_enabled_units'. For details, see https://docs.astropy.org/en/latest/units/combining_and_defining.html [astropy.units.core]
WARNING: UnitsWarning: 'pct' did not parse as fits unit: At col 0, Unit 'pct' not supported by the FITS standard. Did you mean PC, PT, cT, ct, pC, pT or pc? If this is meant to be a custom unit, define it with 'u.def_unit'. To have it recognized inside a file reader or other code, enable it with 'u.add_enabled_units'. For details, see https://docs.astropy.org/en/latest/units/combining_and_defining.html [astropy.units.core]
WARNING: UnitsWarning: 'pct' did not parse as fits unit: At col 0, Unit 'pct' not supported by the FITS standard. Did you mean PC, PT, cT, ct, pC, pT or pc? If this is meant to be a custom unit, define it with 'u.def_unit'. To have it recognized inside a file reader or other code, enable it with 'u.add_enabled_units'. For details, see https://docs.astropy.org/en/latest/units/combining_and_defining.html [astropy.units.core]
WARNING: UnitsWarning: 'pct' did not parse as fits unit: At col 0, Unit 'pct' not supported by the FITS standard. Did you mean PC, PT, cT, ct, pC, pT or pc? If this is meant to be a custom unit, define it with 'u.def_unit'. To have it recognized inside a file reader or other code, enable it with 'u.add_enabled_units'. For details, see https://docs.astropy.org/en/latest/units/combining_and_defining.html [astropy.units.core]
WARNING: UnitsWarning: 'pct' did not parse as fits unit: At col 0, Unit 'pct' not supported by the FITS standard. Did you mean PC, PT, cT, ct, pC, pT or pc? If this is meant to be a custom unit, define it with 'u.def_unit'. To have it recognized inside a file reader or other code, enable it with 'u.add_enabled_units'. For details, see https://docs.astropy.org/en/latest/units/combining_and_defining.html [astropy.units.core]
WARNING: UnitsWarning: 'pct' did not parse as fits unit: At col 0, Unit 'pct' not supported by the FITS standard. Did you mean PC, PT, cT, ct, pC, pT or pc? If this is meant to be a custom unit, define it with 'u.def_unit'. To have it recognized inside a file reader or other code, enable it with 'u.add_enabled_units'. For details, see https://docs.astropy.org/en/latest/units/combining_and_defining.html [astropy.units.core]
WARNING: UnitsWarning: 'pct' did not parse as fits unit: At col 0, Unit 'pct' not supported by the FITS standard. Did you mean PC, PT, cT, ct, pC, pT or pc? If this is meant to be a custom unit, define it with 'u.def_unit'. To have it recognized inside a file reader or other code, enable it with 'u.add_enabled_units'. For details, see https://docs.astropy.org/en/latest/units/combining_and_defining.html [astropy.units.core]
WARNING: UnitsWarning: 'pct' did not parse as fits unit: At col 0, Unit 'pct' not supported by the FITS standard. Did you mean PC, PT, cT, ct, pC, pT or pc? If this is meant to be a custom unit, define it with 'u.def_unit'. To have it recognized inside a file reader or other code, enable it with 'u.add_enabled_units'. For details, see https://docs.astropy.org/en/latest/units/combining_and_defining.html [astropy.units.core]
WARNING: UnitsWarning: 'pct' did not parse as fits unit: At col 0, Unit 'pct' not supported by the FITS standard. Did you mean PC, PT, cT, ct, pC, pT or pc? If this is meant to be a custom unit, define it with 'u.def_unit'. To have it recognized inside a file reader or other code, enable it with 'u.add_enabled_units'. For details, see https://docs.astropy.org/en/latest/units/combining_and_defining.html [astropy.units.core]
WARNING: UnitsWarning: 'pct' did not parse as fits unit: At col 0, Unit 'pct' not supported by the FITS standard. Did you mean PC, PT, cT, ct, pC, pT or pc? If this is meant to be a custom unit, define it with 'u.def_unit'. To have it recognized inside a file reader or other code, enable it with 'u.add_enabled_units'. For details, see https://docs.astropy.org/en/latest/units/combining_and_defining.html [astropy.units.core]
WARNING: UnitsWarning: 'pct' did not parse as fits unit: At col 0, Unit 'pct' not supported by the FITS standard. Did you mean PC, PT, cT, ct, pC, pT or pc? If this is meant to be a custom unit, define it with 'u.def_unit'. To have it recognized inside a file reader or other code, enable it with 'u.add_enabled_units'. For details, see https://docs.astropy.org/en/latest/units/combining_and_defining.html [astropy.units.core]
WARNING: UnitsWarning: 'pct' did not parse as fits unit: At col 0, Unit 'pct' not supported by the FITS standard. Did you mean PC, PT, cT, ct, pC, pT or pc? If this is meant to be a custom unit, define it with 'u.def_unit'. To have it recognized inside a file reader or other code, enable it with 'u.add_enabled_units'. For details, see https://docs.astropy.org/en/latest/units/combining_and_defining.html [astropy.units.core]
WARNING: UnitsWarning: 'pct' did not parse as fits unit: At col 0, Unit 'pct' not supported by the FITS standard. Did you mean PC, PT, cT, ct, pC, pT or pc? If this is meant to be a custom unit, define it with 'u.def_unit'. To have it recognized inside a file reader or other code, enable it with 'u.add_enabled_units'. For details, see https://docs.astropy.org/en/latest/units/combining_and_defining.html [astropy.units.core]
******************************
Index 64
GW200128_022011
Loading skymap...
Loading flares...
Calculating background rate...
******************************
Index 65
GW200129_065458
Loading skymap...
Loading flares...
Calculating background rate...
******************************
Index 66
GW200202_154313
Loading skymap...
Loading flares...
Calculating background rate...
******************************
Index 67
GW200208_130117
Loading skymap...
Loading flares...
Calculating background rate...
******************************
Index 68
GW200208_222617
Loading skymap...
Loading flares...
Calculating background rate...
******************************
Index 69
GW200209_085452
Loading skymap...
Loading flares...
Calculating background rate...
******************************
Index 70
GW200210_092254
Loading skymap...
Loading flares...
Calculating background rate...
******************************
Index 71
GW200216_220804
Loading skymap...
Loading flares...
Calculating background rate...
******************************
Index 72
GW200219_094415
Loading skymap...
Loading flares...
Calculating background rate...
******************************
Index 73
GW200220_061928
Loading skymap...
Loading flares...
Calculating background rate...
******************************
Index 74
GW200220_124850
Loading skymap...
Loading flares...
Calculating background rate...
WARNING: UnitsWarning: 'pct' did not parse as fits unit: At col 0, Unit 'pct' not supported by the FITS standard. Did you mean PC, PT, cT, ct, pC, pT or pc? If this is meant to be a custom unit, define it with 'u.def_unit'. To have it recognized inside a file reader or other code, enable it with 'u.add_enabled_units'. For details, see https://docs.astropy.org/en/latest/units/combining_and_defining.html [astropy.units.core]
******************************
Index 75
GW200224_222234
Loading skymap...
Loading flares...
Calculating background rate...
******************************
Index 76
GW200225_060421
Loading skymap...
Loading flares...
Calculating background rate...
******************************
Index 77
GW200302_015811
Loading skymap...
Loading flares...
Calculating background rate...
******************************
Index 78
GW200306_093714
Loading skymap...
Loading flares...
Calculating background rate...
WARNING: UnitsWarning: 'pct' did not parse as fits unit: At col 0, Unit 'pct' not supported by the FITS standard. Did you mean PC, PT, cT, ct, pC, pT or pc? If this is meant to be a custom unit, define it with 'u.def_unit'. To have it recognized inside a file reader or other code, enable it with 'u.add_enabled_units'. For details, see https://docs.astropy.org/en/latest/units/combining_and_defining.html [astropy.units.core]
******************************
Index 79
GW200308_173609
Loading skymap...
Loading flares...
Calculating background rate...
******************************
Index 80
GW200311_115853
Loading skymap...
Loading flares...
Calculating background rate...
******************************
Index 81
GW200316_215756
Loading skymap...
Loading flares...
Calculating background rate...
******************************
Index 82
GW200322_091133
Loading skymap...
Loading flares...
Calculating background rate...
WARNING: UnitsWarning: 'pct' did not parse as fits unit: At col 0, Unit 'pct' not supported by the FITS standard. Did you mean PC, PT, cT, ct, pC, pT or pc? If this is meant to be a custom unit, define it with 'u.def_unit'. To have it recognized inside a file reader or other code, enable it with 'u.add_enabled_units'. For details, see https://docs.astropy.org/en/latest/units/combining_and_defining.html [astropy.units.core]
WARNING: UnitsWarning: 'pct' did not parse as fits unit: At col 0, Unit 'pct' not supported by the FITS standard. Did you mean PC, PT, cT, ct, pC, pT or pc? If this is meant to be a custom unit, define it with 'u.def_unit'. To have it recognized inside a file reader or other code, enable it with 'u.add_enabled_units'. For details, see https://docs.astropy.org/en/latest/units/combining_and_defining.html [astropy.units.core]
WARNING: UnitsWarning: 'pct' did not parse as fits unit: At col 0, Unit 'pct' not supported by the FITS standard. Did you mean PC, PT, cT, ct, pC, pT or pc? If this is meant to be a custom unit, define it with 'u.def_unit'. To have it recognized inside a file reader or other code, enable it with 'u.add_enabled_units'. For details, see https://docs.astropy.org/en/latest/units/combining_and_defining.html [astropy.units.core]
WARNING: UnitsWarning: 'pct' did not parse as fits unit: At col 0, Unit 'pct' not supported by the FITS standard. Did you mean PC, PT, cT, ct, pC, pT or pc? If this is meant to be a custom unit, define it with 'u.def_unit'. To have it recognized inside a file reader or other code, enable it with 'u.add_enabled_units'. For details, see https://docs.astropy.org/en/latest/units/combining_and_defining.html [astropy.units.core]
WARNING: UnitsWarning: 'pct' did not parse as fits unit: At col 0, Unit 'pct' not supported by the FITS standard. Did you mean PC, PT, cT, ct, pC, pT or pc? If this is meant to be a custom unit, define it with 'u.def_unit'. To have it recognized inside a file reader or other code, enable it with 'u.add_enabled_units'. For details, see https://docs.astropy.org/en/latest/units/combining_and_defining.html [astropy.units.core]
WARNING: UnitsWarning: 'pct' did not parse as fits unit: At col 0, Unit 'pct' not supported by the FITS standard. Did you mean PC, PT, cT, ct, pC, pT or pc? If this is meant to be a custom unit, define it with 'u.def_unit'. To have it recognized inside a file reader or other code, enable it with 'u.add_enabled_units'. For details, see https://docs.astropy.org/en/latest/units/combining_and_defining.html [astropy.units.core]
WARNING: UnitsWarning: 'pct' did not parse as fits unit: At col 0, Unit 'pct' not supported by the FITS standard. Did you mean PC, PT, cT, ct, pC, pT or pc? If this is meant to be a custom unit, define it with 'u.def_unit'. To have it recognized inside a file reader or other code, enable it with 'u.add_enabled_units'. For details, see https://docs.astropy.org/en/latest/units/combining_and_defining.html [astropy.units.core]
WARNING: UnitsWarning: 'pct' did not parse as fits unit: At col 0, Unit 'pct' not supported by the FITS standard. Did you mean PC, PT, cT, ct, pC, pT or pc? If this is meant to be a custom unit, define it with 'u.def_unit'. To have it recognized inside a file reader or other code, enable it with 'u.add_enabled_units'. For details, see https://docs.astropy.org/en/latest/units/combining_and_defining.html [astropy.units.core]
WARNING: UnitsWarning: 'pct' did not parse as fits unit: At col 0, Unit 'pct' not supported by the FITS standard. Did you mean PC, PT, cT, ct, pC, pT or pc? If this is meant to be a custom unit, define it with 'u.def_unit'. To have it recognized inside a file reader or other code, enable it with 'u.add_enabled_units'. For details, see https://docs.astropy.org/en/latest/units/combining_and_defining.html [astropy.units.core]
WARNING: UnitsWarning: 'pct' did not parse as fits unit: At col 0, Unit 'pct' not supported by the FITS standard. Did you mean PC, PT, cT, ct, pC, pT or pc? If this is meant to be a custom unit, define it with 'u.def_unit'. To have it recognized inside a file reader or other code, enable it with 'u.add_enabled_units'. For details, see https://docs.astropy.org/en/latest/units/combining_and_defining.html [astropy.units.core]
WARNING: UnitsWarning: 'pct' did not parse as fits unit: At col 0, Unit 'pct' not supported by the FITS standard. Did you mean PC, PT, cT, ct, pC, pT or pc? If this is meant to be a custom unit, define it with 'u.def_unit'. To have it recognized inside a file reader or other code, enable it with 'u.add_enabled_units'. For details, see https://docs.astropy.org/en/latest/units/combining_and_defining.html [astropy.units.core]
WARNING: UnitsWarning: 'pct' did not parse as fits unit: At col 0, Unit 'pct' not supported by the FITS standard. Did you mean PC, PT, cT, ct, pC, pT or pc? If this is meant to be a custom unit, define it with 'u.def_unit'. To have it recognized inside a file reader or other code, enable it with 'u.add_enabled_units'. For details, see https://docs.astropy.org/en/latest/units/combining_and_defining.html [astropy.units.core]
WARNING: UnitsWarning: 'pct' did not parse as fits unit: At col 0, Unit 'pct' not supported by the FITS standard. Did you mean PC, PT, cT, ct, pC, pT or pc? If this is meant to be a custom unit, define it with 'u.def_unit'. To have it recognized inside a file reader or other code, enable it with 'u.add_enabled_units'. For details, see https://docs.astropy.org/en/latest/units/combining_and_defining.html [astropy.units.core]
WARNING: UnitsWarning: 'pct' did not parse as fits unit: At col 0, Unit 'pct' not supported by the FITS standard. Did you mean PC, PT, cT, ct, pC, pT or pc? If this is meant to be a custom unit, define it with 'u.def_unit'. To have it recognized inside a file reader or other code, enable it with 'u.add_enabled_units'. For details, see https://docs.astropy.org/en/latest/units/combining_and_defining.html [astropy.units.core]
WARNING: UnitsWarning: 'pct' did not parse as fits unit: At col 0, Unit 'pct' not supported by the FITS standard. Did you mean PC, PT, cT, ct, pC, pT or pc? If this is meant to be a custom unit, define it with 'u.def_unit'. To have it recognized inside a file reader or other code, enable it with 'u.add_enabled_units'. For details, see https://docs.astropy.org/en/latest/units/combining_and_defining.html [astropy.units.core]
WARNING: UnitsWarning: 'pct' did not parse as fits unit: At col 0, Unit 'pct' not supported by the FITS standard. Did you mean PC, PT, cT, ct, pC, pT or pc? If this is meant to be a custom unit, define it with 'u.def_unit'. To have it recognized inside a file reader or other code, enable it with 'u.add_enabled_units'. For details, see https://docs.astropy.org/en/latest/units/combining_and_defining.html [astropy.units.core]
WARNING: UnitsWarning: 'pct' did not parse as fits unit: At col 0, Unit 'pct' not supported by the FITS standard. Did you mean PC, PT, cT, ct, pC, pT or pc? If this is meant to be a custom unit, define it with 'u.def_unit'. To have it recognized inside a file reader or other code, enable it with 'u.add_enabled_units'. For details, see https://docs.astropy.org/en/latest/units/combining_and_defining.html [astropy.units.core]
/hildafs/projects/phy220048p/tcabrera/bbhagn/mycode/ligo.skymap/ligo/skymap/postprocess/crossmatch.py:459: RuntimeWarning: invalid value encountered in subtract
  contour_dists = (hi - lo).tolist()
Calculating signal and background arrays...
******************** MCMC ********************
/hildafs/projects/phy220048p/tcabrera/bbhagn/bbhagn/utils/inference.py:68: RuntimeWarning: All-NaN slice encountered
  max_n_flares_bg = np.nanmax([np.nanmax(f) for f in n_agns if len(f) > 0])
/hildafs/projects/phy220048p/tcabrera/bbhagn/bbhagn/utils/inference.py:68: RuntimeWarning: All-NaN slice encountered
  max_n_flares_bg = np.nanmax([np.nanmax(f) for f in n_agns if len(f) > 0])
/hildafs/projects/phy220048p/tcabrera/bbhagn/bbhagn/utils/inference.py:68: RuntimeWarning: All-NaN slice encountered
  max_n_flares_bg = np.nanmax([np.nanmax(f) for f in n_agns if len(f) > 0])
/hildafs/projects/phy220048p/tcabrera/bbhagn/bbhagn/utils/inference.py:68: RuntimeWarning: All-NaN slice encountered
  max_n_flares_bg = np.nanmax([np.nanmax(f) for f in n_agns if len(f) > 0])
/hildafs/projects/phy220048p/tcabrera/bbhagn/bbhagn/utils/inference.py:68: RuntimeWarning: All-NaN slice encountered
  max_n_flares_bg = np.nanmax([np.nanmax(f) for f in n_agns if len(f) > 0])
/hildafs/projects/phy220048p/tcabrera/bbhagn/bbhagn/utils/inference.py:68: RuntimeWarning: All-NaN slice encountered
  max_n_flares_bg = np.nanmax([np.nanmax(f) for f in n_agns if len(f) > 0])
/hildafs/projects/phy220048p/tcabrera/bbhagn/bbhagn/utils/inference.py:68: RuntimeWarning: All-NaN slice encountered
  max_n_flares_bg = np.nanmax([np.nanmax(f) for f in n_agns if len(f) > 0])
/hildafs/projects/phy220048p/tcabrera/bbhagn/bbhagn/utils/inference.py:68: RuntimeWarning: All-NaN slice encountered
  max_n_flares_bg = np.nanmax([np.nanmax(f) for f in n_agns if len(f) > 0])
/hildafs/projects/phy220048p/tcabrera/bbhagn/bbhagn/utils/inference.py:68: RuntimeWarning: All-NaN slice encountered
  max_n_flares_bg = np.nanmax([np.nanmax(f) for f in n_agns if len(f) > 0])
/hildafs/projects/phy220048p/tcabrera/bbhagn/bbhagn/utils/inference.py:68: RuntimeWarning: All-NaN slice encountered
  max_n_flares_bg = np.nanmax([np.nanmax(f) for f in n_agns if len(f) > 0])
/hildafs/projects/phy220048p/tcabrera/bbhagn/bbhagn/utils/inference.py:68: RuntimeWarning: All-NaN slice encountered
  max_n_flares_bg = np.nanmax([np.nanmax(f) for f in n_agns if len(f) > 0])
/hildafs/projects/phy220048p/tcabrera/bbhagn/bbhagn/utils/inference.py:68: RuntimeWarning: All-NaN slice encountered
  max_n_flares_bg = np.nanmax([np.nanmax(f) for f in n_agns if len(f) > 0])
/hildafs/projects/phy220048p/tcabrera/bbhagn/bbhagn/utils/inference.py:68: RuntimeWarning: All-NaN slice encountered
  max_n_flares_bg = np.nanmax([np.nanmax(f) for f in n_agns if len(f) > 0])
/hildafs/projects/phy220048p/tcabrera/bbhagn/bbhagn/utils/inference.py:68: RuntimeWarning: All-NaN slice encountered
  max_n_flares_bg = np.nanmax([np.nanmax(f) for f in n_agns if len(f) > 0])
/hildafs/projects/phy220048p/tcabrera/bbhagn/bbhagn/utils/inference.py:68: RuntimeWarning: All-NaN slice encountered
  max_n_flares_bg = np.nanmax([np.nanmax(f) for f in n_agns if len(f) > 0])
/hildafs/projects/phy220048p/tcabrera/bbhagn/bbhagn/utils/inference.py:68: RuntimeWarning: All-NaN slice encountered
  max_n_flares_bg = np.nanmax([np.nanmax(f) for f in n_agns if len(f) > 0])
/hildafs/projects/phy220048p/tcabrera/bbhagn/bbhagn/utils/inference.py:68: RuntimeWarning: All-NaN slice encountered
  max_n_flares_bg = np.nanmax([np.nanmax(f) for f in n_agns if len(f) > 0])
/hildafs/projects/phy220048p/tcabrera/bbhagn/bbhagn/utils/inference.py:68: RuntimeWarning: All-NaN slice encountered
  max_n_flares_bg = np.nanmax([np.nanmax(f) for f in n_agns if len(f) > 0])
/hildafs/projects/phy220048p/tcabrera/bbhagn/bbhagn/utils/inference.py:68: RuntimeWarning: All-NaN slice encountered
  max_n_flares_bg = np.nanmax([np.nanmax(f) for f in n_agns if len(f) > 0])
/hildafs/projects/phy220048p/tcabrera/bbhagn/bbhagn/utils/inference.py:68: RuntimeWarning: All-NaN slice encountered
  max_n_flares_bg = np.nanmax([np.nanmax(f) for f in n_agns if len(f) > 0])
/hildafs/projects/phy220048p/tcabrera/bbhagn/bbhagn/utils/inference.py:68: RuntimeWarning: All-NaN slice encountered
  max_n_flares_bg = np.nanmax([np.nanmax(f) for f in n_agns if len(f) > 0])
/hildafs/projects/phy220048p/tcabrera/bbhagn/bbhagn/utils/inference.py:68: RuntimeWarning: All-NaN slice encountered
  max_n_flares_bg = np.nanmax([np.nanmax(f) for f in n_agns if len(f) > 0])
/hildafs/projects/phy220048p/tcabrera/bbhagn/bbhagn/utils/inference.py:68: RuntimeWarning: All-NaN slice encountered
  max_n_flares_bg = np.nanmax([np.nanmax(f) for f in n_agns if len(f) > 0])
/hildafs/projects/phy220048p/tcabrera/bbhagn/bbhagn/utils/inference.py:68: RuntimeWarning: All-NaN slice encountered
  max_n_flares_bg = np.nanmax([np.nanmax(f) for f in n_agns if len(f) > 0])
/hildafs/projects/phy220048p/tcabrera/bbhagn/bbhagn/utils/inference.py:68: RuntimeWarning: All-NaN slice encountered
  max_n_flares_bg = np.nanmax([np.nanmax(f) for f in n_agns if len(f) > 0])
/hildafs/projects/phy220048p/tcabrera/bbhagn/bbhagn/utils/inference.py:68: RuntimeWarning: All-NaN slice encountered
  max_n_flares_bg = np.nanmax([np.nanmax(f) for f in n_agns if len(f) > 0])
/hildafs/projects/phy220048p/tcabrera/bbhagn/bbhagn/utils/inference.py:68: RuntimeWarning: All-NaN slice encountered
  max_n_flares_bg = np.nanmax([np.nanmax(f) for f in n_agns if len(f) > 0])
/hildafs/projects/phy220048p/tcabrera/bbhagn/bbhagn/utils/inference.py:68: RuntimeWarning: All-NaN slice encountered
  max_n_flares_bg = np.nanmax([np.nanmax(f) for f in n_agns if len(f) > 0])
/hildafs/projects/phy220048p/tcabrera/bbhagn/bbhagn/utils/inference.py:68: RuntimeWarning: All-NaN slice encountered
  max_n_flares_bg = np.nanmax([np.nanmax(f) for f in n_agns if len(f) > 0])
  0%|          | 0/5000 [00:00<?, ?it/s]/hildafs/projects/phy220048p/tcabrera/bbhagn/bbhagn/utils/inference.py:68: RuntimeWarning: All-NaN slice encountered
  max_n_flares_bg = np.nanmax([np.nanmax(f) for f in n_agns if len(f) > 0])
/hildafs/projects/phy220048p/tcabrera/bbhagn/bbhagn/utils/inference.py:68: RuntimeWarning: All-NaN slice encountered
  max_n_flares_bg = np.nanmax([np.nanmax(f) for f in n_agns if len(f) > 0])
/hildafs/projects/phy220048p/tcabrera/bbhagn/bbhagn/utils/inference.py:68: RuntimeWarning: All-NaN slice encountered
  max_n_flares_bg = np.nanmax([np.nanmax(f) for f in n_agns if len(f) > 0])
  0%|          | 8/5000 [00:00<01:04, 77.69it/s]  0%|          | 18/5000 [00:00<00:55, 89.82it/s]  1%|          | 27/5000 [00:00<00:57, 87.06it/s]  1%|          | 36/5000 [00:00<00:56, 87.53it/s]  1%|          | 46/5000 [00:00<00:56, 88.16it/s]  1%|          | 55/5000 [00:00<00:55, 88.42it/s]  1%|         | 65/5000 [00:00<00:55, 89.30it/s]  1%|         | 74/5000 [00:00<00:55, 88.07it/s]  2%|         | 83/5000 [00:00<00:56, 86.40it/s]  2%|         | 93/5000 [00:01<00:55, 89.01it/s]  2%|         | 103/5000 [00:01<00:54, 90.36it/s]  2%|         | 114/5000 [00:01<00:51, 94.00it/s]  2%|         | 125/5000 [00:01<00:50, 97.03it/s]  3%|         | 136/5000 [00:01<00:49, 98.97it/s]  3%|         | 147/5000 [00:01<00:48, 100.75it/s]  3%|         | 158/5000 [00:01<00:47, 101.10it/s]  3%|         | 169/5000 [00:01<00:47, 102.41it/s]  4%|         | 180/5000 [00:01<00:47, 102.23it/s]  4%|         | 191/5000 [00:02<00:47, 102.21it/s]  4%|         | 202/5000 [00:02<00:46, 102.88it/s]  4%|         | 213/5000 [00:02<00:46, 102.62it/s]  4%|         | 224/5000 [00:02<00:46, 103.35it/s]  5%|         | 235/5000 [00:02<00:46, 103.20it/s]  5%|         | 246/5000 [00:02<00:45, 103.36it/s]  5%|         | 257/5000 [00:02<00:45, 104.02it/s]  5%|         | 268/5000 [00:02<00:45, 104.00it/s]  6%|         | 279/5000 [00:02<00:45, 103.99it/s]  6%|         | 290/5000 [00:02<00:45, 103.60it/s]  6%|         | 301/5000 [00:03<00:44, 105.35it/s]  6%|         | 312/5000 [00:03<00:45, 102.88it/s]  6%|         | 323/5000 [00:03<00:44, 104.49it/s]  7%|         | 334/5000 [00:03<00:44, 105.05it/s]  7%|         | 345/5000 [00:03<00:44, 105.20it/s]  7%|         | 356/5000 [00:03<00:43, 106.12it/s]  7%|         | 367/5000 [00:03<00:44, 104.65it/s]  8%|         | 378/5000 [00:03<00:43, 105.23it/s]  8%|         | 389/5000 [00:03<00:43, 105.20it/s]  8%|         | 400/5000 [00:04<00:43, 104.72it/s]  8%|         | 411/5000 [00:04<00:44, 103.32it/s]  8%|         | 422/5000 [00:04<00:44, 102.53it/s]  9%|         | 433/5000 [00:04<00:44, 103.05it/s]  9%|         | 444/5000 [00:04<00:44, 102.92it/s]  9%|         | 455/5000 [00:04<00:44, 102.35it/s]  9%|         | 466/5000 [00:04<00:43, 103.44it/s] 10%|         | 477/5000 [00:04<00:42, 105.24it/s] 10%|         | 488/5000 [00:04<00:42, 106.61it/s] 10%|         | 499/5000 [00:04<00:42, 105.89it/s] 10%|         | 510/5000 [00:05<00:42, 105.08it/s] 10%|         | 521/5000 [00:05<00:43, 104.14it/s] 11%|         | 532/5000 [00:05<00:42, 104.24it/s] 11%|         | 543/5000 [00:05<00:42, 105.37it/s] 11%|         | 554/5000 [00:05<00:41, 106.10it/s] 11%|        | 565/5000 [00:05<00:42, 104.63it/s] 12%|        | 576/5000 [00:05<00:42, 104.31it/s] 12%|        | 587/5000 [00:05<00:42, 104.45it/s] 12%|        | 598/5000 [00:05<00:42, 104.66it/s] 12%|        | 609/5000 [00:06<00:42, 103.97it/s] 12%|        | 620/5000 [00:06<00:41, 104.43it/s] 13%|        | 631/5000 [00:06<00:42, 103.21it/s] 13%|        | 642/5000 [00:06<00:42, 103.57it/s] 13%|        | 653/5000 [00:06<00:41, 104.42it/s] 13%|        | 664/5000 [00:06<00:41, 104.50it/s] 14%|        | 675/5000 [00:06<00:41, 104.89it/s] 14%|        | 686/5000 [00:06<00:41, 104.84it/s] 14%|        | 697/5000 [00:06<00:41, 104.04it/s] 14%|        | 708/5000 [00:06<00:41, 104.45it/s] 14%|        | 719/5000 [00:07<00:41, 103.85it/s] 15%|        | 730/5000 [00:07<00:41, 102.36it/s] 15%|        | 741/5000 [00:07<00:41, 103.49it/s] 15%|        | 752/5000 [00:07<00:40, 104.55it/s] 15%|        | 763/5000 [00:07<00:39, 106.01it/s] 16%|        | 775/5000 [00:07<00:39, 107.17it/s] 16%|        | 786/5000 [00:07<00:39, 105.39it/s] 16%|        | 797/5000 [00:07<00:40, 103.39it/s] 16%|        | 808/5000 [00:07<00:40, 102.72it/s] 16%|        | 819/5000 [00:08<00:40, 102.59it/s] 17%|        | 830/5000 [00:08<00:40, 102.74it/s] 17%|        | 841/5000 [00:08<00:40, 102.97it/s] 17%|        | 853/5000 [00:08<00:39, 104.95it/s] 17%|        | 864/5000 [00:08<00:39, 103.79it/s] 18%|        | 875/5000 [00:08<00:39, 103.34it/s] 18%|        | 886/5000 [00:08<00:39, 104.13it/s] 18%|        | 898/5000 [00:08<00:38, 105.88it/s] 18%|        | 909/5000 [00:08<00:38, 105.41it/s] 18%|        | 920/5000 [00:09<00:38, 104.92it/s] 19%|        | 931/5000 [00:09<00:38, 104.60it/s] 19%|        | 942/5000 [00:09<00:38, 104.30it/s] 19%|        | 953/5000 [00:09<00:39, 103.52it/s] 19%|        | 964/5000 [00:09<00:38, 104.12it/s] 20%|        | 975/5000 [00:09<00:38, 104.67it/s] 20%|        | 986/5000 [00:09<00:38, 104.47it/s] 20%|        | 997/5000 [00:09<00:38, 104.67it/s] 20%|        | 1008/5000 [00:09<00:38, 104.67it/s] 20%|        | 1019/5000 [00:09<00:38, 103.58it/s] 21%|        | 1030/5000 [00:10<00:38, 103.15it/s] 21%|        | 1041/5000 [00:10<00:38, 103.55it/s] 21%|        | 1052/5000 [00:10<00:37, 104.41it/s] 21%|       | 1063/5000 [00:10<00:38, 103.15it/s] 21%|       | 1074/5000 [00:10<00:38, 102.55it/s] 22%|       | 1085/5000 [00:10<00:38, 102.99it/s] 22%|       | 1096/5000 [00:10<00:37, 103.64it/s] 22%|       | 1107/5000 [00:10<00:37, 104.87it/s] 22%|       | 1118/5000 [00:10<00:37, 104.68it/s] 23%|       | 1129/5000 [00:11<00:36, 105.49it/s] 23%|       | 1140/5000 [00:11<00:36, 104.67it/s] 23%|       | 1151/5000 [00:11<00:36, 104.87it/s] 23%|       | 1162/5000 [00:11<00:36, 104.87it/s] 23%|       | 1173/5000 [00:11<00:36, 104.12it/s] 24%|       | 1184/5000 [00:11<00:36, 105.16it/s] 24%|       | 1195/5000 [00:11<00:36, 104.15it/s] 24%|       | 1206/5000 [00:11<00:36, 103.46it/s] 24%|       | 1217/5000 [00:11<00:36, 102.56it/s] 25%|       | 1228/5000 [00:11<00:36, 103.14it/s] 25%|       | 1239/5000 [00:12<00:36, 103.70it/s] 25%|       | 1251/5000 [00:12<00:35, 105.97it/s] 25%|       | 1262/5000 [00:12<00:35, 105.73it/s] 25%|       | 1273/5000 [00:12<00:35, 104.89it/s] 26%|       | 1284/5000 [00:12<00:35, 103.58it/s] 26%|       | 1295/5000 [00:12<00:35, 104.36it/s] 26%|       | 1306/5000 [00:12<00:34, 105.94it/s] 26%|       | 1317/5000 [00:12<00:35, 104.30it/s] 27%|       | 1328/5000 [00:12<00:35, 104.63it/s] 27%|       | 1339/5000 [00:13<00:34, 104.98it/s] 27%|       | 1350/5000 [00:13<00:34, 105.58it/s] 27%|       | 1361/5000 [00:13<00:34, 105.17it/s] 27%|       | 1372/5000 [00:13<00:34, 103.72it/s] 28%|       | 1383/5000 [00:13<00:35, 103.04it/s] 28%|       | 1394/5000 [00:13<00:34, 103.18it/s] 28%|       | 1405/5000 [00:13<00:35, 102.69it/s] 28%|       | 1416/5000 [00:13<00:34, 102.74it/s] 29%|       | 1427/5000 [00:13<00:34, 102.93it/s] 29%|       | 1438/5000 [00:13<00:34, 103.91it/s] 29%|       | 1449/5000 [00:14<00:33, 105.19it/s] 29%|       | 1460/5000 [00:14<00:33, 105.97it/s] 29%|       | 1471/5000 [00:14<00:33, 105.25it/s] 30%|       | 1482/5000 [00:14<00:33, 105.33it/s] 30%|       | 1494/5000 [00:14<00:32, 106.76it/s] 30%|       | 1505/5000 [00:14<00:32, 106.64it/s] 30%|       | 1516/5000 [00:14<00:32, 106.05it/s] 31%|       | 1527/5000 [00:14<00:33, 105.06it/s] 31%|       | 1538/5000 [00:14<00:32, 104.96it/s] 31%|       | 1549/5000 [00:15<00:32, 105.21it/s] 31%|       | 1560/5000 [00:15<00:32, 106.42it/s] 31%|      | 1571/5000 [00:15<00:32, 106.76it/s] 32%|      | 1582/5000 [00:15<00:32, 106.69it/s] 32%|      | 1593/5000 [00:15<00:32, 105.53it/s] 32%|      | 1604/5000 [00:15<00:32, 104.16it/s] 32%|      | 1615/5000 [00:15<00:32, 104.12it/s] 33%|      | 1626/5000 [00:15<00:32, 104.68it/s] 33%|      | 1637/5000 [00:15<00:32, 104.88it/s] 33%|      | 1648/5000 [00:15<00:32, 104.75it/s] 33%|      | 1659/5000 [00:16<00:31, 104.76it/s] 33%|      | 1670/5000 [00:16<00:32, 103.24it/s] 34%|      | 1681/5000 [00:16<00:32, 102.86it/s] 34%|      | 1692/5000 [00:16<00:32, 102.86it/s] 34%|      | 1703/5000 [00:16<00:32, 102.78it/s] 34%|      | 1714/5000 [00:16<00:32, 102.31it/s] 34%|      | 1725/5000 [00:16<00:32, 102.07it/s] 35%|      | 1736/5000 [00:16<00:31, 102.39it/s] 35%|      | 1747/5000 [00:16<00:31, 101.92it/s] 35%|      | 1758/5000 [00:17<00:31, 101.46it/s] 35%|      | 1769/5000 [00:17<00:31, 101.21it/s] 36%|      | 1780/5000 [00:17<00:31, 102.66it/s] 36%|      | 1791/5000 [00:17<00:30, 103.56it/s] 36%|      | 1802/5000 [00:17<00:31, 102.38it/s] 36%|      | 1813/5000 [00:17<00:31, 102.45it/s] 36%|      | 1824/5000 [00:17<00:31, 102.36it/s] 37%|      | 1835/5000 [00:17<00:30, 102.55it/s] 37%|      | 1846/5000 [00:17<00:30, 101.98it/s] 37%|      | 1857/5000 [00:18<00:30, 102.32it/s] 37%|      | 1868/5000 [00:18<00:30, 102.36it/s] 38%|      | 1879/5000 [00:18<00:30, 102.48it/s] 38%|      | 1890/5000 [00:18<00:30, 102.48it/s] 38%|      | 1901/5000 [00:18<00:30, 102.46it/s] 38%|      | 1912/5000 [00:18<00:30, 102.29it/s] 38%|      | 1923/5000 [00:18<00:30, 102.00it/s] 39%|      | 1934/5000 [00:18<00:30, 101.81it/s] 39%|      | 1945/5000 [00:18<00:29, 102.58it/s] 39%|      | 1956/5000 [00:18<00:29, 104.22it/s] 39%|      | 1967/5000 [00:19<00:29, 103.75it/s] 40%|      | 1978/5000 [00:19<00:29, 103.18it/s] 40%|      | 1989/5000 [00:19<00:29, 101.57it/s] 40%|      | 2000/5000 [00:19<00:29, 100.99it/s] 40%|      | 2011/5000 [00:19<00:29, 100.96it/s] 40%|      | 2022/5000 [00:19<00:29, 101.62it/s] 41%|      | 2033/5000 [00:19<00:29, 101.04it/s] 41%|      | 2044/5000 [00:19<00:29, 101.32it/s] 41%|      | 2055/5000 [00:19<00:28, 101.99it/s] 41%|     | 2066/5000 [00:20<00:28, 102.48it/s] 42%|     | 2077/5000 [00:20<00:28, 102.70it/s] 42%|     | 2088/5000 [00:20<00:28, 103.37it/s] 42%|     | 2099/5000 [00:20<00:27, 105.00it/s] 42%|     | 2110/5000 [00:20<00:27, 105.04it/s] 42%|     | 2121/5000 [00:20<00:27, 104.05it/s] 43%|     | 2132/5000 [00:20<00:27, 104.02it/s] 43%|     | 2143/5000 [00:20<00:27, 104.04it/s] 43%|     | 2154/5000 [00:20<00:27, 104.05it/s] 43%|     | 2165/5000 [00:21<00:27, 104.03it/s] 44%|     | 2176/5000 [00:21<00:27, 103.55it/s] 44%|     | 2187/5000 [00:21<00:27, 103.82it/s] 44%|     | 2198/5000 [00:21<00:27, 103.43it/s] 44%|     | 2209/5000 [00:21<00:26, 103.39it/s] 44%|     | 2220/5000 [00:21<00:26, 103.32it/s] 45%|     | 2231/5000 [00:21<00:26, 103.06it/s] 45%|     | 2242/5000 [00:21<00:27, 102.10it/s] 45%|     | 2253/5000 [00:21<00:26, 102.45it/s] 45%|     | 2264/5000 [00:21<00:26, 102.93it/s] 46%|     | 2275/5000 [00:22<00:26, 102.99it/s] 46%|     | 2286/5000 [00:22<00:26, 103.02it/s] 46%|     | 2297/5000 [00:22<00:26, 103.02it/s] 46%|     | 2308/5000 [00:22<00:26, 102.92it/s] 46%|     | 2319/5000 [00:22<00:25, 104.79it/s] 47%|     | 2330/5000 [00:22<00:25, 104.35it/s] 47%|     | 2341/5000 [00:22<00:25, 104.25it/s] 47%|     | 2352/5000 [00:22<00:25, 103.63it/s] 47%|     | 2363/5000 [00:22<00:25, 103.04it/s] 47%|     | 2374/5000 [00:23<00:25, 102.35it/s] 48%|     | 2385/5000 [00:23<00:25, 102.94it/s] 48%|     | 2396/5000 [00:23<00:25, 103.27it/s] 48%|     | 2407/5000 [00:23<00:25, 103.51it/s] 48%|     | 2418/5000 [00:23<00:24, 103.75it/s] 49%|     | 2429/5000 [00:23<00:24, 103.84it/s] 49%|     | 2440/5000 [00:23<00:24, 103.99it/s] 49%|     | 2451/5000 [00:23<00:24, 105.16it/s] 49%|     | 2462/5000 [00:23<00:24, 104.33it/s] 49%|     | 2473/5000 [00:23<00:24, 104.86it/s] 50%|     | 2484/5000 [00:24<00:24, 104.65it/s] 50%|     | 2495/5000 [00:24<00:23, 104.67it/s] 50%|     | 2506/5000 [00:24<00:23, 104.68it/s] 50%|     | 2517/5000 [00:24<00:23, 105.82it/s] 51%|     | 2528/5000 [00:24<00:23, 104.65it/s] 51%|     | 2539/5000 [00:24<00:23, 105.63it/s] 51%|     | 2550/5000 [00:24<00:23, 106.44it/s] 51%|     | 2561/5000 [00:24<00:22, 106.07it/s] 51%|    | 2572/5000 [00:24<00:22, 106.60it/s] 52%|    | 2583/5000 [00:25<00:22, 106.37it/s] 52%|    | 2594/5000 [00:25<00:22, 105.66it/s] 52%|    | 2605/5000 [00:25<00:22, 105.96it/s] 52%|    | 2616/5000 [00:25<00:22, 105.16it/s] 53%|    | 2627/5000 [00:25<00:22, 105.04it/s] 53%|    | 2638/5000 [00:25<00:22, 104.92it/s] 53%|    | 2649/5000 [00:25<00:22, 104.03it/s] 53%|    | 2660/5000 [00:25<00:22, 103.20it/s] 53%|    | 2671/5000 [00:25<00:22, 104.18it/s] 54%|    | 2682/5000 [00:25<00:22, 103.91it/s] 54%|    | 2693/5000 [00:26<00:22, 103.51it/s] 54%|    | 2704/5000 [00:26<00:22, 103.67it/s] 54%|    | 2715/5000 [00:26<00:22, 103.63it/s] 55%|    | 2726/5000 [00:26<00:21, 104.48it/s] 55%|    | 2737/5000 [00:26<00:21, 103.55it/s] 55%|    | 2748/5000 [00:26<00:21, 103.13it/s] 55%|    | 2759/5000 [00:26<00:21, 104.10it/s] 55%|    | 2770/5000 [00:26<00:21, 102.02it/s] 56%|    | 2781/5000 [00:26<00:21, 102.01it/s] 56%|    | 2792/5000 [00:27<00:21, 103.92it/s] 56%|    | 2803/5000 [00:27<00:21, 104.42it/s] 56%|    | 2814/5000 [00:27<00:20, 105.47it/s] 56%|    | 2825/5000 [00:27<00:20, 105.03it/s] 57%|    | 2836/5000 [00:27<00:20, 104.21it/s] 57%|    | 2847/5000 [00:27<00:20, 104.15it/s] 57%|    | 2858/5000 [00:27<00:20, 104.77it/s] 57%|    | 2869/5000 [00:27<00:20, 105.11it/s] 58%|    | 2880/5000 [00:27<00:20, 104.50it/s] 58%|    | 2891/5000 [00:27<00:20, 103.80it/s] 58%|    | 2902/5000 [00:28<00:20, 102.21it/s] 58%|    | 2913/5000 [00:28<00:20, 101.31it/s] 58%|    | 2924/5000 [00:28<00:20, 101.28it/s] 59%|    | 2935/5000 [00:28<00:20, 101.21it/s] 59%|    | 2946/5000 [00:28<00:20, 100.97it/s] 59%|    | 2957/5000 [00:28<00:20, 101.03it/s] 59%|    | 2968/5000 [00:28<00:19, 102.61it/s] 60%|    | 2979/5000 [00:28<00:19, 103.61it/s] 60%|    | 2990/5000 [00:28<00:19, 104.10it/s] 60%|    | 3001/5000 [00:29<00:18, 105.29it/s] 60%|    | 3012/5000 [00:29<00:18, 105.75it/s] 60%|    | 3023/5000 [00:29<00:18, 106.22it/s] 61%|    | 3034/5000 [00:29<00:18, 104.70it/s] 61%|    | 3045/5000 [00:29<00:18, 104.04it/s] 61%|    | 3056/5000 [00:29<00:18, 103.41it/s] 61%|   | 3067/5000 [00:29<00:18, 103.15it/s] 62%|   | 3078/5000 [00:29<00:18, 102.95it/s] 62%|   | 3089/5000 [00:29<00:18, 102.88it/s] 62%|   | 3100/5000 [00:30<00:18, 104.00it/s] 62%|   | 3111/5000 [00:30<00:18, 104.86it/s] 62%|   | 3122/5000 [00:30<00:18, 103.98it/s] 63%|   | 3134/5000 [00:30<00:17, 105.70it/s] 63%|   | 3145/5000 [00:30<00:17, 104.72it/s] 63%|   | 3156/5000 [00:30<00:17, 104.64it/s] 63%|   | 3167/5000 [00:30<00:17, 104.60it/s] 64%|   | 3178/5000 [00:30<00:17, 103.92it/s] 64%|   | 3189/5000 [00:30<00:17, 104.53it/s] 64%|   | 3200/5000 [00:30<00:17, 105.31it/s] 64%|   | 3211/5000 [00:31<00:16, 105.24it/s] 64%|   | 3222/5000 [00:31<00:16, 105.18it/s] 65%|   | 3233/5000 [00:31<00:16, 105.05it/s] 65%|   | 3244/5000 [00:31<00:16, 104.28it/s] 65%|   | 3255/5000 [00:31<00:16, 103.23it/s] 65%|   | 3266/5000 [00:31<00:16, 103.98it/s] 66%|   | 3277/5000 [00:31<00:16, 103.40it/s] 66%|   | 3288/5000 [00:31<00:16, 103.06it/s] 66%|   | 3299/5000 [00:31<00:16, 103.87it/s] 66%|   | 3310/5000 [00:32<00:16, 103.86it/s] 66%|   | 3321/5000 [00:32<00:16, 104.51it/s] 67%|   | 3332/5000 [00:32<00:15, 104.31it/s] 67%|   | 3343/5000 [00:32<00:15, 104.92it/s] 67%|   | 3354/5000 [00:32<00:15, 105.39it/s] 67%|   | 3365/5000 [00:32<00:15, 106.25it/s] 68%|   | 3376/5000 [00:32<00:15, 105.40it/s] 68%|   | 3387/5000 [00:32<00:15, 103.31it/s] 68%|   | 3398/5000 [00:32<00:15, 103.06it/s] 68%|   | 3409/5000 [00:32<00:15, 102.60it/s] 68%|   | 3420/5000 [00:33<00:15, 102.90it/s] 69%|   | 3431/5000 [00:33<00:15, 103.20it/s] 69%|   | 3442/5000 [00:33<00:14, 103.90it/s] 69%|   | 3453/5000 [00:33<00:14, 104.31it/s] 69%|   | 3464/5000 [00:33<00:14, 103.61it/s] 70%|   | 3475/5000 [00:33<00:14, 104.30it/s] 70%|   | 3486/5000 [00:33<00:14, 105.34it/s] 70%|   | 3497/5000 [00:33<00:14, 104.82it/s] 70%|   | 3508/5000 [00:33<00:14, 104.32it/s] 70%|   | 3519/5000 [00:34<00:14, 105.15it/s] 71%|   | 3530/5000 [00:34<00:14, 104.88it/s] 71%|   | 3541/5000 [00:34<00:14, 104.06it/s] 71%|   | 3552/5000 [00:34<00:13, 103.75it/s] 71%|  | 3563/5000 [00:34<00:13, 105.27it/s] 71%|  | 3574/5000 [00:34<00:13, 106.35it/s] 72%|  | 3585/5000 [00:34<00:13, 104.94it/s] 72%|  | 3596/5000 [00:34<00:13, 104.98it/s] 72%|  | 3607/5000 [00:34<00:13, 104.43it/s] 72%|  | 3619/5000 [00:34<00:12, 107.56it/s] 73%|  | 3630/5000 [00:35<00:12, 107.53it/s] 73%|  | 3641/5000 [00:35<00:12, 106.32it/s] 73%|  | 3652/5000 [00:35<00:12, 105.65it/s] 73%|  | 3663/5000 [00:35<00:12, 104.59it/s] 73%|  | 3674/5000 [00:35<00:12, 103.81it/s] 74%|  | 3685/5000 [00:35<00:12, 104.04it/s] 74%|  | 3696/5000 [00:35<00:12, 103.55it/s] 74%|  | 3707/5000 [00:35<00:12, 102.76it/s] 74%|  | 3718/5000 [00:35<00:12, 103.14it/s] 75%|  | 3729/5000 [00:36<00:12, 103.02it/s] 75%|  | 3740/5000 [00:36<00:12, 103.58it/s] 75%|  | 3751/5000 [00:36<00:11, 104.20it/s] 75%|  | 3762/5000 [00:36<00:11, 103.99it/s] 75%|  | 3773/5000 [00:36<00:11, 104.72it/s] 76%|  | 3784/5000 [00:36<00:11, 105.84it/s] 76%|  | 3795/5000 [00:36<00:11, 105.76it/s] 76%|  | 3806/5000 [00:36<00:11, 105.75it/s] 76%|  | 3817/5000 [00:36<00:11, 104.36it/s] 77%|  | 3828/5000 [00:36<00:11, 103.46it/s] 77%|  | 3839/5000 [00:37<00:11, 103.51it/s] 77%|  | 3850/5000 [00:37<00:11, 103.79it/s] 77%|  | 3861/5000 [00:37<00:10, 104.28it/s] 77%|  | 3872/5000 [00:37<00:10, 103.42it/s] 78%|  | 3883/5000 [00:37<00:10, 103.45it/s] 78%|  | 3894/5000 [00:37<00:10, 104.37it/s] 78%|  | 3905/5000 [00:37<00:10, 105.33it/s] 78%|  | 3916/5000 [00:37<00:10, 104.73it/s] 79%|  | 3927/5000 [00:37<00:10, 103.29it/s] 79%|  | 3938/5000 [00:38<00:10, 102.87it/s] 79%|  | 3949/5000 [00:38<00:10, 103.30it/s] 79%|  | 3960/5000 [00:38<00:10, 103.62it/s] 79%|  | 3971/5000 [00:38<00:09, 102.94it/s] 80%|  | 3982/5000 [00:38<00:09, 103.04it/s] 80%|  | 3993/5000 [00:38<00:09, 102.59it/s] 80%|  | 4004/5000 [00:38<00:09, 102.99it/s] 80%|  | 4015/5000 [00:38<00:09, 103.92it/s] 81%|  | 4026/5000 [00:38<00:09, 103.93it/s] 81%|  | 4037/5000 [00:38<00:09, 103.62it/s] 81%|  | 4048/5000 [00:39<00:09, 103.69it/s] 81%|  | 4059/5000 [00:39<00:09, 103.82it/s] 81%| | 4070/5000 [00:39<00:09, 102.68it/s] 82%| | 4081/5000 [00:39<00:08, 102.54it/s] 82%| | 4092/5000 [00:39<00:08, 102.61it/s] 82%| | 4103/5000 [00:39<00:08, 102.69it/s] 82%| | 4114/5000 [00:39<00:08, 102.34it/s] 82%| | 4125/5000 [00:39<00:08, 102.48it/s] 83%| | 4136/5000 [00:39<00:08, 102.76it/s] 83%| | 4147/5000 [00:40<00:08, 102.99it/s] 83%| | 4158/5000 [00:40<00:08, 102.78it/s] 83%| | 4169/5000 [00:40<00:08, 103.64it/s] 84%| | 4180/5000 [00:40<00:07, 103.39it/s] 84%| | 4191/5000 [00:40<00:07, 102.65it/s] 84%| | 4202/5000 [00:40<00:07, 103.15it/s] 84%| | 4213/5000 [00:40<00:07, 103.74it/s] 84%| | 4224/5000 [00:40<00:07, 104.07it/s] 85%| | 4235/5000 [00:40<00:07, 103.17it/s] 85%| | 4246/5000 [00:41<00:07, 102.88it/s] 85%| | 4257/5000 [00:41<00:07, 102.01it/s] 85%| | 4268/5000 [00:41<00:07, 102.19it/s] 86%| | 4279/5000 [00:41<00:06, 103.62it/s] 86%| | 4290/5000 [00:41<00:06, 103.90it/s] 86%| | 4301/5000 [00:41<00:06, 104.10it/s] 86%| | 4312/5000 [00:41<00:06, 104.05it/s] 86%| | 4323/5000 [00:41<00:06, 104.70it/s] 87%| | 4334/5000 [00:41<00:06, 104.93it/s] 87%| | 4345/5000 [00:41<00:06, 104.75it/s] 87%| | 4356/5000 [00:42<00:06, 104.83it/s] 87%| | 4367/5000 [00:42<00:05, 106.25it/s] 88%| | 4378/5000 [00:42<00:05, 105.20it/s] 88%| | 4389/5000 [00:42<00:05, 105.07it/s] 88%| | 4400/5000 [00:42<00:05, 104.79it/s] 88%| | 4411/5000 [00:42<00:05, 104.30it/s] 88%| | 4422/5000 [00:42<00:05, 103.81it/s] 89%| | 4433/5000 [00:42<00:05, 102.91it/s] 89%| | 4444/5000 [00:42<00:05, 102.36it/s] 89%| | 4455/5000 [00:43<00:05, 102.54it/s] 89%| | 4466/5000 [00:43<00:05, 102.64it/s] 90%| | 4477/5000 [00:43<00:05, 103.01it/s] 90%| | 4488/5000 [00:43<00:04, 102.84it/s] 90%| | 4499/5000 [00:43<00:04, 102.34it/s] 90%| | 4510/5000 [00:43<00:04, 101.45it/s] 90%| | 4521/5000 [00:43<00:04, 101.34it/s] 91%| | 4532/5000 [00:43<00:04, 103.58it/s] 91%| | 4543/5000 [00:43<00:04, 104.73it/s] 91%| | 4554/5000 [00:43<00:04, 104.61it/s] 91%|| 4565/5000 [00:44<00:04, 105.36it/s] 92%|| 4576/5000 [00:44<00:04, 105.88it/s] 92%|| 4587/5000 [00:44<00:03, 106.33it/s] 92%|| 4598/5000 [00:44<00:03, 106.88it/s] 92%|| 4610/5000 [00:44<00:03, 108.46it/s] 92%|| 4621/5000 [00:44<00:03, 108.08it/s] 93%|| 4632/5000 [00:44<00:03, 107.48it/s] 93%|| 4643/5000 [00:44<00:03, 106.42it/s] 93%|| 4654/5000 [00:44<00:03, 105.92it/s] 93%|| 4665/5000 [00:45<00:03, 104.62it/s] 94%|| 4676/5000 [00:45<00:03, 104.76it/s] 94%|| 4687/5000 [00:45<00:02, 105.25it/s] 94%|| 4698/5000 [00:45<00:02, 105.68it/s] 94%|| 4709/5000 [00:45<00:02, 106.13it/s] 94%|| 4720/5000 [00:45<00:02, 106.77it/s] 95%|| 4731/5000 [00:45<00:02, 106.66it/s] 95%|| 4742/5000 [00:45<00:02, 107.01it/s] 95%|| 4753/5000 [00:45<00:02, 106.91it/s] 95%|| 4764/5000 [00:45<00:02, 106.03it/s] 96%|| 4775/5000 [00:46<00:02, 105.99it/s] 96%|| 4786/5000 [00:46<00:01, 107.07it/s] 96%|| 4797/5000 [00:46<00:01, 107.35it/s] 96%|| 4808/5000 [00:46<00:01, 106.57it/s] 96%|| 4819/5000 [00:46<00:01, 106.02it/s] 97%|| 4831/5000 [00:46<00:01, 107.32it/s] 97%|| 4842/5000 [00:46<00:01, 106.81it/s] 97%|| 4853/5000 [00:46<00:01, 106.53it/s] 97%|| 4864/5000 [00:46<00:01, 106.32it/s] 98%|| 4875/5000 [00:47<00:01, 105.32it/s] 98%|| 4886/5000 [00:47<00:01, 104.72it/s] 98%|| 4897/5000 [00:47<00:00, 104.54it/s] 98%|| 4908/5000 [00:47<00:00, 104.50it/s] 98%|| 4919/5000 [00:47<00:00, 104.77it/s] 99%|| 4930/5000 [00:47<00:00, 105.11it/s] 99%|| 4941/5000 [00:47<00:00, 104.86it/s] 99%|| 4952/5000 [00:47<00:00, 105.09it/s] 99%|| 4963/5000 [00:47<00:00, 105.74it/s] 99%|| 4974/5000 [00:47<00:00, 106.00it/s]100%|| 4985/5000 [00:48<00:00, 105.68it/s]100%|| 4996/5000 [00:48<00:00, 105.85it/s]100%|| 5000/5000 [00:48<00:00, 103.76it/s]
******************** Output ********************
(10432, 1)
Saving data...
******************** Corner plot ********************
Making corner plot...
Done.
